#
# A fatal error has been detected by the Java Runtime Environment:
#
#  EXCEPTION_ACCESS_VIOLATION (0xc0000005) at pc=0x003a0043, pid=24492, tid=0x000007c0
#
# JRE version: Java(TM) SE Runtime Environment (8.0_211-b12) (build 1.8.0_211-b12)
# Java VM: Java HotSpot(TM) Client VM (25.211-b12 mixed mode windows-x86 )
# Problematic frame:
# C  0x003a0043
#
# Failed to write core dump. Minidumps are not enabled by default on client versions of Windows
#
# If you would like to submit a bug report, please visit:
#   http://bugreport.java.com/bugreport/crash.jsp
# The crash happened outside the Java Virtual Machine in native code.
# See problematic frame for where to report the bug.
#

---------------  T H R E A D  ---------------

Current thread (0x05927400):  JavaThread "QuantumRenderer-0" daemon [_thread_in_native, id=1984, stack(0x05e20000,0x05e70000)]

siginfo: ExceptionCode=0xc0000005, ExceptionInformation=0x00000008 0x003a0043

Registers:
EAX=0x1d2fbe48, EBX=0x00000000, ECX=0x003a0043, EDX=0x00000016
ESP=0x05e6d3bc, EBP=0x05e6d3dc, ESI=0x003a0043, EDI=0x1d304740
EIP=0x003a0043, EFLAGS=0x00010202

Top of Stack: (sp=0x05e6d3bc)
0x05e6d3bc:   6b760c98 1d2e0f70 1d2e01dc 1d304740
0x05e6d3cc:   6b784211 1d2e2678 6b7841c0 00000000
0x05e6d3dc:   05e6d418 5d86bd25 1d304740 1d2fb4d8
0x05e6d3ec:   1d2fb4dc 5d86bba0 00000000 00000000
0x05e6d3fc:   00000000 00000000 00000000 1d2fb4dc
0x05e6d40c:   1d2fb564 00000000 01316ff4 05e6d434
0x05e6d41c:   5d86baf7 00000003 1d2fb4d8 1d2fb4d8
0x05e6d42c:   1d2f86f8 1d2fb4d8 05e6d470 5d86b912 

Instructions: (pc=0x003a0043)
0x003a0023:   
[error occurred during error reporting (printing registers, top of stack, instructions near pc), id 0xc0000005]

Register to memory mapping:

EAX=0x1d2fbe48 is an unknown value
EBX=0x00000000 is an unknown value
ECX=0x003a0043 is an unknown value
EDX=0x00000016 is an unknown value
ESP=0x05e6d3bc is pointing into the stack for thread: 0x05927400
EBP=0x05e6d3dc is pointing into the stack for thread: 0x05927400
ESI=0x003a0043 is an unknown value
EDI=0x1d304740 is an unknown value


Stack: [0x05e20000,0x05e70000],  sp=0x05e6d3bc,  free space=308k
Native frames: (J=compiled Java code, j=interpreted, Vv=VM code, C=native code)
C  0x003a0043
C  0x5d86bd25
C  0x5d86baf7
C  0x5d86b912
C  0x5d86b00d
C  0x5d842d06
C  [javafx_font.dll+0x42f1]
J 2997 C1 com.sun.javafx.font.directwrite.DWGlyph.getD2DMask(FFZ)[B (687 bytes) @ 0x02f80c4c [0x02f80160+0xaec]
C  0x05e6d6ac

Java frames: (J=compiled Java code, j=interpreted, Vv=VM code)
j  com.sun.javafx.font.directwrite.OS.EndDraw(J)I+0
J 2997 C1 com.sun.javafx.font.directwrite.DWGlyph.getD2DMask(FFZ)[B (687 bytes) @ 0x02f80c4c [0x02f80160+0xaec]
j  com.sun.javafx.font.directwrite.DWGlyph.getPixelData(I)[B+94
J 2532 C1 com.sun.prism.impl.GlyphCache.getCachedGlyph(II)Lcom/sun/prism/impl/GlyphCache$GlyphData; (461 bytes) @ 0x02edd794 [0x02edd4a0+0x2f4]
J 2508 C1 com.sun.prism.impl.GlyphCache.render(Lcom/sun/prism/impl/BaseContext;Lcom/sun/javafx/scene/text/GlyphList;FFIILcom/sun/prism/paint/Color;Lcom/sun/prism/paint/Color;Lcom/sun/javafx/geom/transform/BaseTransform;Lcom/sun/javafx/geom/BaseBounds;)V (326 bytes) @ 0x02ed6a1c [0x02ed67e0+0x23c]
J 2762 C1 com.sun.prism.impl.ps.BaseShaderGraphics.drawString(Lcom/sun/javafx/scene/text/GlyphList;Lcom/sun/javafx/font/FontStrike;FFLcom/sun/prism/paint/Color;II)V (819 bytes) @ 0x02f2e720 [0x02f2cb70+0x1bb0]
J 2623 C1 com.sun.javafx.sg.prism.NGText.renderText(Lcom/sun/prism/Graphics;Lcom/sun/javafx/font/FontStrike;Lcom/sun/javafx/geom/BaseBounds;Lcom/sun/prism/paint/Color;I)V (523 bytes) @ 0x02f031f4 [0x02f02f70+0x284]
J 2768 C1 com.sun.javafx.sg.prism.NGText.renderContent2D(Lcom/sun/prism/Graphics;Z)V (355 bytes) @ 0x02f31dac [0x02f31aa0+0x30c]
J 2757 C1 com.sun.javafx.sg.prism.NGShape.renderContent(Lcom/sun/prism/Graphics;)V (458 bytes) @ 0x02f2958c [0x02f28ec0+0x6cc]
J 1453 C1 com.sun.javafx.sg.prism.NGNode.doRender(Lcom/sun/prism/Graphics;)V (473 bytes) @ 0x02d08b68 [0x02d087a0+0x3c8]
J 1452 C1 com.sun.javafx.sg.prism.NGNode.render(Lcom/sun/prism/Graphics;)V (38 bytes) @ 0x02d084e0 [0x02d08460+0x80]
J 1335 C1 com.sun.javafx.sg.prism.NGGroup.renderContent(Lcom/sun/prism/Graphics;)V (436 bytes) @ 0x02cdcc20 [0x02cdc8f0+0x330]
J 1636 C1 com.sun.javafx.sg.prism.NGRegion.renderContent(Lcom/sun/prism/Graphics;)V (115 bytes) @ 0x02d5fff4 [0x02d5fd70+0x284]
J 1453 C1 com.sun.javafx.sg.prism.NGNode.doRender(Lcom/sun/prism/Graphics;)V (473 bytes) @ 0x02d08b68 [0x02d087a0+0x3c8]
J 1452 C1 com.sun.javafx.sg.prism.NGNode.render(Lcom/sun/prism/Graphics;)V (38 bytes) @ 0x02d084e0 [0x02d08460+0x80]
J 1335 C1 com.sun.javafx.sg.prism.NGGroup.renderContent(Lcom/sun/prism/Graphics;)V (436 bytes) @ 0x02cdcc20 [0x02cdc8f0+0x330]
J 1636 C1 com.sun.javafx.sg.prism.NGRegion.renderContent(Lcom/sun/prism/Graphics;)V (115 bytes) @ 0x02d5fff4 [0x02d5fd70+0x284]
J 1453 C1 com.sun.javafx.sg.prism.NGNode.doRender(Lcom/sun/prism/Graphics;)V (473 bytes) @ 0x02d08b68 [0x02d087a0+0x3c8]
J 1452 C1 com.sun.javafx.sg.prism.NGNode.render(Lcom/sun/prism/Graphics;)V (38 bytes) @ 0x02d084e0 [0x02d08460+0x80]
J 1335 C1 com.sun.javafx.sg.prism.NGGroup.renderContent(Lcom/sun/prism/Graphics;)V (436 bytes) @ 0x02cdcc20 [0x02cdc8f0+0x330]
J 1636 C1 com.sun.javafx.sg.prism.NGRegion.renderContent(Lcom/sun/prism/Graphics;)V (115 bytes) @ 0x02d5fff4 [0x02d5fd70+0x284]
J 1453 C1 com.sun.javafx.sg.prism.NGNode.doRender(Lcom/sun/prism/Graphics;)V (473 bytes) @ 0x02d08b68 [0x02d087a0+0x3c8]
J 1452 C1 com.sun.javafx.sg.prism.NGNode.render(Lcom/sun/prism/Graphics;)V (38 bytes) @ 0x02d084e0 [0x02d08460+0x80]
J 1335 C1 com.sun.javafx.sg.prism.NGGroup.renderContent(Lcom/sun/prism/Graphics;)V (436 bytes) @ 0x02cdcc20 [0x02cdc8f0+0x330]
J 1636 C1 com.sun.javafx.sg.prism.NGRegion.renderContent(Lcom/sun/prism/Graphics;)V (115 bytes) @ 0x02d5fff4 [0x02d5fd70+0x284]
J 1453 C1 com.sun.javafx.sg.prism.NGNode.doRender(Lcom/sun/prism/Graphics;)V (473 bytes) @ 0x02d08b68 [0x02d087a0+0x3c8]
J 1452 C1 com.sun.javafx.sg.prism.NGNode.render(Lcom/sun/prism/Graphics;)V (38 bytes) @ 0x02d084e0 [0x02d08460+0x80]
J 1335 C1 com.sun.javafx.sg.prism.NGGroup.renderContent(Lcom/sun/prism/Graphics;)V (436 bytes) @ 0x02cdcc20 [0x02cdc8f0+0x330]
J 1636 C1 com.sun.javafx.sg.prism.NGRegion.renderContent(Lcom/sun/prism/Graphics;)V (115 bytes) @ 0x02d5fff4 [0x02d5fd70+0x284]
J 1453 C1 com.sun.javafx.sg.prism.NGNode.doRender(Lcom/sun/prism/Graphics;)V (473 bytes) @ 0x02d08b68 [0x02d087a0+0x3c8]
J 1452 C1 com.sun.javafx.sg.prism.NGNode.render(Lcom/sun/prism/Graphics;)V (38 bytes) @ 0x02d084e0 [0x02d08460+0x80]
J 1335 C1 com.sun.javafx.sg.prism.NGGroup.renderContent(Lcom/sun/prism/Graphics;)V (436 bytes) @ 0x02cdcc20 [0x02cdc8f0+0x330]
J 1636 C1 com.sun.javafx.sg.prism.NGRegion.renderContent(Lcom/sun/prism/Graphics;)V (115 bytes) @ 0x02d5fff4 [0x02d5fd70+0x284]
J 1453 C1 com.sun.javafx.sg.prism.NGNode.doRender(Lcom/sun/prism/Graphics;)V (473 bytes) @ 0x02d08b68 [0x02d087a0+0x3c8]
J 1452 C1 com.sun.javafx.sg.prism.NGNode.render(Lcom/sun/prism/Graphics;)V (38 bytes) @ 0x02d084e0 [0x02d08460+0x80]
j  com.sun.javafx.tk.quantum.ViewPainter.doPaint(Lcom/sun/prism/Graphics;Lcom/sun/javafx/sg/prism/NodePath;)V+201
j  com.sun.javafx.tk.quantum.ViewPainter.paintImpl(Lcom/sun/prism/Graphics;)V+953
j  com.sun.javafx.tk.quantum.UploadingPainter.run()V+719
j  java.util.concurrent.Executors$RunnableAdapter.call()Ljava/lang/Object;+4
j  java.util.concurrent.FutureTask.runAndReset$$$capture()Z+47
j  java.util.concurrent.FutureTask.runAndReset()Z+5
j  com.sun.javafx.tk.RenderJob.run()V+1
j  java.util.concurrent.ThreadPoolExecutor.runWorker(Ljava/util/concurrent/ThreadPoolExecutor$Worker;)V+95
j  java.util.concurrent.ThreadPoolExecutor$Worker.run()V+5
j  com.sun.javafx.tk.quantum.QuantumRenderer$PipelineRunnable.run()V+8
j  java.lang.Thread.run()V+11
v  ~StubRoutines::call_stub

---------------  P R O C E S S  ---------------

Java Threads: ( => current thread )
  0x20376400 JavaThread "pool-4-thread-3" [_thread_blocked, id=35676, stack(0x1e890000,0x1e8e0000)]
  0x20379000 JavaThread "pool-4-thread-2" [_thread_blocked, id=35300, stack(0x1c8f0000,0x1c940000)]
  0x20377800 JavaThread "Keep-Alive-Timer" daemon [_thread_blocked, id=36852, stack(0x1e9b0000,0x1ea00000)]
  0x20375c00 JavaThread "pool-4-thread-1" [_thread_blocked, id=33768, stack(0x1e920000,0x1e970000)]
  0x2037a400 JavaThread "RMShutdownHook" [_thread_in_native, id=23540, stack(0x240e0000,0x24130000)]
  0x20373c00 JavaThread "SIGINT handler" daemon [_thread_blocked, id=13860, stack(0x056c0000,0x05710000)]
  0x20375000 JavaThread "FarmTill" daemon [_thread_blocked, id=19000, stack(0x055a0000,0x055f0000)]
  0x20373800 JavaThread "Thread-16" daemon [_thread_blocked, id=9392, stack(0x239d0000,0x23a20000)]
  0x20379400 JavaThread "Bot-Mining Minion" daemon [_thread_in_vm, id=25980, stack(0x23ec0000,0x23f10000)]
  0x20377000 JavaThread "RMI TCP Connection(1)-10.0.0.6" daemon [_thread_in_native, id=8400, stack(0x23e30000,0x23e80000)]
  0x20375800 JavaThread "RMI Reaper" [_thread_blocked, id=11088, stack(0x23da0000,0x23df0000)]
  0x1fccc400 JavaThread "RMI TCP Accept-0" daemon [_thread_in_native, id=6168, stack(0x23d10000,0x23d60000)]
  0x1fcca000 JavaThread "GC Daemon" daemon [_thread_blocked, id=34448, stack(0x23c80000,0x23cd0000)]
  0x1fccb800 JavaThread "RMI RenewClean-[10.0.0.6:61961]" daemon [_thread_blocked, id=28840, stack(0x23bf0000,0x23c40000)]
  0x1fcc8c00 JavaThread "RMI Scheduler(0)" daemon [_thread_blocked, id=34916, stack(0x23b60000,0x23bb0000)]
  0x1fcc9000 JavaThread "Thread-13" [_thread_blocked, id=33952, stack(0x222c0000,0x22310000)]
  0x1fcca400 JavaThread "pool-2-thread-1" [_thread_in_native, id=33808, stack(0x22230000,0x22280000)]
  0x1fccb000 JavaThread "Prism Font Disposer" daemon [_thread_blocked, id=16760, stack(0x21490000,0x214e0000)]
  0x05bef800 JavaThread "AWT-EventQueue-0" [_thread_in_native, id=12044, stack(0x1fb50000,0x1fba0000)]
  0x05a8e400 JavaThread "JavaFX-Launcher" [_thread_blocked, id=34908, stack(0x1d280000,0x1d2d0000)]
  0x05948800 JavaThread "AWT-Shutdown" [_thread_blocked, id=31764, stack(0x1c860000,0x1c8b0000)]
  0x05a45000 JavaThread "Java2D Disposer" daemon [_thread_blocked, id=972, stack(0x1c7d0000,0x1c820000)]
  0x059fd000 JavaThread "Thread-2" daemon [_thread_in_native, id=30264, stack(0x1c1b0000,0x1c200000)]
  0x0594ac00 JavaThread "JavaFX Application Thread" [_thread_blocked, id=35312, stack(0x06f20000,0x06f70000)]
  0x05954000 JavaThread "Thread-1" daemon [_thread_blocked, id=35000, stack(0x06e90000,0x06ee0000)]
=>0x05927400 JavaThread "QuantumRenderer-0" daemon [_thread_in_native, id=1984, stack(0x05e20000,0x05e70000)]
  0x05087000 JavaThread "Service Thread" daemon [_thread_blocked, id=23132, stack(0x057e0000,0x05830000)]
  0x05055800 JavaThread "C1 CompilerThread0" daemon [_thread_blocked, id=23348, stack(0x05750000,0x057a0000)]
  0x04fc3000 JavaThread "JDWP Event Helper Thread" daemon [_thread_blocked, id=36476, stack(0x05630000,0x05680000)]
  0x04fc1c00 JavaThread "Attach Listener" daemon [_thread_blocked, id=27864, stack(0x05510000,0x05560000)]
  0x04fbfc00 JavaThread "Signal Dispatcher" daemon [_thread_blocked, id=20620, stack(0x05480000,0x054d0000)]
  0x04faa000 JavaThread "Finalizer" daemon [_thread_blocked, id=19840, stack(0x052f0000,0x05340000)]
  0x04f97c00 JavaThread "Reference Handler" daemon [_thread_blocked, id=8988, stack(0x05260000,0x052b0000)]
  0x028ae000 JavaThread "main" [_thread_blocked, id=33320, stack(0x026b0000,0x02700000)]

Other Threads:
  0x04f91000 VMThread [stack: 0x051d0000,0x05220000] [id=25444]
  0x0508c800 WatcherThread [stack: 0x05870000,0x058c0000] [id=36644]

VM state:not at safepoint (normal execution)

VM Mutex/Monitor currently owned by a thread: None

Heap:
 def new generation   total 36352K, used 7276K [0x07800000, 0x09f70000, 0x0cd50000)
  eden space 32320K,  13% used [0x07800000, 0x07c52300, 0x09790000)
  from space 4032K,  70% used [0x09b80000, 0x09e48e00, 0x09f70000)
  to   space 4032K,   0% used [0x09790000, 0x09790000, 0x09b80000)
 tenured generation   total 80592K, used 48355K [0x0cd50000, 0x11c04000, 0x17800000)
   the space 80592K,  59% used [0x0cd50000, 0x0fc88c28, 0x0fc88e00, 0x11c04000)
 Metaspace       used 25511K, capacity 26730K, committed 26752K, reserved 27008K

Card table byte_map: [0x04a40000,0x04ad0000] byte_map_base: 0x04a04000

Polling page: 0x00dd0000

CodeCache: size=32768Kb used=5444Kb max_used=5444Kb free=27323Kb
 bounds [0x02a40000, 0x02f98000, 0x04a40000]
 total_blobs=3451 nmethods=2977 adapters=410
 compilation: enabled

Compilation events (10 events):
Event: 26.596 Thread 0x05055800 3014             sun.reflect.ClassFileAssembler::emitConstantPoolClass (23 bytes)
Event: 26.596 Thread 0x05055800 nmethod 3014 0x02f89cc8 code [0x02f89df0, 0x02f89f84]
Event: 26.597 Thread 0x05055800 3015 %           nul.IiiIIIiiiiIII::IiIIiiiiIIiii @ 119 (463 bytes)
Event: 26.597 Thread 0x05055800 

Event: 26.597 Thread 0x05055800 3016             sun.reflect.annotation.AnnotationParser::parseParameterAnnotations2 (142 bytes)
Event: 26.598 Thread 0x05055800 nmethod 3016 0x02f8a1c8 code [0x02f8a390, 0x02f8aa28]
Event: 26.599 Thread 0x05055800 3017             nul.iiIIIiiIiIiII::iiiiIiiiIiIIi (97 bytes)
Event: 26.599 Thread 0x05055800 nmethod 3017 0x02f8b688 code [0x02f8b7d0, 0x02f8bba4]
Event: 26.609 Thread 0x05055800 3019 % !         nul.IIiiiIiiiiIIi::iiiiIiiiIiIIi @ 1000 (1302 bytes)
Event: 26.609 Thread 0x05055800 


GC Heap History (10 events):
Event: 7.368 GC heap before
{Heap before GC invocations=43 (full 5):
 def new generation   total 29888K, used 29887K [0x07800000, 0x09860000, 0x0cd50000)
  eden space 26624K, 100% used [0x07800000, 0x09200000, 0x09200000)
  from space 3264K,  99% used [0x09530000, 0x0985fff8, 0x09860000)
  to   space 3264K,   0% used [0x09200000, 0x09200000, 0x09530000)
 tenured generation   total 66200K, used 53712K [0x0cd50000, 0x10df6000, 0x17800000)
   the space 66200K,  81% used [0x0cd50000, 0x101c4350, 0x101c4400, 0x10df6000)
 Metaspace       used 22446K, capacity 23329K, committed 23424K, reserved 23936K
Event: 7.375 GC heap after
Heap after GC invocations=44 (full 5):
 def new generation   total 29888K, used 3264K [0x07800000, 0x09860000, 0x0cd50000)
  eden space 26624K,   0% used [0x07800000, 0x07800000, 0x09200000)
  from space 3264K, 100% used [0x09200000, 0x09530000, 0x09530000)
  to   space 3264K,   0% used [0x09530000, 0x09530000, 0x09860000)
 tenured generation   total 66200K, used 56641K [0x0cd50000, 0x10df6000, 0x17800000)
   the space 66200K,  85% used [0x0cd50000, 0x104a07f0, 0x104a0800, 0x10df6000)
 Metaspace       used 22446K, capacity 23329K, committed 23424K, reserved 23936K
}
Event: 7.490 GC heap before
{Heap before GC invocations=44 (full 5):
 def new generation   total 29888K, used 29888K [0x07800000, 0x09860000, 0x0cd50000)
  eden space 26624K, 100% used [0x07800000, 0x09200000, 0x09200000)
  from space 3264K, 100% used [0x09200000, 0x09530000, 0x09530000)
  to   space 3264K,   0% used [0x09530000, 0x09530000, 0x09860000)
 tenured generation   total 66200K, used 56641K [0x0cd50000, 0x10df6000, 0x17800000)
   the space 66200K,  85% used [0x0cd50000, 0x104a07f0, 0x104a0800, 0x10df6000)
 Metaspace       used 22979K, capacity 23966K, committed 24064K, reserved 24960K
Event: 7.496 GC heap after
Heap after GC invocations=45 (full 5):
 def new generation   total 29888K, used 1289K [0x07800000, 0x09860000, 0x0cd50000)
  eden space 26624K,   0% used [0x07800000, 0x07800000, 0x09200000)
  from space 3264K,  39% used [0x09530000, 0x09672798, 0x09860000)
  to   space 3264K,   0% used [0x09200000, 0x09200000, 0x09530000)
 tenured generation   total 66200K, used 59866K [0x0cd50000, 0x10df6000, 0x17800000)
   the space 66200K,  90% used [0x0cd50000, 0x107c68e0, 0x107c6a00, 0x10df6000)
 Metaspace       used 22979K, capacity 23966K, committed 24064K, reserved 24960K
}
Event: 7.630 GC heap before
{Heap before GC invocations=45 (full 5):
 def new generation   total 29888K, used 27913K [0x07800000, 0x09860000, 0x0cd50000)
  eden space 26624K, 100% used [0x07800000, 0x09200000, 0x09200000)
  from space 3264K,  39% used [0x09530000, 0x09672798, 0x09860000)
  to   space 3264K,   0% used [0x09200000, 0x09200000, 0x09530000)
 tenured generation   total 66200K, used 59866K [0x0cd50000, 0x10df6000, 0x17800000)
   the space 66200K,  90% used [0x0cd50000, 0x107c68e0, 0x107c6a00, 0x10df6000)
 Metaspace       used 23201K, capacity 24206K, committed 24320K, reserved 24960K
Event: 7.634 GC heap after
Heap after GC invocations=46 (full 5):
 def new generation   total 29888K, used 1576K [0x07800000, 0x09860000, 0x0cd50000)
  eden space 26624K,   0% used [0x07800000, 0x07800000, 0x09200000)
  from space 3264K,  48% used [0x09200000, 0x0938a398, 0x09530000)
  to   space 3264K,   0% used [0x09530000, 0x09530000, 0x09860000)
 tenured generation   total 66200K, used 59866K [0x0cd50000, 0x10df6000, 0x17800000)
   the space 66200K,  90% used [0x0cd50000, 0x107c68e0, 0x107c6a00, 0x10df6000)
 Metaspace       used 23201K, capacity 24206K, committed 24320K, reserved 24960K
}
Event: 9.774 GC heap before
{Heap before GC invocations=46 (full 5):
 def new generation   total 29888K, used 28200K [0x07800000, 0x09860000, 0x0cd50000)
  eden space 26624K, 100% used [0x07800000, 0x09200000, 0x09200000)
  from space 3264K,  48% used [0x09200000, 0x0938a398, 0x09530000)
  to   space 3264K,   0% used [0x09530000, 0x09530000, 0x09860000)
 tenured generation   total 66200K, used 59866K [0x0cd50000, 0x10df6000, 0x17800000)
   the space 66200K,  90% used [0x0cd50000, 0x107c68e0, 0x107c6a00, 0x10df6000)
 Metaspace       used 23682K, capacity 24787K, committed 24832K, reserved 24960K
Event: 9.784 GC heap after
Heap after GC invocations=47 (full 5):
 def new generation   total 29888K, used 3264K [0x07800000, 0x09860000, 0x0cd50000)
  eden space 26624K,   0% used [0x07800000, 0x07800000, 0x09200000)
  from space 3264K, 100% used [0x09530000, 0x09860000, 0x09860000)
  to   space 3264K,   0% used [0x09200000, 0x09200000, 0x09530000)
 tenured generation   total 66200K, used 63317K [0x0cd50000, 0x10df6000, 0x17800000)
   the space 66200K,  95% used [0x0cd50000, 0x10b25460, 0x10b25600, 0x10df6000)
 Metaspace       used 23682K, capacity 24787K, committed 24832K, reserved 24960K
}
Event: 12.983 GC heap before
{Heap before GC invocations=47 (full 5):
 def new generation   total 29888K, used 29888K [0x07800000, 0x09860000, 0x0cd50000)
  eden space 26624K, 100% used [0x07800000, 0x09200000, 0x09200000)
  from space 3264K, 100% used [0x09530000, 0x09860000, 0x09860000)
  to   space 3264K,   0% used [0x09200000, 0x09200000, 0x09530000)
 tenured generation   total 66200K, used 63317K [0x0cd50000, 0x10df6000, 0x17800000)
   the space 66200K,  95% used [0x0cd50000, 0x10b25460, 0x10b25600, 0x10df6000)
 Metaspace       used 24614K, capacity 25741K, committed 25856K, reserved 25984K
Event: 13.036 GC heap after
Heap after GC invocations=48 (full 6):
 def new generation   total 36352K, used 0K [0x07800000, 0x09f70000, 0x0cd50000)
  eden space 32320K,   0% used [0x07800000, 0x07800000, 0x09790000)
  from space 4032K,   0% used [0x09790000, 0x09790000, 0x09b80000)
  to   space 4032K,   0% used [0x09b80000, 0x09b80000, 0x09f70000)
 tenured generation   total 80592K, used 48355K [0x0cd50000, 0x11c04000, 0x17800000)
   the space 80592K,  59% used [0x0cd50000, 0x0fc88c28, 0x0fc88e00, 0x11c04000)
 Metaspace       used 24614K, capacity 25741K, committed 25856K, reserved 25984K
}

Deoptimization events (0 events):
No events

Classes redefined (0 events):
No events

Internal exceptions (10 events):
Event: 13.217 Thread 0x0594ac00 Exception <a 'java/io/FileNotFoundException'> (0x08268b90) thrown at [C:\re\workspace\8-2-build-windows-i586-cygwin\jdk8u211\12973\hotspot\src\share\vm\prims\jni.cpp, line 710]
Event: 18.490 Thread 0x20379400 Exception <a 'java/io/FileNotFoundException'> (0x083c20e8) thrown at [C:\re\workspace\8-2-build-windows-i586-cygwin\jdk8u211\12973\hotspot\src\share\vm\prims\jni.cpp, line 710]
Event: 26.581 Thread 0x20379c00 Exception <a 'java/io/FileNotFoundException'> (0x08aa0008) thrown at [C:\re\workspace\8-2-build-windows-i586-cygwin\jdk8u211\12973\hotspot\src\share\vm\prims\jni.cpp, line 710]
Event: 26.583 Thread 0x20379c00 Exception <a 'java/io/FileNotFoundException'> (0x08b2e158) thrown at [C:\re\workspace\8-2-build-windows-i586-cygwin\jdk8u211\12973\hotspot\src\share\vm\prims\jni.cpp, line 710]
Event: 26.585 Thread 0x20379c00 Exception <a 'java/io/FileNotFoundException'> (0x08b96128) thrown at [C:\re\workspace\8-2-build-windows-i586-cygwin\jdk8u211\12973\hotspot\src\share\vm\prims\jni.cpp, line 710]
Event: 26.591 Thread 0x20379c00 Exception <a 'java/io/FileNotFoundException'> (0x08db8f20) thrown at [C:\re\workspace\8-2-build-windows-i586-cygwin\jdk8u211\12973\hotspot\src\share\vm\prims\jni.cpp, line 710]
Event: 26.595 Thread 0x20379c00 Exception <a 'java/lang/ArrayIndexOutOfBoundsException'> (0x08eabee8) thrown at [C:\re\workspace\8-2-build-windows-i586-cygwin\jdk8u211\12973\hotspot\src\share\vm\runtime\sharedRuntime.cpp, line 605]
Event: 26.600 Thread 0x20378800 Exception <a 'java/lang/IllegalStateException'> (0x090143a0) thrown at [C:\re\workspace\8-2-build-windows-i586-cygwin\jdk8u211\12973\hotspot\src\share\vm\prims\jvm.cpp, line 1506]
Event: 26.608 Thread 0x20375c00 Exception <a 'java/io/FileNotFoundException'> (0x0945a200) thrown at [C:\re\workspace\8-2-build-windows-i586-cygwin\jdk8u211\12973\hotspot\src\share\vm\prims\jni.cpp, line 710]
Event: 26.608 Thread 0x20379c00 Exception <a 'java/lang/IncompatibleClassChangeError': Found class java.lang.Object, but interface was expected> (0x094474c8) thrown at [C:\re\workspace\8-2-build-windows-i586-cygwin\jdk8u211\12973\hotspot\src\share\vm\interpreter\linkResolver.cpp, line 6

Events (10 events):
Event: 26.613 Thread 0x20379400 DEOPT PACKING pc=0x02dfed54 sp=0x23f0e950
Event: 26.613 Thread 0x20379400 DEOPT UNPACKING pc=0x02a7c5e5 sp=0x23f0e870 mode 1
Event: 26.613 loading class nul/IIIiIiiiiiiii
Event: 26.613 loading class nul/IIIiIiiiiiiii done
Event: 26.613 Thread 0x20379400 DEOPT PACKING pc=0x02b9cdbc sp=0x23f0d400
Event: 26.613 Thread 0x20379400 DEOPT UNPACKING pc=0x02a7c5e5 sp=0x23f0d2b0 mode 1
Event: 26.613 Thread 0x20379400 DEOPT PACKING pc=0x02dfede8 sp=0x23f0d450
Event: 26.613 Thread 0x20379400 DEOPT UNPACKING pc=0x02a7c5e5 sp=0x23f0d370 mode 1
Event: 26.613 Thread 0x20379400 DEOPT PACKING pc=0x02dfed54 sp=0x23f0d530
Event: 26.613 Thread 0x20379400 DEOPT UNPACKING pc=0x02a7c5e5 sp=0x23f0d450 mode 1


Dynamic libraries:
0x00cc0000 - 0x00cf3000 	C:\Program Files (x86)\Java\jre1.8.0_211\bin\java.exe
0x77e20000 - 0x77fbc000 	C:\Windows\SYSTEM32\ntdll.dll
0x77400000 - 0x774e0000 	C:\Windows\System32\KERNEL32.DLL
0x77bb0000 - 0x77daa000 	C:\Windows\System32\KERNELBASE.dll
0x70450000 - 0x704ec000 	C:\Windows\SYSTEM32\apphelp.dll
0x515a0000 - 0x51837000 	C:\Program Files\Norton Security\NortonData\22.11.1.5\Definitions\IPSDefs\20190723.061\IPSEng32.dll
0x77b30000 - 0x77bae000 	C:\Windows\System32\ADVAPI32.dll
0x76530000 - 0x765f0000 	C:\Windows\System32\msvcrt.dll
0x77210000 - 0x77289000 	C:\Windows\System32\sechost.dll
0x772b0000 - 0x7736f000 	C:\Windows\System32\RPCRT4.dll
0x75490000 - 0x754b0000 	C:\Windows\System32\SspiCli.dll
0x75480000 - 0x7548a000 	C:\Windows\System32\CRYPTBASE.dll
0x75fc0000 - 0x76022000 	C:\Windows\System32\bcryptPrimitives.dll
0x75e90000 - 0x75e96000 	C:\Windows\System32\PSAPI.DLL
0x754b0000 - 0x75649000 	C:\Windows\System32\USER32.dll
0x75de0000 - 0x75df7000 	C:\Windows\System32\win32u.dll
0x77960000 - 0x77983000 	C:\Windows\System32\GDI32.dll
0x765f0000 - 0x76756000 	C:\Windows\System32\gdi32full.dll
0x757c0000 - 0x75840000 	C:\Windows\System32\msvcp_win.dll
0x76840000 - 0x76962000 	C:\Windows\System32\ucrtbase.dll
0x6e900000 - 0x6eb0f000 	C:\Windows\WinSxS\x86_microsoft.windows.common-controls_6595b64144ccf1df_6.0.17763.615_none_4d6178211b9c4dda\COMCTL32.dll
0x76f80000 - 0x771f8000 	C:\Windows\System32\combase.dll
0x77370000 - 0x77395000 	C:\Windows\System32\IMM32.DLL
0x70230000 - 0x702ef000 	C:\Program Files (x86)\Java\jre1.8.0_211\bin\msvcr100.dll
0x07250000 - 0x07625000 	C:\Program Files (x86)\Java\jre1.8.0_211\bin\client\jvm.dll
0x71cb0000 - 0x71cd4000 	C:\Windows\SYSTEM32\WINMM.dll
0x6e780000 - 0x6e788000 	C:\Windows\SYSTEM32\WSOCK32.dll
0x77db0000 - 0x77e0f000 	C:\Windows\System32\WS2_32.dll
0x74f30000 - 0x74f38000 	C:\Windows\SYSTEM32\VERSION.dll
0x71c00000 - 0x71c23000 	C:\Windows\SYSTEM32\WINMMBASE.dll
0x77ae0000 - 0x77b1b000 	C:\Windows\System32\cfgmgr32.dll
0x70220000 - 0x7022c000 	C:\Program Files (x86)\Java\jre1.8.0_211\bin\verify.dll
0x701f0000 - 0x70211000 	C:\Program Files (x86)\Java\jre1.8.0_211\bin\java.dll
0x6c480000 - 0x6c4ab000 	C:\Program Files (x86)\Java\jre1.8.0_211\bin\jdwp.dll
0x701c0000 - 0x701c7000 	C:\Program Files (x86)\Java\jre1.8.0_211\bin\npt.dll
0x6c430000 - 0x6c450000 	C:\Program Files (x86)\Java\jre1.8.0_211\bin\instrument.dll
0x60580000 - 0x60594000 	C:\Program Files (x86)\Java\jre1.8.0_211\bin\zip.dll
0x75840000 - 0x75d8e000 	C:\Windows\System32\SHELL32.dll
0x76050000 - 0x760d9000 	C:\Windows\System32\shcore.dll
0x76980000 - 0x76f7c000 	C:\Windows\System32\windows.storage.dll
0x76820000 - 0x7683c000 	C:\Windows\System32\profapi.dll
0x773a0000 - 0x773f4000 	C:\Windows\System32\powrprof.dll
0x77640000 - 0x77684000 	C:\Windows\System32\shlwapi.dll
0x77ad0000 - 0x77adf000 	C:\Windows\System32\kernel.appcore.dll
0x75ea0000 - 0x75eb2000 	C:\Windows\System32\cryptsp.dll
0x6c420000 - 0x6c428000 	C:\Program Files (x86)\Java\jre1.8.0_211\bin\dt_socket.dll
0x70f20000 - 0x70f72000 	C:\Windows\system32\mswsock.dll
0x701e0000 - 0x701e3000 	C:\Program Files (x86)\Java\jre1.8.0_211\bin\api-ms-win-core-console-l1-1-0.dll
0x701d0000 - 0x701d3000 	C:\Program Files (x86)\Java\jre1.8.0_211\bin\api-ms-win-core-datetime-l1-1-0.dll
0x6c470000 - 0x6c473000 	C:\Program Files (x86)\Java\jre1.8.0_211\bin\api-ms-win-core-debug-l1-1-0.dll
0x6c460000 - 0x6c463000 	C:\Program Files (x86)\Java\jre1.8.0_211\bin\api-ms-win-core-errorhandling-l1-1-0.dll
0x6c450000 - 0x6c454000 	C:\Program Files (x86)\Java\jre1.8.0_211\bin\api-ms-win-core-file-l1-1-0.dll
0x60570000 - 0x60573000 	C:\Program Files (x86)\Java\jre1.8.0_211\bin\api-ms-win-core-file-l1-2-0.dll
0x60470000 - 0x60473000 	C:\Program Files (x86)\Java\jre1.8.0_211\bin\api-ms-win-core-file-l2-1-0.dll
0x60460000 - 0x60463000 	C:\Program Files (x86)\Java\jre1.8.0_211\bin\api-ms-win-core-handle-l1-1-0.dll
0x60450000 - 0x60453000 	C:\Program Files (x86)\Java\jre1.8.0_211\bin\api-ms-win-core-heap-l1-1-0.dll
0x60440000 - 0x60443000 	C:\Program Files (x86)\Java\jre1.8.0_211\bin\api-ms-win-core-interlocked-l1-1-0.dll
0x60430000 - 0x60433000 	C:\Program Files (x86)\Java\jre1.8.0_211\bin\api-ms-win-core-libraryloader-l1-1-0.dll
0x60420000 - 0x60423000 	C:\Program Files (x86)\Java\jre1.8.0_211\bin\api-ms-win-core-localization-l1-2-0.dll
0x60410000 - 0x60413000 	C:\Program Files (x86)\Java\jre1.8.0_211\bin\api-ms-win-core-memory-l1-1-0.dll
0x60230000 - 0x60233000 	C:\Program Files (x86)\Java\jre1.8.0_211\bin\api-ms-win-core-namedpipe-l1-1-0.dll
0x60220000 - 0x60223000 	C:\Program Files (x86)\Java\jre1.8.0_211\bin\api-ms-win-core-processenvironment-l1-1-0.dll
0x60210000 - 0x60213000 	C:\Program Files (x86)\Java\jre1.8.0_211\bin\api-ms-win-core-processthreads-l1-1-0.dll
0x60190000 - 0x60193000 	C:\Program Files (x86)\Java\jre1.8.0_211\bin\api-ms-win-core-processthreads-l1-1-1.dll
0x60180000 - 0x60183000 	C:\Program Files (x86)\Java\jre1.8.0_211\bin\api-ms-win-core-profile-l1-1-0.dll
0x60170000 - 0x60173000 	C:\Program Files (x86)\Java\jre1.8.0_211\bin\api-ms-win-core-rtlsupport-l1-1-0.dll
0x60160000 - 0x60163000 	C:\Program Files (x86)\Java\jre1.8.0_211\bin\api-ms-win-core-string-l1-1-0.dll
0x60150000 - 0x60153000 	C:\Program Files (x86)\Java\jre1.8.0_211\bin\api-ms-win-core-synch-l1-1-0.dll
0x60140000 - 0x60143000 	C:\Program Files (x86)\Java\jre1.8.0_211\bin\api-ms-win-core-synch-l1-2-0.dll
0x5ff70000 - 0x5ff73000 	C:\Program Files (x86)\Java\jre1.8.0_211\bin\api-ms-win-core-sysinfo-l1-1-0.dll
0x5ff60000 - 0x5ff63000 	C:\Program Files (x86)\Java\jre1.8.0_211\bin\api-ms-win-core-timezone-l1-1-0.dll
0x5a210000 - 0x5a213000 	C:\Program Files (x86)\Java\jre1.8.0_211\bin\api-ms-win-core-util-l1-1-0.dll
0x5a200000 - 0x5a203000 	C:\Program Files (x86)\Java\jre1.8.0_211\bin\api-ms-win-crt-conio-l1-1-0.dll
0x5a1f0000 - 0x5a1f4000 	C:\Program Files (x86)\Java\jre1.8.0_211\bin\api-ms-win-crt-convert-l1-1-0.dll
0x5a1e0000 - 0x5a1e3000 	C:\Program Files (x86)\Java\jre1.8.0_211\bin\api-ms-win-crt-environment-l1-1-0.dll
0x5a1d0000 - 0x5a1d3000 	C:\Program Files (x86)\Java\jre1.8.0_211\bin\api-ms-win-crt-filesystem-l1-1-0.dll
0x5a1c0000 - 0x5a1c3000 	C:\Program Files (x86)\Java\jre1.8.0_211\bin\api-ms-win-crt-heap-l1-1-0.dll
0x5a1b0000 - 0x5a1b3000 	C:\Program Files (x86)\Java\jre1.8.0_211\bin\api-ms-win-crt-locale-l1-1-0.dll
0x5a1a0000 - 0x5a1a5000 	C:\Program Files (x86)\Java\jre1.8.0_211\bin\api-ms-win-crt-math-l1-1-0.dll
0x5a190000 - 0x5a195000 	C:\Program Files (x86)\Java\jre1.8.0_211\bin\api-ms-win-crt-multibyte-l1-1-0.dll
0x5a180000 - 0x5a190000 	C:\Program Files (x86)\Java\jre1.8.0_211\bin\api-ms-win-crt-private-l1-1-0.dll
0x5a170000 - 0x5a173000 	C:\Program Files (x86)\Java\jre1.8.0_211\bin\api-ms-win-crt-process-l1-1-0.dll
0x5a160000 - 0x5a164000 	C:\Program Files (x86)\Java\jre1.8.0_211\bin\api-ms-win-crt-runtime-l1-1-0.dll
0x59f80000 - 0x59f84000 	C:\Program Files (x86)\Java\jre1.8.0_211\bin\api-ms-win-crt-stdio-l1-1-0.dll
0x59ae0000 - 0x59ae4000 	C:\Program Files (x86)\Java\jre1.8.0_211\bin\api-ms-win-crt-string-l1-1-0.dll
0x59ad0000 - 0x59ad3000 	C:\Program Files (x86)\Java\jre1.8.0_211\bin\api-ms-win-crt-time-l1-1-0.dll
0x59ac0000 - 0x59ac3000 	C:\Program Files (x86)\Java\jre1.8.0_211\bin\api-ms-win-crt-utility-l1-1-0.dll
0x05cc0000 - 0x05dd7000 	C:\Program Files (x86)\Java\jre1.8.0_211\bin\ucrtbase.dll
0x59aa0000 - 0x59ab5000 	C:\Program Files (x86)\Java\jre1.8.0_211\bin\vcruntime140.dll
0x57980000 - 0x579f1000 	C:\Program Files (x86)\Java\jre1.8.0_211\bin\msvcp140.dll
0x57940000 - 0x5797c000 	C:\Program Files (x86)\Java\jre1.8.0_211\bin\concrt140.dll
0x59a80000 - 0x59a9f000 	C:\Program Files (x86)\Java\jre1.8.0_211\bin\prism_d3d.dll
0x6b460000 - 0x6b5d1000 	C:\Windows\system32\d3d9.dll
0x6fd60000 - 0x6fd86000 	C:\Windows\SYSTEM32\dwmapi.dll
0x77690000 - 0x77829000 	C:\Windows\System32\CRYPT32.dll
0x76970000 - 0x7697e000 	C:\Windows\System32\MSASN1.dll
0x70770000 - 0x707eb000 	C:\Windows\system32\uxtheme.dll
0x69a70000 - 0x69bf3000 	C:\Windows\System32\DriverStore\FileRepository\c0341662.inf_amd64_6a03bbaf8486839e\B341390\aticfx32.dll
0x55080000 - 0x550a9000 	C:\Windows\System32\DriverStore\FileRepository\c0341662.inf_amd64_6a03bbaf8486839e\B341390\atiu9pag.dll
0x05fc0000 - 0x06a7b000 	C:\Windows\System32\DriverStore\FileRepository\c0341662.inf_amd64_6a03bbaf8486839e\B341390\atiumdag.dll
0x77540000 - 0x7763c000 	C:\Windows\System32\ole32.dll
0x67fa0000 - 0x68be4000 	C:\Windows\System32\DriverStore\FileRepository\c0341662.inf_amd64_6a03bbaf8486839e\B341390\atiumdva.dll
0x68bf0000 - 0x68c14000 	C:\Windows\SYSTEM32\amdihk32.dll
0x57730000 - 0x57767000 	C:\Program Files (x86)\Java\jre1.8.0_211\bin\glass.dll
0x75ec0000 - 0x75fba000 	C:\Windows\System32\COMDLG32.dll
0x77830000 - 0x778c6000 	C:\Windows\System32\OLEAUT32.dll
0x77990000 - 0x77ace000 	C:\Windows\System32\MSCTF.dll
0x57920000 - 0x57935000 	C:\Program Files (x86)\Java\jre1.8.0_211\bin\net.dll
0x6f830000 - 0x6f9ec000 	C:\Windows\SYSTEM32\urlmon.dll
0x70ab0000 - 0x70cdf000 	C:\Windows\SYSTEM32\iertutil.dll
0x57720000 - 0x5772f000 	C:\Program Files (x86)\Java\jre1.8.0_211\bin\nio.dll
0x71dc0000 - 0x71def000 	C:\Windows\system32\rsaenh.dll
0x77290000 - 0x772a9000 	C:\Windows\System32\bcrypt.dll
0x74f00000 - 0x74f23000 	C:\Windows\SYSTEM32\USERENV.dll
0x753c0000 - 0x753f3000 	C:\Windows\SYSTEM32\IPHLPAPI.DLL
0x77b20000 - 0x77b27000 	C:\Windows\System32\NSI.dll
0x70fa0000 - 0x70fb3000 	C:\Windows\SYSTEM32\dhcpcsvc6.DLL
0x70f80000 - 0x70f94000 	C:\Windows\SYSTEM32\dhcpcsvc.DLL
0x73a50000 - 0x73ae0000 	C:\Windows\SYSTEM32\DNSAPI.dll
0x57500000 - 0x57538000 	C:\Users\Jeremy\AppData\Local\Temp\jna--2079637766\jna1133617291185896327.dll
0x1c540000 - 0x1c687000 	C:\Program Files (x86)\Java\jre1.8.0_211\bin\awt.dll
0x576f0000 - 0x57700000 	C:\Program Files (x86)\Java\jre1.8.0_211\bin\javafx_font.dll
0x6b690000 - 0x6b920000 	C:\Windows\SYSTEM32\dwrite.dll
0x5de90000 - 0x5df69000 	C:\Windows\system32\opengl32.dll
0x5db90000 - 0x5dbcf000 	C:\Windows\SYSTEM32\GLU32.dll
0x55850000 - 0x5588a000 	C:\Program Files (x86)\Java\jre1.8.0_211\bin\fontmanager.dll
0x6aed0000 - 0x6af69000 	C:\Windows\SYSTEM32\mscms.dll
0x6aec0000 - 0x6aecc000 	C:\Windows\SYSTEM32\ColorAdapterClient.dll

VM Arguments:
jvm_args: -agentlib:jdwp=transport=dt_socket,address=127.0.0.1:49848,suspend=y,server=n -javaagent:C:\Users\Jeremy\AppData\Local\JetBrains\Toolbox\apps\IDEA-C\ch-0\191.7479.19\lib\rt\debugger-agent.jar -Dfile.encoding=UTF-8 
java_command: com.runemate.boot.Boot -sdk -login=kenshin0707:B@con123
java_class_path (initial): C:\Program Files (x86)\Java\jre1.8.0_211\lib\charsets.jar;C:\Program Files (x86)\Java\jre1.8.0_211\lib\deploy.jar;C:\Program Files (x86)\Java\jre1.8.0_211\lib\ext\access-bridge-32.jar;C:\Program Files (x86)\Java\jre1.8.0_211\lib\ext\cldrdata.jar;C:\Program Files (x86)\Java\jre1.8.0_211\lib\ext\dnsns.jar;C:\Program Files (x86)\Java\jre1.8.0_211\lib\ext\jaccess.jar;C:\Program Files (x86)\Java\jre1.8.0_211\lib\ext\jfxrt.jar;C:\Program Files (x86)\Java\jre1.8.0_211\lib\ext\localedata.jar;C:\Program Files (x86)\Java\jre1.8.0_211\lib\ext\nashorn.jar;C:\Program Files (x86)\Java\jre1.8.0_211\lib\ext\sunec.jar;C:\Program Files (x86)\Java\jre1.8.0_211\lib\ext\sunjce_provider.jar;C:\Program Files (x86)\Java\jre1.8.0_211\lib\ext\sunmscapi.jar;C:\Program Files (x86)\Java\jre1.8.0_211\lib\ext\sunpkcs11.jar;C:\Program Files (x86)\Java\jre1.8.0_211\lib\ext\zipfs.jar;C:\Program Files (x86)\Java\jre1.8.0_211\lib\javaws.jar;C:\Program Files (x86)\Java\jre1.8.0_211\lib\jce.jar;C:\Program Files (x86)\Java\jre1.8.0_211\lib\jfr.jar;C:\Program Files (x86)\Java\jre1.8.0_211\lib\jfxswt.jar;C:\Program Files (x86)\Java\jre1.8.0_211\lib\jsse.jar;C:\Program Files (x86)\Java\jre1.8.0_211\lib\management-agent.jar;C:\Program Files (x86)\Java\jre1.8.0_211\lib\plugin.jar;C:\Program Files (x86)\Java\jre1.8.0_211\lib\resources.jar;C:\Program Files (x86)\Java\jre1.8.0_211\lib\rt.jar;C:\Users\Jeremy\IdeaProjects\RuneMate\out\production\RuneMate;C:\Users\Jeremy\Downloads\RuneMate (6).jar;C:\Users\Jeremy\AppData\Local\JetBrains\Toolbox\apps\IDEA-C\ch-0\191.7479.19\lib\idea_rt.jar;C:\Users\Jeremy\AppData\Local\JetBrains\Toolbox\apps\IDEA-C\ch-0\191.7479.19\lib\rt\debugger-agent.jar
Launcher Type: SUN_STANDARD

Environment Variables:
PATH=C:\Program Files (x86)\Common Files\Oracle\Java\javapath;C:\Program Files (x86)\Intel\Intel(R) Management Engine Components\iCLS\;C:\Program Files\Intel\Intel(R) Management Engine Components\iCLS\;C:\Windows\system32;C:\Windows;C:\Windows\System32\Wbem;C:\Windows\System32\WindowsPowerShell\v1.0\;C:\Windows\System32\OpenSSH\;C:\Program Files\Microsoft SQL Server\Client SDK\ODBC\130\Tools\Binn\;C:\Program Files (x86)\Microsoft SQL Server\140\Tools\Binn\;C:\Program Files\Microsoft SQL Server\140\Tools\Binn\;C:\Program Files\Microsoft SQL Server\140\DTS\Binn\;C:\Program Files (x86)\Microsoft SQL Server\Client SDK\ODBC\130\Tools\Binn\;C:\Program Files (x86)\Microsoft SQL Server\140\DTS\Binn\;C:\Program Files (x86)\Microsoft SQL Server\140\Tools\Binn\ManagementStudio\;C:\Program Files (x86)\Intel\Intel(R) Management Engine Components\DAL;C:\Program Files\Intel\Intel(R) Management Engine Components\DAL;C:\Program Files\dotnet\;C:\Program Files\Microsoft SQL Server\130\Tools\Binn\;C:\Program Files (x86)\Common Files\Intuit\QBPOSSDKRuntime;C:\Program Files\nodejs\;C:\Program Files\Git\cmd;C:\Tools\Svn\bin;C:\Program Files\MySQL\MySQL Shell 8.0\bin\;C:\Users\Jeremy\AppData\Roaming\npm;C:\Program Files (x86)\Java\jdk1.8.0_211;
USERNAME=Jeremy
OS=Windows_NT
PROCESSOR_IDENTIFIER=Intel64 Family 6 Model 158 Stepping 10, GenuineIntel



---------------  S Y S T E M  ---------------

OS: Windows 10.0 , 64 bit Build 17763 (10.0.17763.475)

CPU:total 6 (initial active 6) (6 cores per cpu, 1 threads per core) family 6 model 158 stepping 10, cmov, cx8, fxsr, mmx, sse, sse2, sse3, ssse3, sse4.1, sse4.2, popcnt, avx, avx2, aes, clmul, erms, 3dnowpref, lzcnt, tsc, tscinvbit, bmi1, bmi2, adx

Memory: 4k page, physical 16708944k(3993364k free), swap 43971920k(15301220k free)

vm_info: Java HotSpot(TM) Client VM (25.211-b12) for windows-x86 JRE (1.8.0_211-b12), built on Apr  1 2019 20:53:53 by "java_re" with MS VC++ 10.0 (VS2010)

time: Tue Jul 23 23:56:23 2019
timezone: Central Daylight Time
elapsed time: 26 seconds (0d 0h 0m 26s)

