#
# A fatal error has been detected by the Java Runtime Environment:
#
#  EXCEPTION_ACCESS_VIOLATION (0xc0000005) at pc=0x00dca4e0, pid=18532, tid=0x00001a70
#
# JRE version: Java(TM) SE Runtime Environment (8.0_211-b12) (build 1.8.0_211-b12)
# Java VM: Java HotSpot(TM) Client VM (25.211-b12 mixed mode windows-x86 )
# Problematic frame:
# C  0x00dca4e0
#
# Failed to write core dump. Minidumps are not enabled by default on client versions of Windows
#
# If you would like to submit a bug report, please visit:
#   http://bugreport.java.com/bugreport/crash.jsp
# The crash happened outside the Java Virtual Machine in native code.
# See problematic frame for where to report the bug.
#

---------------  T H R E A D  ---------------

Current thread (0x05874c00):  JavaThread "QuantumRenderer-0" daemon [_thread_in_native, id=6768, stack(0x05d60000,0x05db0000)]

siginfo: ExceptionCode=0xc0000005, ExceptionInformation=0x00000008 0x00dca4e0

Registers:
EAX=0x00dcadf8, EBX=0x00000000, ECX=0x00dca4e0, EDX=0x00000002
ESP=0x05dab658, EBP=0x05dab668, ESI=0x00dca4e0, EDI=0x1d264ab0
EIP=0x00dca4e0, EFLAGS=0x00010202

Top of Stack: (sp=0x05dab658)
0x05dab658:   5d888f49 00dca4e0 05dab7cc 1d2af598
0x05dab668:   05dab67c 5d8a18fa 00dca4e0 00000030
0x05dab678:   1d2af598 05dab6c8 5d8a18ce 1d264ab0
0x05dab688:   05dab7cc 1d2af5c0 1d2af5c4 00000000
0x05dab698:   05874c01 00000000 00000080 1d2af518
0x05dab6a8:   1d2af564 1d264ab0 1d2af5c0 3f800000
0x05dab6b8:   1d2af5c4 00000000 05874c01 1d2af598
0x05dab6c8:   05dab6f4 5d8a182d 1d2af2f0 05dab7cc 

Instructions: (pc=0x00dca4e0)
0x00dca4c0:   00 00 00 00 00 00 00 00 00 00 00 00 00 00 00 00
0x00dca4d0:   00 00 00 00 00 00 00 00 22 ed d4 c1 5b 50 00 00
0x00dca4e0:   f8 ad dc 00 e8 c7 2f 1d a4 34 69 6b 4c 34 69 6b
0x00dca4f0:   60 00 26 1d 58 a5 dc 00 f8 fa 3f 1e 00 10 26 1d 


Register to memory mapping:

EAX=0x00dcadf8 is an unknown value
EBX=0x00000000 is an unknown value
ECX=0x00dca4e0 is an unknown value
EDX=0x00000002 is an unknown value
ESP=0x05dab658 is pointing into the stack for thread: 0x05874c00
EBP=0x05dab668 is pointing into the stack for thread: 0x05874c00
ESI=0x00dca4e0 is an unknown value
EDI=0x1d264ab0 is an unknown value


Stack: [0x05d60000,0x05db0000],  sp=0x05dab658,  free space=301k
Native frames: (J=compiled Java code, j=interpreted, Vv=VM code, C=native code)
C  0x00dca4e0
C  0x5d8a18fa
C  0x5d8a18ce
C  0x5d8a182d
C  0x5d8a1797
C  0x5d82b5bd
C  [javafx_font.dll+0x42b4]
J 2873 C1 com.sun.javafx.font.directwrite.DWGlyph.getD2DMask(FFZ)[B (687 bytes) @ 0x02f8dbec [0x02f8d120+0xacc]
C  0x00000000

Java frames: (J=compiled Java code, j=interpreted, Vv=VM code)
j  com.sun.javafx.font.directwrite.OS.DrawGlyphRun(JLcom/sun/javafx/font/directwrite/D2D1_POINT_2F;Lcom/sun/javafx/font/directwrite/DWRITE_GLYPH_RUN;JI)V+0
J 2873 C1 com.sun.javafx.font.directwrite.DWGlyph.getD2DMask(FFZ)[B (687 bytes) @ 0x02f8dbec [0x02f8d120+0xacc]
j  com.sun.javafx.font.directwrite.DWGlyph.getPixelData(I)[B+94
J 2467 C1 com.sun.prism.impl.GlyphCache.getCachedGlyph(II)Lcom/sun/prism/impl/GlyphCache$GlyphData; (461 bytes) @ 0x02f06ed4 [0x02f06be0+0x2f4]
J 2450 C1 com.sun.prism.impl.GlyphCache.render(Lcom/sun/prism/impl/BaseContext;Lcom/sun/javafx/scene/text/GlyphList;FFIILcom/sun/prism/paint/Color;Lcom/sun/prism/paint/Color;Lcom/sun/javafx/geom/transform/BaseTransform;Lcom/sun/javafx/geom/BaseBounds;)V (326 bytes) @ 0x02f00fdc [0x02f00da0+0x23c]
j  com.sun.prism.impl.ps.BaseShaderGraphics.drawString(Lcom/sun/javafx/scene/text/GlyphList;Lcom/sun/javafx/font/FontStrike;FFLcom/sun/prism/paint/Color;II)V+815
J 2561 C1 com.sun.javafx.sg.prism.NGText.renderText(Lcom/sun/prism/Graphics;Lcom/sun/javafx/font/FontStrike;Lcom/sun/javafx/geom/BaseBounds;Lcom/sun/prism/paint/Color;I)V (523 bytes) @ 0x02f273b4 [0x02f27130+0x284]
j  com.sun.javafx.sg.prism.NGText.renderContent2D(Lcom/sun/prism/Graphics;Z)V+238
J 2737 C1 com.sun.javafx.sg.prism.NGShape.renderContent(Lcom/sun/prism/Graphics;)V (458 bytes) @ 0x02f5ba8c [0x02f5b3c0+0x6cc]
J 1476 C1 com.sun.javafx.sg.prism.NGNode.doRender(Lcom/sun/prism/Graphics;)V (473 bytes) @ 0x02d528a8 [0x02d524e0+0x3c8]
J 1470 C1 com.sun.javafx.sg.prism.NGNode.render(Lcom/sun/prism/Graphics;)V (38 bytes) @ 0x02d516e0 [0x02d51660+0x80]
J 1348 C1 com.sun.javafx.sg.prism.NGGroup.renderContent(Lcom/sun/prism/Graphics;)V (436 bytes) @ 0x02d2d820 [0x02d2d4f0+0x330]
J 1484 C1 com.sun.javafx.sg.prism.NGRegion.renderContent(Lcom/sun/prism/Graphics;)V (115 bytes) @ 0x02d58e34 [0x02d58bb0+0x284]
J 1476 C1 com.sun.javafx.sg.prism.NGNode.doRender(Lcom/sun/prism/Graphics;)V (473 bytes) @ 0x02d528a8 [0x02d524e0+0x3c8]
J 1470 C1 com.sun.javafx.sg.prism.NGNode.render(Lcom/sun/prism/Graphics;)V (38 bytes) @ 0x02d516e0 [0x02d51660+0x80]
J 1348 C1 com.sun.javafx.sg.prism.NGGroup.renderContent(Lcom/sun/prism/Graphics;)V (436 bytes) @ 0x02d2d820 [0x02d2d4f0+0x330]
J 1484 C1 com.sun.javafx.sg.prism.NGRegion.renderContent(Lcom/sun/prism/Graphics;)V (115 bytes) @ 0x02d58e34 [0x02d58bb0+0x284]
J 1476 C1 com.sun.javafx.sg.prism.NGNode.doRender(Lcom/sun/prism/Graphics;)V (473 bytes) @ 0x02d528a8 [0x02d524e0+0x3c8]
J 1470 C1 com.sun.javafx.sg.prism.NGNode.render(Lcom/sun/prism/Graphics;)V (38 bytes) @ 0x02d516e0 [0x02d51660+0x80]
J 1348 C1 com.sun.javafx.sg.prism.NGGroup.renderContent(Lcom/sun/prism/Graphics;)V (436 bytes) @ 0x02d2d820 [0x02d2d4f0+0x330]
J 1484 C1 com.sun.javafx.sg.prism.NGRegion.renderContent(Lcom/sun/prism/Graphics;)V (115 bytes) @ 0x02d58e34 [0x02d58bb0+0x284]
J 1476 C1 com.sun.javafx.sg.prism.NGNode.doRender(Lcom/sun/prism/Graphics;)V (473 bytes) @ 0x02d528a8 [0x02d524e0+0x3c8]
J 1470 C1 com.sun.javafx.sg.prism.NGNode.render(Lcom/sun/prism/Graphics;)V (38 bytes) @ 0x02d516e0 [0x02d51660+0x80]
J 1348 C1 com.sun.javafx.sg.prism.NGGroup.renderContent(Lcom/sun/prism/Graphics;)V (436 bytes) @ 0x02d2d820 [0x02d2d4f0+0x330]
J 1484 C1 com.sun.javafx.sg.prism.NGRegion.renderContent(Lcom/sun/prism/Graphics;)V (115 bytes) @ 0x02d58e34 [0x02d58bb0+0x284]
J 1476 C1 com.sun.javafx.sg.prism.NGNode.doRender(Lcom/sun/prism/Graphics;)V (473 bytes) @ 0x02d528a8 [0x02d524e0+0x3c8]
J 1470 C1 com.sun.javafx.sg.prism.NGNode.render(Lcom/sun/prism/Graphics;)V (38 bytes) @ 0x02d516e0 [0x02d51660+0x80]
J 1348 C1 com.sun.javafx.sg.prism.NGGroup.renderContent(Lcom/sun/prism/Graphics;)V (436 bytes) @ 0x02d2d820 [0x02d2d4f0+0x330]
J 1484 C1 com.sun.javafx.sg.prism.NGRegion.renderContent(Lcom/sun/prism/Graphics;)V (115 bytes) @ 0x02d58e34 [0x02d58bb0+0x284]
J 1476 C1 com.sun.javafx.sg.prism.NGNode.doRender(Lcom/sun/prism/Graphics;)V (473 bytes) @ 0x02d528a8 [0x02d524e0+0x3c8]
J 1470 C1 com.sun.javafx.sg.prism.NGNode.render(Lcom/sun/prism/Graphics;)V (38 bytes) @ 0x02d516e0 [0x02d51660+0x80]
J 1348 C1 com.sun.javafx.sg.prism.NGGroup.renderContent(Lcom/sun/prism/Graphics;)V (436 bytes) @ 0x02d2d820 [0x02d2d4f0+0x330]
J 1484 C1 com.sun.javafx.sg.prism.NGRegion.renderContent(Lcom/sun/prism/Graphics;)V (115 bytes) @ 0x02d58e34 [0x02d58bb0+0x284]
J 1476 C1 com.sun.javafx.sg.prism.NGNode.doRender(Lcom/sun/prism/Graphics;)V (473 bytes) @ 0x02d528a8 [0x02d524e0+0x3c8]
J 1470 C1 com.sun.javafx.sg.prism.NGNode.render(Lcom/sun/prism/Graphics;)V (38 bytes) @ 0x02d516e0 [0x02d51660+0x80]
J 1348 C1 com.sun.javafx.sg.prism.NGGroup.renderContent(Lcom/sun/prism/Graphics;)V (436 bytes) @ 0x02d2d820 [0x02d2d4f0+0x330]
J 1484 C1 com.sun.javafx.sg.prism.NGRegion.renderContent(Lcom/sun/prism/Graphics;)V (115 bytes) @ 0x02d58e34 [0x02d58bb0+0x284]
J 1476 C1 com.sun.javafx.sg.prism.NGNode.doRender(Lcom/sun/prism/Graphics;)V (473 bytes) @ 0x02d528a8 [0x02d524e0+0x3c8]
J 1470 C1 com.sun.javafx.sg.prism.NGNode.render(Lcom/sun/prism/Graphics;)V (38 bytes) @ 0x02d516e0 [0x02d51660+0x80]
J 1348 C1 com.sun.javafx.sg.prism.NGGroup.renderContent(Lcom/sun/prism/Graphics;)V (436 bytes) @ 0x02d2d820 [0x02d2d4f0+0x330]
J 1484 C1 com.sun.javafx.sg.prism.NGRegion.renderContent(Lcom/sun/prism/Graphics;)V (115 bytes) @ 0x02d58e34 [0x02d58bb0+0x284]
J 1476 C1 com.sun.javafx.sg.prism.NGNode.doRender(Lcom/sun/prism/Graphics;)V (473 bytes) @ 0x02d528a8 [0x02d524e0+0x3c8]
J 1470 C1 com.sun.javafx.sg.prism.NGNode.render(Lcom/sun/prism/Graphics;)V (38 bytes) @ 0x02d516e0 [0x02d51660+0x80]
J 1348 C1 com.sun.javafx.sg.prism.NGGroup.renderContent(Lcom/sun/prism/Graphics;)V (436 bytes) @ 0x02d2d820 [0x02d2d4f0+0x330]
J 1484 C1 com.sun.javafx.sg.prism.NGRegion.renderContent(Lcom/sun/prism/Graphics;)V (115 bytes) @ 0x02d58e34 [0x02d58bb0+0x284]
J 1476 C1 com.sun.javafx.sg.prism.NGNode.doRender(Lcom/sun/prism/Graphics;)V (473 bytes) @ 0x02d528a8 [0x02d524e0+0x3c8]
J 1470 C1 com.sun.javafx.sg.prism.NGNode.render(Lcom/sun/prism/Graphics;)V (38 bytes) @ 0x02d516e0 [0x02d51660+0x80]
J 1348 C1 com.sun.javafx.sg.prism.NGGroup.renderContent(Lcom/sun/prism/Graphics;)V (436 bytes) @ 0x02d2d820 [0x02d2d4f0+0x330]
J 1484 C1 com.sun.javafx.sg.prism.NGRegion.renderContent(Lcom/sun/prism/Graphics;)V (115 bytes) @ 0x02d58e34 [0x02d58bb0+0x284]
J 1829 C1 com.sun.javafx.sg.prism.NGNode.renderOpacity(Lcom/sun/prism/Graphics;)V (322 bytes) @ 0x02deac54 [0x02dea740+0x514]
J 1476 C1 com.sun.javafx.sg.prism.NGNode.doRender(Lcom/sun/prism/Graphics;)V (473 bytes) @ 0x02d52818 [0x02d524e0+0x338]
J 1470 C1 com.sun.javafx.sg.prism.NGNode.render(Lcom/sun/prism/Graphics;)V (38 bytes) @ 0x02d516e0 [0x02d51660+0x80]
J 1348 C1 com.sun.javafx.sg.prism.NGGroup.renderContent(Lcom/sun/prism/Graphics;)V (436 bytes) @ 0x02d2d820 [0x02d2d4f0+0x330]
J 1484 C1 com.sun.javafx.sg.prism.NGRegion.renderContent(Lcom/sun/prism/Graphics;)V (115 bytes) @ 0x02d58e34 [0x02d58bb0+0x284]
J 1476 C1 com.sun.javafx.sg.prism.NGNode.doRender(Lcom/sun/prism/Graphics;)V (473 bytes) @ 0x02d528a8 [0x02d524e0+0x3c8]
J 1470 C1 com.sun.javafx.sg.prism.NGNode.render(Lcom/sun/prism/Graphics;)V (38 bytes) @ 0x02d516e0 [0x02d51660+0x80]
J 1348 C1 com.sun.javafx.sg.prism.NGGroup.renderContent(Lcom/sun/prism/Graphics;)V (436 bytes) @ 0x02d2d820 [0x02d2d4f0+0x330]
J 1484 C1 com.sun.javafx.sg.prism.NGRegion.renderContent(Lcom/sun/prism/Graphics;)V (115 bytes) @ 0x02d58e34 [0x02d58bb0+0x284]
j  com.sun.javafx.sg.prism.NGNode.renderForClip(Lcom/sun/prism/Graphics;)V+17
j  com.sun.javafx.sg.prism.NGNode.renderRectClip(Lcom/sun/prism/Graphics;Lcom/sun/javafx/sg/prism/NGRectangle;)V+106
j  com.sun.javafx.sg.prism.NGNode.renderClip(Lcom/sun/prism/Graphics;)V+83
J 1476 C1 com.sun.javafx.sg.prism.NGNode.doRender(Lcom/sun/prism/Graphics;)V (473 bytes) @ 0x02d52868 [0x02d524e0+0x388]
J 1470 C1 com.sun.javafx.sg.prism.NGNode.render(Lcom/sun/prism/Graphics;)V (38 bytes) @ 0x02d516e0 [0x02d51660+0x80]
J 1348 C1 com.sun.javafx.sg.prism.NGGroup.renderContent(Lcom/sun/prism/Graphics;)V (436 bytes) @ 0x02d2d820 [0x02d2d4f0+0x330]
J 1484 C1 com.sun.javafx.sg.prism.NGRegion.renderContent(Lcom/sun/prism/Graphics;)V (115 bytes) @ 0x02d58e34 [0x02d58bb0+0x284]
J 1476 C1 com.sun.javafx.sg.prism.NGNode.doRender(Lcom/sun/prism/Graphics;)V (473 bytes) @ 0x02d528a8 [0x02d524e0+0x3c8]
J 1470 C1 com.sun.javafx.sg.prism.NGNode.render(Lcom/sun/prism/Graphics;)V (38 bytes) @ 0x02d516e0 [0x02d51660+0x80]
J 1348 C1 com.sun.javafx.sg.prism.NGGroup.renderContent(Lcom/sun/prism/Graphics;)V (436 bytes) @ 0x02d2d820 [0x02d2d4f0+0x330]
J 1484 C1 com.sun.javafx.sg.prism.NGRegion.renderContent(Lcom/sun/prism/Graphics;)V (115 bytes) @ 0x02d58e34 [0x02d58bb0+0x284]
J 1476 C1 com.sun.javafx.sg.prism.NGNode.doRender(Lcom/sun/prism/Graphics;)V (473 bytes) @ 0x02d528a8 [0x02d524e0+0x3c8]
J 1470 C1 com.sun.javafx.sg.prism.NGNode.render(Lcom/sun/prism/Graphics;)V (38 bytes) @ 0x02d516e0 [0x02d51660+0x80]
J 1348 C1 com.sun.javafx.sg.prism.NGGroup.renderContent(Lcom/sun/prism/Graphics;)V (436 bytes) @ 0x02d2d820 [0x02d2d4f0+0x330]
J 1484 C1 com.sun.javafx.sg.prism.NGRegion.renderContent(Lcom/sun/prism/Graphics;)V (115 bytes) @ 0x02d58e34 [0x02d58bb0+0x284]
J 1476 C1 com.sun.javafx.sg.prism.NGNode.doRender(Lcom/sun/prism/Graphics;)V (473 bytes) @ 0x02d528a8 [0x02d524e0+0x3c8]
J 1470 C1 com.sun.javafx.sg.prism.NGNode.render(Lcom/sun/prism/Graphics;)V (38 bytes) @ 0x02d516e0 [0x02d51660+0x80]
j  com.sun.javafx.tk.quantum.ViewPainter.doPaint(Lcom/sun/prism/Graphics;Lcom/sun/javafx/sg/prism/NodePath;)V+201
j  com.sun.javafx.tk.quantum.ViewPainter.paintImpl(Lcom/sun/prism/Graphics;)V+953
j  com.sun.javafx.tk.quantum.UploadingPainter.run()V+719
j  java.util.concurrent.Executors$RunnableAdapter.call()Ljava/lang/Object;+4
j  java.util.concurrent.FutureTask.runAndReset$$$capture()Z+47
j  java.util.concurrent.FutureTask.runAndReset()Z+5
j  com.sun.javafx.tk.RenderJob.run()V+1
j  java.util.concurrent.ThreadPoolExecutor.runWorker(Ljava/util/concurrent/ThreadPoolExecutor$Worker;)V+95
j  java.util.concurrent.ThreadPoolExecutor$Worker.run()V+5
j  com.sun.javafx.tk.quantum.QuantumRenderer$PipelineRunnable.run()V+8
j  java.lang.Thread.run()V+11
v  ~StubRoutines::call_stub

---------------  P R O C E S S  ---------------

Java Threads: ( => current thread )
  0x1f528000 JavaThread "shutdown activity" daemon [_thread_in_native, id=14344, stack(0x00af0000,0x00b40000)]
  0x1f527800 JavaThread "RMShutdownHook" [_thread_in_native, id=20420, stack(0x23810000,0x23860000)]
  0x1f525400 JavaThread "SIGINT handler" daemon [_thread_blocked, id=15808, stack(0x00c30000,0x00c80000)]
  0x1f526000 JavaThread "Keep-Alive-Timer" daemon [_thread_blocked, id=11360, stack(0x00ba0000,0x00bf0000)]
  0x1f524000 JavaThread "Thread-16" daemon [_thread_blocked, id=1708, stack(0x24e20000,0x24e70000)]
  0x1f522000 JavaThread "RMI TCP Connection(2)-10.0.0.6" daemon [_thread_in_native, id=15100, stack(0x24c70000,0x24cc0000)]
  0x1f522800 JavaThread "RMI Reaper" [_thread_blocked, id=7800, stack(0x24be0000,0x24c30000)]
  0x1ef47c00 JavaThread "RMI TCP Accept-0" daemon [_thread_in_native, id=11256, stack(0x24b50000,0x24ba0000)]
  0x1ef48800 JavaThread "GC Daemon" daemon [_thread_blocked, id=20896, stack(0x24ac0000,0x24b10000)]
  0x1ef47400 JavaThread "RMI RenewClean-[10.0.0.6:52114]" daemon [_thread_blocked, id=20600, stack(0x24a30000,0x24a80000)]
  0x1ef47000 JavaThread "RMI Scheduler(0)" daemon [_thread_blocked, id=2232, stack(0x249a0000,0x249f0000)]
  0x1ef4a800 JavaThread "Thread-13" [_thread_blocked, id=16936, stack(0x222c0000,0x22310000)]
  0x1ef4a000 JavaThread "pool-2-thread-1" [_thread_in_native, id=17272, stack(0x22230000,0x22280000)]
  0x1ef48000 JavaThread "Prism Font Disposer" daemon [_thread_blocked, id=11500, stack(0x20c20000,0x20c70000)]
  0x05992c00 JavaThread "AWT-EventQueue-0" [_thread_blocked, id=1800, stack(0x202b0000,0x20300000)]
  0x05a02c00 JavaThread "JavaFX-Launcher" [_thread_blocked, id=18436, stack(0x1d200000,0x1d250000)]
  0x059b7c00 JavaThread "AWT-Shutdown" [_thread_blocked, id=7560, stack(0x1c7f0000,0x1c840000)]
  0x059b7000 JavaThread "Java2D Disposer" daemon [_thread_blocked, id=20688, stack(0x1c760000,0x1c7b0000)]
  0x058f1400 JavaThread "Thread-2" daemon [_thread_in_native, id=16808, stack(0x1c140000,0x1c190000)]
  0x05941400 JavaThread "JavaFX Application Thread" [_thread_blocked, id=16444, stack(0x06e90000,0x06ee0000)]
  0x05940400 JavaThread "Thread-1" daemon [_thread_blocked, id=19672, stack(0x06e00000,0x06e50000)]
=>0x05874c00 JavaThread "QuantumRenderer-0" daemon [_thread_in_native, id=6768, stack(0x05d60000,0x05db0000)]
  0x04fe6400 JavaThread "Service Thread" daemon [_thread_blocked, id=21644, stack(0x05700000,0x05750000)]
  0x04fb5800 JavaThread "C1 CompilerThread0" daemon [_thread_blocked, id=19004, stack(0x05670000,0x056c0000)]
  0x04f18400 JavaThread "JDWP Event Helper Thread" daemon [_thread_blocked, id=21792, stack(0x05550000,0x055a0000)]
  0x04f05000 JavaThread "Attach Listener" daemon [_thread_blocked, id=17088, stack(0x05430000,0x05480000)]
  0x04f0fc00 JavaThread "Signal Dispatcher" daemon [_thread_blocked, id=21336, stack(0x053a0000,0x053f0000)]
  0x04efdc00 JavaThread "Finalizer" daemon [_thread_blocked, id=20176, stack(0x05200000,0x05250000)]
  0x04ee7c00 JavaThread "Reference Handler" daemon [_thread_blocked, id=20360, stack(0x05170000,0x051c0000)]
  0x0288e000 JavaThread "main" [_thread_blocked, id=19872, stack(0x01010000,0x01060000)]

Other Threads:
  0x04ee1000 VMThread [stack: 0x050e0000,0x05130000] [id=20836]
  0x04fec400 WatcherThread [stack: 0x05790000,0x057e0000] [id=2044]

VM state:not at safepoint (normal execution)

VM Mutex/Monitor currently owned by a thread: None

Heap:
 def new generation   total 32896K, used 14062K [0x07a00000, 0x09db0000, 0x0cf50000)
  eden space 29248K,  48% used [0x07a00000, 0x087baa50, 0x09690000)
  from space 3648K,   0% used [0x09690000, 0x09690fa0, 0x09a20000)
  to   space 3648K,   0% used [0x09a20000, 0x09a20000, 0x09db0000)
 tenured generation   total 72912K, used 68613K [0x0cf50000, 0x11684000, 0x17a00000)
   the space 72912K,  94% used [0x0cf50000, 0x11251600, 0x11251600, 0x11684000)
 Metaspace       used 25471K, capacity 26778K, committed 26880K, reserved 27008K

Card table byte_map: [0x029a0000,0x02a30000] byte_map_base: 0x02963000

Polling page: 0x00da0000

CodeCache: size=32768Kb used=5370Kb max_used=5370Kb free=27397Kb
 bounds [0x02a80000, 0x02fc0000, 0x04a80000]
 total_blobs=3428 nmethods=2953 adapters=413
 compilation: enabled

Compilation events (10 events):
Event: 90.917 Thread 0x04fb5800 3001             java.io.ObjectInputStream$BlockDataInputStream::peekByte (20 bytes)
Event: 90.917 Thread 0x04fb5800 nmethod 3001 0x02fbcdc8 code [0x02fbcee0, 0x02fbcff8]
Event: 90.917 Thread 0x04fb5800 3002             java.io.ObjectInputStream$BlockDataInputStream::peek (55 bytes)
Event: 90.917 Thread 0x04fb5800 nmethod 3002 0x02fbd0c8 code [0x02fbd1e0, 0x02fbd308]
Event: 90.918 Thread 0x04fb5800 3003 %           com.sun.javafx.image.impl.ByteGrayAlpha$ToByteBgraSameConv::doConvert @ 27 (111 bytes)
Event: 90.918 Thread 0x04fb5800 nmethod 3003% 0x02fbd408 code [0x02fbd520, 0x02fbd840]
Event: 90.921 Thread 0x04fb5800 3004             java.util.LinkedList::node (65 bytes)
Event: 90.922 Thread 0x04fb5800 nmethod 3004 0x02fbdb48 code [0x02fbdc50, 0x02fbdd30]
Event: 90.923 Thread 0x04fb5800 3005             sun.security.ssl.OutputRecord::availableDataBytes (15 bytes)
Event: 90.923 Thread 0x04fb5800 nmethod 3005 0x02fbde08 code [0x02fbdf00, 0x02fbdf90]

GC Heap History (10 events):
Event: 7.829 GC heap before
{Heap before GC invocations=47 (full 7):
 def new generation   total 32896K, used 30605K [0x07a00000, 0x09db0000, 0x0cf50000)
  eden space 29248K, 100% used [0x07a00000, 0x09690000, 0x09690000)
  from space 3648K,  37% used [0x09a20000, 0x09b73788, 0x09db0000)
  to   space 3648K,   0% used [0x09690000, 0x09690000, 0x09a20000)
 tenured generation   total 72912K, used 43745K [0x0cf50000, 0x11684000, 0x17a00000)
   the space 72912K,  59% used [0x0cf50000, 0x0fa086d0, 0x0fa08800, 0x11684000)
 Metaspace       used 23307K, capacity 24356K, committed 24448K, reserved 24960K
Event: 7.835 GC heap after
Heap after GC invocations=48 (full 7):
 def new generation   total 32896K, used 2526K [0x07a00000, 0x09db0000, 0x0cf50000)
  eden space 29248K,   0% used [0x07a00000, 0x07a00000, 0x09690000)
  from space 3648K,  69% used [0x09690000, 0x09907b80, 0x09a20000)
  to   space 3648K,   0% used [0x09a20000, 0x09a20000, 0x09db0000)
 tenured generation   total 72912K, used 43745K [0x0cf50000, 0x11684000, 0x17a00000)
   the space 72912K,  59% used [0x0cf50000, 0x0fa086d0, 0x0fa08800, 0x11684000)
 Metaspace       used 23307K, capacity 24356K, committed 24448K, reserved 24960K
}
Event: 11.937 GC heap before
{Heap before GC invocations=48 (full 7):
 def new generation   total 32896K, used 31774K [0x07a00000, 0x09db0000, 0x0cf50000)
  eden space 29248K, 100% used [0x07a00000, 0x09690000, 0x09690000)
  from space 3648K,  69% used [0x09690000, 0x09907b80, 0x09a20000)
  to   space 3648K,   0% used [0x09a20000, 0x09a20000, 0x09db0000)
 tenured generation   total 72912K, used 43745K [0x0cf50000, 0x11684000, 0x17a00000)
   the space 72912K,  59% used [0x0cf50000, 0x0fa086d0, 0x0fa08800, 0x11684000)
 Metaspace       used 23804K, capacity 24967K, committed 25088K, reserved 25984K
Event: 11.948 GC heap after
Heap after GC invocations=49 (full 7):
 def new generation   total 32896K, used 3648K [0x07a00000, 0x09db0000, 0x0cf50000)
  eden space 29248K,   0% used [0x07a00000, 0x07a00000, 0x09690000)
  from space 3648K, 100% used [0x09a20000, 0x09db0000, 0x09db0000)
  to   space 3648K,   0% used [0x09690000, 0x09690000, 0x09a20000)
 tenured generation   total 72912K, used 47596K [0x0cf50000, 0x11684000, 0x17a00000)
   the space 72912K,  65% used [0x0cf50000, 0x0fdcb250, 0x0fdcb400, 0x11684000)
 Metaspace       used 23804K, capacity 24967K, committed 25088K, reserved 25984K
}
Event: 12.784 GC heap before
{Heap before GC invocations=49 (full 7):
 def new generation   total 32896K, used 32896K [0x07a00000, 0x09db0000, 0x0cf50000)
  eden space 29248K, 100% used [0x07a00000, 0x09690000, 0x09690000)
  from space 3648K, 100% used [0x09a20000, 0x09db0000, 0x09db0000)
  to   space 3648K,   0% used [0x09690000, 0x09690000, 0x09a20000)
 tenured generation   total 72912K, used 47596K [0x0cf50000, 0x11684000, 0x17a00000)
   the space 72912K,  65% used [0x0cf50000, 0x0fdcb250, 0x0fdcb400, 0x11684000)
 Metaspace       used 24838K, capacity 26027K, committed 26112K, reserved 27008K
Event: 12.793 GC heap after
Heap after GC invocations=50 (full 7):
 def new generation   total 32896K, used 2447K [0x07a00000, 0x09db0000, 0x0cf50000)
  eden space 29248K,   0% used [0x07a00000, 0x07a00000, 0x09690000)
  from space 3648K,  67% used [0x09690000, 0x098f3e48, 0x09a20000)
  to   space 3648K,   0% used [0x09a20000, 0x09a20000, 0x09db0000)
 tenured generation   total 72912K, used 51213K [0x0cf50000, 0x11684000, 0x17a00000)
   the space 72912K,  70% used [0x0cf50000, 0x101534a8, 0x10153600, 0x11684000)
 Metaspace       used 24838K, capacity 26027K, committed 26112K, reserved 27008K
}
Event: 12.856 GC heap before
{Heap before GC invocations=50 (full 7):
 def new generation   total 32896K, used 31695K [0x07a00000, 0x09db0000, 0x0cf50000)
  eden space 29248K, 100% used [0x07a00000, 0x09690000, 0x09690000)
  from space 3648K,  67% used [0x09690000, 0x098f3e88, 0x09a20000)
  to   space 3648K,   0% used [0x09a20000, 0x09a20000, 0x09db0000)
 tenured generation   total 72912K, used 51213K [0x0cf50000, 0x11684000, 0x17a00000)
   the space 72912K,  70% used [0x0cf50000, 0x101534a8, 0x10153600, 0x11684000)
 Metaspace       used 25017K, capacity 26214K, committed 26240K, reserved 27008K
Event: 12.866 GC heap after
Heap after GC invocations=51 (full 7):
 def new generation   total 32896K, used 2210K [0x07a00000, 0x09db0000, 0x0cf50000)
  eden space 29248K,   0% used [0x07a00000, 0x07a00000, 0x09690000)
  from space 3648K,  60% used [0x09a20000, 0x09c48888, 0x09db0000)
  to   space 3648K,   0% used [0x09690000, 0x09690000, 0x09a20000)
 tenured generation   total 72912K, used 66405K [0x0cf50000, 0x11684000, 0x17a00000)
   the space 72912K,  91% used [0x0cf50000, 0x11029458, 0x11029600, 0x11684000)
 Metaspace       used 25017K, capacity 26214K, committed 26240K, reserved 27008K
}
Event: 12.866 GC heap before
{Heap before GC invocations=51 (full 7):
 def new generation   total 32896K, used 2295K [0x07a00000, 0x09db0000, 0x0cf50000)
  eden space 29248K,   0% used [0x07a00000, 0x07a15528, 0x09690000)
  from space 3648K,  60% used [0x09a20000, 0x09c48888, 0x09db0000)
  to   space 3648K,   0% used [0x09690000, 0x09690000, 0x09a20000)
 tenured generation   total 72912K, used 66405K [0x0cf50000, 0x11684000, 0x17a00000)
   the space 72912K,  91% used [0x0cf50000, 0x11029458, 0x11029600, 0x11684000)
 Metaspace       used 25017K, capacity 26214K, committed 26240K, reserved 27008K
Event: 12.869 GC heap after
Heap after GC invocations=52 (full 7):
 def new generation   total 32896K, used 3K [0x07a00000, 0x09db0000, 0x0cf50000)
  eden space 29248K,   0% used [0x07a00000, 0x07a00000, 0x09690000)
  from space 3648K,   0% used [0x09690000, 0x09690fa0, 0x09a20000)
  to   space 3648K,   0% used [0x09a20000, 0x09a20000, 0x09db0000)
 tenured generation   total 72912K, used 68613K [0x0cf50000, 0x11684000, 0x17a00000)
   the space 72912K,  94% used [0x0cf50000, 0x11251600, 0x11251600, 0x11684000)
 Metaspace       used 25017K, capacity 26214K, committed 26240K, reserved 27008K
}

Deoptimization events (0 events):
No events

Classes redefined (0 events):
No events

Internal exceptions (10 events):
Event: 12.798 Thread 0x1f524c00 Exception <a 'java/io/FileNotFoundException'> (0x07b70988) thrown at [C:\re\workspace\8-2-build-windows-i586-cygwin\jdk8u211\12973\hotspot\src\share\vm\prims\jni.cpp, line 710]
Event: 12.800 Thread 0x1f524c00 Exception <a 'java/io/FileNotFoundException'> (0x07be8630) thrown at [C:\re\workspace\8-2-build-windows-i586-cygwin\jdk8u211\12973\hotspot\src\share\vm\prims\jni.cpp, line 710]
Event: 12.802 Thread 0x1f524c00 Exception <a 'java/io/FileNotFoundException'> (0x07c39030) thrown at [C:\re\workspace\8-2-build-windows-i586-cygwin\jdk8u211\12973\hotspot\src\share\vm\prims\jni.cpp, line 710]
Event: 12.806 Thread 0x1f524c00 Exception <a 'java/io/FileNotFoundException'> (0x07d7d790) thrown at [C:\re\workspace\8-2-build-windows-i586-cygwin\jdk8u211\12973\hotspot\src\share\vm\prims\jni.cpp, line 710]
Event: 12.811 Thread 0x1f524c00 Exception <a 'java/lang/ArrayIndexOutOfBoundsException'> (0x07e75cc0) thrown at [C:\re\workspace\8-2-build-windows-i586-cygwin\jdk8u211\12973\hotspot\src\share\vm\runtime\sharedRuntime.cpp, line 605]
Event: 12.834 Thread 0x05941400 Exception <a 'java/io/FileNotFoundException'> (0x07f4be00) thrown at [C:\re\workspace\8-2-build-windows-i586-cygwin\jdk8u211\12973\hotspot\src\share\vm\prims\jni.cpp, line 710]
Event: 12.835 Thread 0x05941400 Exception <a 'java/io/FileNotFoundException'> (0x07f6b5c0) thrown at [C:\re\workspace\8-2-build-windows-i586-cygwin\jdk8u211\12973\hotspot\src\share\vm\prims\jni.cpp, line 710]
Event: 90.882 Thread 0x1f523c00 Exception <a 'java/lang/NullPointerException'> (0x07ebb798) thrown at [C:\re\workspace\8-2-build-windows-i586-cygwin\jdk8u211\12973\hotspot\src\share\vm\interpreter\linkResolver.cpp, line 1185]
Event: 90.904 Thread 0x1f523c00 Exception <a 'java/io/FileNotFoundException'> (0x08155c08) thrown at [C:\re\workspace\8-2-build-windows-i586-cygwin\jdk8u211\12973\hotspot\src\share\vm\prims\jni.cpp, line 710]
Event: 90.920 Thread 0x1f523c00 Exception <a 'java/io/FileNotFoundException'> (0x08323960) thrown at [C:\re\workspace\8-2-build-windows-i586-cygwin\jdk8u211\12973\hotspot\src\share\vm\prims\jni.cpp, line 710]

Events (10 events):
Event: 90.928 loading class com/sun/prism/impl/ps/CachingShapeRepState$CacheEntry
Event: 90.928 loading class com/sun/prism/impl/ps/CachingShapeRepState$CacheEntry done
Event: 90.928 loading class com/sun/prism/impl/ps/CachingShapeRepState$CacheEntry
Event: 90.928 loading class com/sun/prism/impl/ps/CachingShapeRepState$CacheEntry done
Event: 90.929 loading class com/sun/prism/impl/ps/CachingShapeRepState$MaskTexData
Event: 90.929 loading class com/sun/prism/impl/ps/CachingShapeRepState$MaskTexData done
Event: 90.929 loading class com/sun/prism/impl/ps/CachingShapeRepState$CSRDisposerRecord
Event: 90.929 loading class com/sun/prism/impl/ps/CachingShapeRepState$CSRDisposerRecord done
Event: 90.929 loading class sun/java2d/pipe/hw/AccelDeviceEventNotifier
Event: 90.929 loading class sun/java2d/pipe/hw/AccelDeviceEventNotifier done


Dynamic libraries:
0x01130000 - 0x01163000 	C:\Program Files (x86)\Java\jre1.8.0_211\bin\java.exe
0x77e20000 - 0x77fbc000 	C:\Windows\SYSTEM32\ntdll.dll
0x77400000 - 0x774e0000 	C:\Windows\System32\KERNEL32.DLL
0x77bb0000 - 0x77daa000 	C:\Windows\System32\KERNELBASE.dll
0x70450000 - 0x704ec000 	C:\Windows\SYSTEM32\apphelp.dll
0x515a0000 - 0x51837000 	C:\Program Files\Norton Security\NortonData\22.11.1.5\Definitions\IPSDefs\20190718.061\IPSEng32.dll
0x77b30000 - 0x77bae000 	C:\Windows\System32\ADVAPI32.dll
0x76530000 - 0x765f0000 	C:\Windows\System32\msvcrt.dll
0x77210000 - 0x77289000 	C:\Windows\System32\sechost.dll
0x772b0000 - 0x7736f000 	C:\Windows\System32\RPCRT4.dll
0x75490000 - 0x754b0000 	C:\Windows\System32\SspiCli.dll
0x75480000 - 0x7548a000 	C:\Windows\System32\CRYPTBASE.dll
0x75fc0000 - 0x76022000 	C:\Windows\System32\bcryptPrimitives.dll
0x75e90000 - 0x75e96000 	C:\Windows\System32\PSAPI.DLL
0x754b0000 - 0x75649000 	C:\Windows\System32\USER32.dll
0x75de0000 - 0x75df7000 	C:\Windows\System32\win32u.dll
0x77960000 - 0x77983000 	C:\Windows\System32\GDI32.dll
0x765f0000 - 0x76756000 	C:\Windows\System32\gdi32full.dll
0x757c0000 - 0x75840000 	C:\Windows\System32\msvcp_win.dll
0x76840000 - 0x76962000 	C:\Windows\System32\ucrtbase.dll
0x6e900000 - 0x6eb0f000 	C:\Windows\WinSxS\x86_microsoft.windows.common-controls_6595b64144ccf1df_6.0.17763.615_none_4d6178211b9c4dda\COMCTL32.dll
0x76f80000 - 0x771f8000 	C:\Windows\System32\combase.dll
0x77370000 - 0x77395000 	C:\Windows\System32\IMM32.DLL
0x57940000 - 0x579ff000 	C:\Program Files (x86)\Java\jre1.8.0_211\bin\msvcr100.dll
0x07530000 - 0x07905000 	C:\Program Files (x86)\Java\jre1.8.0_211\bin\client\jvm.dll
0x6e780000 - 0x6e788000 	C:\Windows\SYSTEM32\WSOCK32.dll
0x74f30000 - 0x74f38000 	C:\Windows\SYSTEM32\VERSION.dll
0x71cb0000 - 0x71cd4000 	C:\Windows\SYSTEM32\WINMM.dll
0x77db0000 - 0x77e0f000 	C:\Windows\System32\WS2_32.dll
0x71c00000 - 0x71c23000 	C:\Windows\SYSTEM32\winmmbase.dll
0x77ae0000 - 0x77b1b000 	C:\Windows\System32\cfgmgr32.dll
0x5ff70000 - 0x5ff7c000 	C:\Program Files (x86)\Java\jre1.8.0_211\bin\verify.dll
0x59ac0000 - 0x59ae1000 	C:\Program Files (x86)\Java\jre1.8.0_211\bin\java.dll
0x59a90000 - 0x59abb000 	C:\Program Files (x86)\Java\jre1.8.0_211\bin\jdwp.dll
0x59f80000 - 0x59f87000 	C:\Program Files (x86)\Java\jre1.8.0_211\bin\npt.dll
0x57920000 - 0x57940000 	C:\Program Files (x86)\Java\jre1.8.0_211\bin\instrument.dll
0x57750000 - 0x57764000 	C:\Program Files (x86)\Java\jre1.8.0_211\bin\zip.dll
0x75840000 - 0x75d8e000 	C:\Windows\System32\SHELL32.dll
0x76050000 - 0x760d9000 	C:\Windows\System32\shcore.dll
0x76980000 - 0x76f7c000 	C:\Windows\System32\windows.storage.dll
0x76820000 - 0x7683c000 	C:\Windows\System32\profapi.dll
0x773a0000 - 0x773f4000 	C:\Windows\System32\powrprof.dll
0x77640000 - 0x77684000 	C:\Windows\System32\shlwapi.dll
0x77ad0000 - 0x77adf000 	C:\Windows\System32\kernel.appcore.dll
0x75ea0000 - 0x75eb2000 	C:\Windows\System32\cryptsp.dll
0x59a80000 - 0x59a88000 	C:\Program Files (x86)\Java\jre1.8.0_211\bin\dt_socket.dll
0x70f20000 - 0x70f72000 	C:\Windows\system32\mswsock.dll
0x57740000 - 0x57743000 	C:\Program Files (x86)\Java\jre1.8.0_211\bin\api-ms-win-core-console-l1-1-0.dll
0x57730000 - 0x57733000 	C:\Program Files (x86)\Java\jre1.8.0_211\bin\api-ms-win-core-datetime-l1-1-0.dll
0x57720000 - 0x57723000 	C:\Program Files (x86)\Java\jre1.8.0_211\bin\api-ms-win-core-debug-l1-1-0.dll
0x57710000 - 0x57713000 	C:\Program Files (x86)\Java\jre1.8.0_211\bin\api-ms-win-core-errorhandling-l1-1-0.dll
0x57700000 - 0x57704000 	C:\Program Files (x86)\Java\jre1.8.0_211\bin\api-ms-win-core-file-l1-1-0.dll
0x576f0000 - 0x576f3000 	C:\Program Files (x86)\Java\jre1.8.0_211\bin\api-ms-win-core-file-l1-2-0.dll
0x576e0000 - 0x576e3000 	C:\Program Files (x86)\Java\jre1.8.0_211\bin\api-ms-win-core-file-l2-1-0.dll
0x57530000 - 0x57533000 	C:\Program Files (x86)\Java\jre1.8.0_211\bin\api-ms-win-core-handle-l1-1-0.dll
0x57520000 - 0x57523000 	C:\Program Files (x86)\Java\jre1.8.0_211\bin\api-ms-win-core-heap-l1-1-0.dll
0x57510000 - 0x57513000 	C:\Program Files (x86)\Java\jre1.8.0_211\bin\api-ms-win-core-interlocked-l1-1-0.dll
0x57500000 - 0x57503000 	C:\Program Files (x86)\Java\jre1.8.0_211\bin\api-ms-win-core-libraryloader-l1-1-0.dll
0x567d0000 - 0x567d3000 	C:\Program Files (x86)\Java\jre1.8.0_211\bin\api-ms-win-core-localization-l1-2-0.dll
0x567c0000 - 0x567c3000 	C:\Program Files (x86)\Java\jre1.8.0_211\bin\api-ms-win-core-memory-l1-1-0.dll
0x567b0000 - 0x567b3000 	C:\Program Files (x86)\Java\jre1.8.0_211\bin\api-ms-win-core-namedpipe-l1-1-0.dll
0x56790000 - 0x56793000 	C:\Program Files (x86)\Java\jre1.8.0_211\bin\api-ms-win-core-processenvironment-l1-1-0.dll
0x55880000 - 0x55883000 	C:\Program Files (x86)\Java\jre1.8.0_211\bin\api-ms-win-core-processthreads-l1-1-0.dll
0x55870000 - 0x55873000 	C:\Program Files (x86)\Java\jre1.8.0_211\bin\api-ms-win-core-processthreads-l1-1-1.dll
0x55860000 - 0x55863000 	C:\Program Files (x86)\Java\jre1.8.0_211\bin\api-ms-win-core-profile-l1-1-0.dll
0x55850000 - 0x55853000 	C:\Program Files (x86)\Java\jre1.8.0_211\bin\api-ms-win-core-rtlsupport-l1-1-0.dll
0x55840000 - 0x55843000 	C:\Program Files (x86)\Java\jre1.8.0_211\bin\api-ms-win-core-string-l1-1-0.dll
0x55830000 - 0x55833000 	C:\Program Files (x86)\Java\jre1.8.0_211\bin\api-ms-win-core-synch-l1-1-0.dll
0x55820000 - 0x55823000 	C:\Program Files (x86)\Java\jre1.8.0_211\bin\api-ms-win-core-synch-l1-2-0.dll
0x55810000 - 0x55813000 	C:\Program Files (x86)\Java\jre1.8.0_211\bin\api-ms-win-core-sysinfo-l1-1-0.dll
0x55800000 - 0x55803000 	C:\Program Files (x86)\Java\jre1.8.0_211\bin\api-ms-win-core-timezone-l1-1-0.dll
0x557f0000 - 0x557f3000 	C:\Program Files (x86)\Java\jre1.8.0_211\bin\api-ms-win-core-util-l1-1-0.dll
0x557e0000 - 0x557e3000 	C:\Program Files (x86)\Java\jre1.8.0_211\bin\api-ms-win-crt-conio-l1-1-0.dll
0x557d0000 - 0x557d4000 	C:\Program Files (x86)\Java\jre1.8.0_211\bin\api-ms-win-crt-convert-l1-1-0.dll
0x557c0000 - 0x557c3000 	C:\Program Files (x86)\Java\jre1.8.0_211\bin\api-ms-win-crt-environment-l1-1-0.dll
0x557b0000 - 0x557b3000 	C:\Program Files (x86)\Java\jre1.8.0_211\bin\api-ms-win-crt-filesystem-l1-1-0.dll
0x557a0000 - 0x557a3000 	C:\Program Files (x86)\Java\jre1.8.0_211\bin\api-ms-win-crt-heap-l1-1-0.dll
0x550a0000 - 0x550a3000 	C:\Program Files (x86)\Java\jre1.8.0_211\bin\api-ms-win-crt-locale-l1-1-0.dll
0x55090000 - 0x55095000 	C:\Program Files (x86)\Java\jre1.8.0_211\bin\api-ms-win-crt-math-l1-1-0.dll
0x55080000 - 0x55085000 	C:\Program Files (x86)\Java\jre1.8.0_211\bin\api-ms-win-crt-multibyte-l1-1-0.dll
0x55070000 - 0x55080000 	C:\Program Files (x86)\Java\jre1.8.0_211\bin\api-ms-win-crt-private-l1-1-0.dll
0x55060000 - 0x55063000 	C:\Program Files (x86)\Java\jre1.8.0_211\bin\api-ms-win-crt-process-l1-1-0.dll
0x55050000 - 0x55054000 	C:\Program Files (x86)\Java\jre1.8.0_211\bin\api-ms-win-crt-runtime-l1-1-0.dll
0x55040000 - 0x55044000 	C:\Program Files (x86)\Java\jre1.8.0_211\bin\api-ms-win-crt-stdio-l1-1-0.dll
0x53a70000 - 0x53a74000 	C:\Program Files (x86)\Java\jre1.8.0_211\bin\api-ms-win-crt-string-l1-1-0.dll
0x53a60000 - 0x53a63000 	C:\Program Files (x86)\Java\jre1.8.0_211\bin\api-ms-win-crt-time-l1-1-0.dll
0x53a50000 - 0x53a53000 	C:\Program Files (x86)\Java\jre1.8.0_211\bin\api-ms-win-crt-utility-l1-1-0.dll
0x05c00000 - 0x05d17000 	C:\Program Files (x86)\Java\jre1.8.0_211\bin\ucrtbase.dll
0x53a30000 - 0x53a45000 	C:\Program Files (x86)\Java\jre1.8.0_211\bin\vcruntime140.dll
0x51520000 - 0x51591000 	C:\Program Files (x86)\Java\jre1.8.0_211\bin\msvcp140.dll
0x539a0000 - 0x539dc000 	C:\Program Files (x86)\Java\jre1.8.0_211\bin\concrt140.dll
0x53a10000 - 0x53a2f000 	C:\Program Files (x86)\Java\jre1.8.0_211\bin\prism_d3d.dll
0x6b460000 - 0x6b5d1000 	C:\Windows\system32\d3d9.dll
0x6fd60000 - 0x6fd86000 	C:\Windows\SYSTEM32\dwmapi.dll
0x77690000 - 0x77829000 	C:\Windows\System32\CRYPT32.dll
0x76970000 - 0x7697e000 	C:\Windows\System32\MSASN1.dll
0x70770000 - 0x707eb000 	C:\Windows\system32\uxtheme.dll
0x69a70000 - 0x69bf3000 	C:\Windows\System32\DriverStore\FileRepository\c0341662.inf_amd64_6a03bbaf8486839e\B341390\aticfx32.dll
0x52400000 - 0x52429000 	C:\Windows\System32\DriverStore\FileRepository\c0341662.inf_amd64_6a03bbaf8486839e\B341390\atiu9pag.dll
0x05ec0000 - 0x0697b000 	C:\Windows\System32\DriverStore\FileRepository\c0341662.inf_amd64_6a03bbaf8486839e\B341390\atiumdag.dll
0x77540000 - 0x7763c000 	C:\Windows\System32\ole32.dll
0x67fa0000 - 0x68be4000 	C:\Windows\System32\DriverStore\FileRepository\c0341662.inf_amd64_6a03bbaf8486839e\B341390\atiumdva.dll
0x68bf0000 - 0x68c14000 	C:\Windows\SYSTEM32\amdihk32.dll
0x514e0000 - 0x51517000 	C:\Program Files (x86)\Java\jre1.8.0_211\bin\glass.dll
0x75ec0000 - 0x75fba000 	C:\Windows\System32\COMDLG32.dll
0x77830000 - 0x778c6000 	C:\Windows\System32\OLEAUT32.dll
0x77990000 - 0x77ace000 	C:\Windows\System32\MSCTF.dll
0x523e0000 - 0x523f5000 	C:\Program Files (x86)\Java\jre1.8.0_211\bin\net.dll
0x6f830000 - 0x6f9ec000 	C:\Windows\SYSTEM32\urlmon.dll
0x70ab0000 - 0x70cdf000 	C:\Windows\SYSTEM32\iertutil.dll
0x53a00000 - 0x53a0f000 	C:\Program Files (x86)\Java\jre1.8.0_211\bin\nio.dll
0x71dc0000 - 0x71def000 	C:\Windows\system32\rsaenh.dll
0x77290000 - 0x772a9000 	C:\Windows\System32\bcrypt.dll
0x74f00000 - 0x74f23000 	C:\Windows\SYSTEM32\USERENV.dll
0x753c0000 - 0x753f3000 	C:\Windows\SYSTEM32\IPHLPAPI.DLL
0x77b20000 - 0x77b27000 	C:\Windows\System32\NSI.dll
0x70fa0000 - 0x70fb3000 	C:\Windows\SYSTEM32\dhcpcsvc6.DLL
0x70f80000 - 0x70f94000 	C:\Windows\SYSTEM32\dhcpcsvc.DLL
0x73a50000 - 0x73ae0000 	C:\Windows\SYSTEM32\DNSAPI.dll
0x50130000 - 0x50168000 	C:\Users\Jeremy\AppData\Local\Temp\jna--2079637766\jna608173531388710225.dll
0x1c4d0000 - 0x1c617000 	C:\Program Files (x86)\Java\jre1.8.0_211\bin\awt.dll
0x53990000 - 0x539a0000 	C:\Program Files (x86)\Java\jre1.8.0_211\bin\javafx_font.dll
0x6b690000 - 0x6b920000 	C:\Windows\SYSTEM32\dwrite.dll
0x5de90000 - 0x5df69000 	C:\Windows\system32\opengl32.dll
0x5db90000 - 0x5dbcf000 	C:\Windows\SYSTEM32\GLU32.dll
0x500d0000 - 0x5010a000 	C:\Program Files (x86)\Java\jre1.8.0_211\bin\fontmanager.dll
0x6aed0000 - 0x6af69000 	C:\Windows\SYSTEM32\mscms.dll
0x6aec0000 - 0x6aecc000 	C:\Windows\SYSTEM32\ColorAdapterClient.dll

VM Arguments:
jvm_args: -agentlib:jdwp=transport=dt_socket,address=127.0.0.1:52328,suspend=y,server=n -javaagent:C:\Users\Jeremy\AppData\Local\JetBrains\Toolbox\apps\IDEA-C\ch-0\191.7479.19\lib\rt\debugger-agent.jar -Dfile.encoding=UTF-8 
java_command: com.runemate.boot.Boot -sdk -login=kenshin0707:B@con123
java_class_path (initial): C:\Program Files (x86)\Java\jre1.8.0_211\lib\charsets.jar;C:\Program Files (x86)\Java\jre1.8.0_211\lib\deploy.jar;C:\Program Files (x86)\Java\jre1.8.0_211\lib\ext\access-bridge-32.jar;C:\Program Files (x86)\Java\jre1.8.0_211\lib\ext\cldrdata.jar;C:\Program Files (x86)\Java\jre1.8.0_211\lib\ext\dnsns.jar;C:\Program Files (x86)\Java\jre1.8.0_211\lib\ext\jaccess.jar;C:\Program Files (x86)\Java\jre1.8.0_211\lib\ext\jfxrt.jar;C:\Program Files (x86)\Java\jre1.8.0_211\lib\ext\localedata.jar;C:\Program Files (x86)\Java\jre1.8.0_211\lib\ext\nashorn.jar;C:\Program Files (x86)\Java\jre1.8.0_211\lib\ext\sunec.jar;C:\Program Files (x86)\Java\jre1.8.0_211\lib\ext\sunjce_provider.jar;C:\Program Files (x86)\Java\jre1.8.0_211\lib\ext\sunmscapi.jar;C:\Program Files (x86)\Java\jre1.8.0_211\lib\ext\sunpkcs11.jar;C:\Program Files (x86)\Java\jre1.8.0_211\lib\ext\zipfs.jar;C:\Program Files (x86)\Java\jre1.8.0_211\lib\javaws.jar;C:\Program Files (x86)\Java\jre1.8.0_211\lib\jce.jar;C:\Program Files (x86)\Java\jre1.8.0_211\lib\jfr.jar;C:\Program Files (x86)\Java\jre1.8.0_211\lib\jfxswt.jar;C:\Program Files (x86)\Java\jre1.8.0_211\lib\jsse.jar;C:\Program Files (x86)\Java\jre1.8.0_211\lib\management-agent.jar;C:\Program Files (x86)\Java\jre1.8.0_211\lib\plugin.jar;C:\Program Files (x86)\Java\jre1.8.0_211\lib\resources.jar;C:\Program Files (x86)\Java\jre1.8.0_211\lib\rt.jar;C:\Users\Jeremy\IdeaProjects\RuneMate\out\production\RuneMate;C:\Users\Jeremy\Downloads\RuneMate (2).jar;C:\Users\Jeremy\Downloads\RuneMate (3).jar;C:\Users\Jeremy\AppData\Local\JetBrains\Toolbox\apps\IDEA-C\ch-0\191.7479.19\lib\idea_rt.jar;C:\Users\Jeremy\AppData\Local\JetBrains\Toolbox\apps\IDEA-C\ch-0\191.7479.19\lib\rt\debugger-agent.jar
Launcher Type: SUN_STANDARD

Environment Variables:
PATH=C:\Program Files (x86)\Common Files\Oracle\Java\javapath;C:\Program Files (x86)\Intel\Intel(R) Management Engine Components\iCLS\;C:\Program Files\Intel\Intel(R) Management Engine Components\iCLS\;C:\Windows\system32;C:\Windows;C:\Windows\System32\Wbem;C:\Windows\System32\WindowsPowerShell\v1.0\;C:\Windows\System32\OpenSSH\;C:\Program Files\Microsoft SQL Server\Client SDK\ODBC\130\Tools\Binn\;C:\Program Files (x86)\Microsoft SQL Server\140\Tools\Binn\;C:\Program Files\Microsoft SQL Server\140\Tools\Binn\;C:\Program Files\Microsoft SQL Server\140\DTS\Binn\;C:\Program Files (x86)\Microsoft SQL Server\Client SDK\ODBC\130\Tools\Binn\;C:\Program Files (x86)\Microsoft SQL Server\140\DTS\Binn\;C:\Program Files (x86)\Microsoft SQL Server\140\Tools\Binn\ManagementStudio\;C:\Program Files (x86)\Intel\Intel(R) Management Engine Components\DAL;C:\Program Files\Intel\Intel(R) Management Engine Components\DAL;C:\Program Files\dotnet\;C:\Program Files\Microsoft SQL Server\130\Tools\Binn\;C:\Program Files (x86)\Common Files\Intuit\QBPOSSDKRuntime;C:\Program Files\nodejs\;C:\Program Files\Git\cmd;C:\Program Files\MySQL\MySQL Shell 8.0\bin\;C:\Users\Jeremy\AppData\Roaming\npm;C:\Program Files (x86)\Java\jdk1.8.0_211;
USERNAME=Jeremy
OS=Windows_NT
PROCESSOR_IDENTIFIER=Intel64 Family 6 Model 158 Stepping 10, GenuineIntel



---------------  S Y S T E M  ---------------

OS: Windows 10.0 , 64 bit Build 17763 (10.0.17763.475)

CPU:total 6 (initial active 6) (6 cores per cpu, 1 threads per core) family 6 model 158 stepping 10, cmov, cx8, fxsr, mmx, sse, sse2, sse3, ssse3, sse4.1, sse4.2, popcnt, avx, avx2, aes, clmul, erms, 3dnowpref, lzcnt, tsc, tscinvbit, bmi1, bmi2, adx

Memory: 4k page, physical 16708944k(5490812k free), swap 43971920k(19267668k free)

vm_info: Java HotSpot(TM) Client VM (25.211-b12) for windows-x86 JRE (1.8.0_211-b12), built on Apr  1 2019 20:53:53 by "java_re" with MS VC++ 10.0 (VS2010)

time: Sat Jul 20 01:38:56 2019
timezone: Central Daylight Time
elapsed time: 91 seconds (0d 0h 1m 31s)

