#
# A fatal error has been detected by the Java Runtime Environment:
#
#  EXCEPTION_ACCESS_VIOLATION (0xc0000005) at pc=0x00000000, pid=18972, tid=0x0000569c
#
# JRE version: Java(TM) SE Runtime Environment (8.0_211-b12) (build 1.8.0_211-b12)
# Java VM: Java HotSpot(TM) Client VM (25.211-b12 mixed mode windows-x86 )
# Problematic frame:
# C  0x00000000
#
# Failed to write core dump. Minidumps are not enabled by default on client versions of Windows
#
# If you would like to submit a bug report, please visit:
#   http://bugreport.java.com/bugreport/crash.jsp
# The crash happened outside the Java Virtual Machine in native code.
# See problematic frame for where to report the bug.
#

---------------  T H R E A D  ---------------

Current thread (0x06270c00):  JavaThread "QuantumRenderer-0" daemon [_thread_in_native, id=22172, stack(0x06750000,0x067a0000)]

siginfo: ExceptionCode=0xc0000005, ExceptionInformation=0x00000008 0x00000000

Registers:
EAX=0x016d3e18, EBX=0x00000000, ECX=0x00000000, EDX=0x00000016
ESP=0x0679b6fc, EBP=0x0679b71c, ESI=0x00000000, EDI=0x1dca4740
EIP=0x00000000, EFLAGS=0x00010202

Top of Stack: (sp=0x0679b6fc)
0x0679b6fc:   6b760c98 1dc80f70 1dc801dc 1dca4740
0x0679b70c:   6b784211 1dc827c8 6b7841c0 00000000
0x0679b71c:   0679b758 2461bd25 1dca4740 1dc9b4d8
0x0679b72c:   1dc9b4dc 2461bba0 00000000 00000000
0x0679b73c:   00000000 00000000 00000000 1dc9b4dc
0x0679b74c:   1dc9b564 00000000 01cb6ff4 0679b774
0x0679b75c:   2461baf7 00000003 1dc9b4d8 1dc9b4d8
0x0679b76c:   1dc986f8 1dc9b4d8 0679b7b0 2461b912 

Instructions: (pc=0x00000000)
0xffffffe0:   


Register to memory mapping:

EAX=0x016d3e18 is an unknown value
EBX=0x00000000 is an unknown value
ECX=0x00000000 is an unknown value
EDX=0x00000016 is an unknown value
ESP=0x0679b6fc is pointing into the stack for thread: 0x06270c00
EBP=0x0679b71c is pointing into the stack for thread: 0x06270c00
ESI=0x00000000 is an unknown value
EDI=0x1dca4740 is an unknown value


Stack: [0x06750000,0x067a0000],  sp=0x0679b6fc,  free space=301k
Java frames: (J=compiled Java code, j=interpreted, Vv=VM code)
j  com.sun.javafx.font.directwrite.OS.EndDraw(J)I+0
J 2898 C1 com.sun.javafx.font.directwrite.DWGlyph.getD2DMask(FFZ)[B (687 bytes) @ 0x03910f4c [0x03910460+0xaec]
j  com.sun.javafx.font.directwrite.DWGlyph.getPixelData(I)[B+94
J 2486 C1 com.sun.prism.impl.GlyphCache.getCachedGlyph(II)Lcom/sun/prism/impl/GlyphCache$GlyphData; (461 bytes) @ 0x0387f294 [0x0387efa0+0x2f4]
J 2458 C1 com.sun.prism.impl.GlyphCache.render(Lcom/sun/prism/impl/BaseContext;Lcom/sun/javafx/scene/text/GlyphList;FFIILcom/sun/prism/paint/Color;Lcom/sun/prism/paint/Color;Lcom/sun/javafx/geom/transform/BaseTransform;Lcom/sun/javafx/geom/BaseBounds;)V (326 bytes) @ 0x03875d1c [0x03875ae0+0x23c]
J 2730 C1 com.sun.prism.impl.ps.BaseShaderGraphics.drawString(Lcom/sun/javafx/scene/text/GlyphList;Lcom/sun/javafx/font/FontStrike;FFLcom/sun/prism/paint/Color;II)V (819 bytes) @ 0x038d2be0 [0x038d1030+0x1bb0]
J 2586 C1 com.sun.javafx.sg.prism.NGText.renderText(Lcom/sun/prism/Graphics;Lcom/sun/javafx/font/FontStrike;Lcom/sun/javafx/geom/BaseBounds;Lcom/sun/prism/paint/Color;I)V (523 bytes) @ 0x038a5eb4 [0x038a5c30+0x284]
J 2739 C1 com.sun.javafx.sg.prism.NGText.renderContent2D(Lcom/sun/prism/Graphics;Z)V (355 bytes) @ 0x038d66ec [0x038d63e0+0x30c]
J 2679 C1 com.sun.javafx.sg.prism.NGShape.renderContent(Lcom/sun/prism/Graphics;)V (458 bytes) @ 0x038c498c [0x038c42c0+0x6cc]
J 1505 C1 com.sun.javafx.sg.prism.NGNode.doRender(Lcom/sun/prism/Graphics;)V (473 bytes) @ 0x036e2ee8 [0x036e2b20+0x3c8]
J 1494 C1 com.sun.javafx.sg.prism.NGNode.render(Lcom/sun/prism/Graphics;)V (38 bytes) @ 0x036d9960 [0x036d98e0+0x80]
J 1360 C1 com.sun.javafx.sg.prism.NGGroup.renderContent(Lcom/sun/prism/Graphics;)V (436 bytes) @ 0x036acee0 [0x036acbb0+0x330]
J 1493 C1 com.sun.javafx.sg.prism.NGRegion.renderContent(Lcom/sun/prism/Graphics;)V (115 bytes) @ 0x036d92f4 [0x036d9070+0x284]
J 1858 C1 com.sun.javafx.sg.prism.NGNode.renderOpacity(Lcom/sun/prism/Graphics;)V (322 bytes) @ 0x03767294 [0x03766d80+0x514]
J 1505 C1 com.sun.javafx.sg.prism.NGNode.doRender(Lcom/sun/prism/Graphics;)V (473 bytes) @ 0x036e2e58 [0x036e2b20+0x338]
J 1494 C1 com.sun.javafx.sg.prism.NGNode.render(Lcom/sun/prism/Graphics;)V (38 bytes) @ 0x036d9960 [0x036d98e0+0x80]
J 1360 C1 com.sun.javafx.sg.prism.NGGroup.renderContent(Lcom/sun/prism/Graphics;)V (436 bytes) @ 0x036acee0 [0x036acbb0+0x330]
J 1493 C1 com.sun.javafx.sg.prism.NGRegion.renderContent(Lcom/sun/prism/Graphics;)V (115 bytes) @ 0x036d92f4 [0x036d9070+0x284]
J 1858 C1 com.sun.javafx.sg.prism.NGNode.renderOpacity(Lcom/sun/prism/Graphics;)V (322 bytes) @ 0x03767294 [0x03766d80+0x514]
J 1505 C1 com.sun.javafx.sg.prism.NGNode.doRender(Lcom/sun/prism/Graphics;)V (473 bytes) @ 0x036e2e58 [0x036e2b20+0x338]
J 1494 C1 com.sun.javafx.sg.prism.NGNode.render(Lcom/sun/prism/Graphics;)V (38 bytes) @ 0x036d9960 [0x036d98e0+0x80]
J 1360 C1 com.sun.javafx.sg.prism.NGGroup.renderContent(Lcom/sun/prism/Graphics;)V (436 bytes) @ 0x036acee0 [0x036acbb0+0x330]
J 1493 C1 com.sun.javafx.sg.prism.NGRegion.renderContent(Lcom/sun/prism/Graphics;)V (115 bytes) @ 0x036d92f4 [0x036d9070+0x284]
J 1505 C1 com.sun.javafx.sg.prism.NGNode.doRender(Lcom/sun/prism/Graphics;)V (473 bytes) @ 0x036e2ee8 [0x036e2b20+0x3c8]
J 1494 C1 com.sun.javafx.sg.prism.NGNode.render(Lcom/sun/prism/Graphics;)V (38 bytes) @ 0x036d9960 [0x036d98e0+0x80]
J 1360 C1 com.sun.javafx.sg.prism.NGGroup.renderContent(Lcom/sun/prism/Graphics;)V (436 bytes) @ 0x036acee0 [0x036acbb0+0x330]
J 1493 C1 com.sun.javafx.sg.prism.NGRegion.renderContent(Lcom/sun/prism/Graphics;)V (115 bytes) @ 0x036d92f4 [0x036d9070+0x284]
J 1505 C1 com.sun.javafx.sg.prism.NGNode.doRender(Lcom/sun/prism/Graphics;)V (473 bytes) @ 0x036e2ee8 [0x036e2b20+0x3c8]
J 1494 C1 com.sun.javafx.sg.prism.NGNode.render(Lcom/sun/prism/Graphics;)V (38 bytes) @ 0x036d9960 [0x036d98e0+0x80]
J 1360 C1 com.sun.javafx.sg.prism.NGGroup.renderContent(Lcom/sun/prism/Graphics;)V (436 bytes) @ 0x036acee0 [0x036acbb0+0x330]
J 1493 C1 com.sun.javafx.sg.prism.NGRegion.renderContent(Lcom/sun/prism/Graphics;)V (115 bytes) @ 0x036d92f4 [0x036d9070+0x284]
J 1505 C1 com.sun.javafx.sg.prism.NGNode.doRender(Lcom/sun/prism/Graphics;)V (473 bytes) @ 0x036e2ee8 [0x036e2b20+0x3c8]
J 1494 C1 com.sun.javafx.sg.prism.NGNode.render(Lcom/sun/prism/Graphics;)V (38 bytes) @ 0x036d9960 [0x036d98e0+0x80]
J 1360 C1 com.sun.javafx.sg.prism.NGGroup.renderContent(Lcom/sun/prism/Graphics;)V (436 bytes) @ 0x036acee0 [0x036acbb0+0x330]
J 1493 C1 com.sun.javafx.sg.prism.NGRegion.renderContent(Lcom/sun/prism/Graphics;)V (115 bytes) @ 0x036d92f4 [0x036d9070+0x284]
J 1505 C1 com.sun.javafx.sg.prism.NGNode.doRender(Lcom/sun/prism/Graphics;)V (473 bytes) @ 0x036e2ee8 [0x036e2b20+0x3c8]
J 1494 C1 com.sun.javafx.sg.prism.NGNode.render(Lcom/sun/prism/Graphics;)V (38 bytes) @ 0x036d9960 [0x036d98e0+0x80]
J 1360 C1 com.sun.javafx.sg.prism.NGGroup.renderContent(Lcom/sun/prism/Graphics;)V (436 bytes) @ 0x036acee0 [0x036acbb0+0x330]
J 1493 C1 com.sun.javafx.sg.prism.NGRegion.renderContent(Lcom/sun/prism/Graphics;)V (115 bytes) @ 0x036d92f4 [0x036d9070+0x284]
J 1505 C1 com.sun.javafx.sg.prism.NGNode.doRender(Lcom/sun/prism/Graphics;)V (473 bytes) @ 0x036e2ee8 [0x036e2b20+0x3c8]
J 1494 C1 com.sun.javafx.sg.prism.NGNode.render(Lcom/sun/prism/Graphics;)V (38 bytes) @ 0x036d9960 [0x036d98e0+0x80]
J 1360 C1 com.sun.javafx.sg.prism.NGGroup.renderContent(Lcom/sun/prism/Graphics;)V (436 bytes) @ 0x036acee0 [0x036acbb0+0x330]
J 1493 C1 com.sun.javafx.sg.prism.NGRegion.renderContent(Lcom/sun/prism/Graphics;)V (115 bytes) @ 0x036d92f4 [0x036d9070+0x284]
J 1505 C1 com.sun.javafx.sg.prism.NGNode.doRender(Lcom/sun/prism/Graphics;)V (473 bytes) @ 0x036e2ee8 [0x036e2b20+0x3c8]
J 1494 C1 com.sun.javafx.sg.prism.NGNode.render(Lcom/sun/prism/Graphics;)V (38 bytes) @ 0x036d9960 [0x036d98e0+0x80]
J 1360 C1 com.sun.javafx.sg.prism.NGGroup.renderContent(Lcom/sun/prism/Graphics;)V (436 bytes) @ 0x036acee0 [0x036acbb0+0x330]
J 1493 C1 com.sun.javafx.sg.prism.NGRegion.renderContent(Lcom/sun/prism/Graphics;)V (115 bytes) @ 0x036d92f4 [0x036d9070+0x284]
J 1505 C1 com.sun.javafx.sg.prism.NGNode.doRender(Lcom/sun/prism/Graphics;)V (473 bytes) @ 0x036e2ee8 [0x036e2b20+0x3c8]
J 1494 C1 com.sun.javafx.sg.prism.NGNode.render(Lcom/sun/prism/Graphics;)V (38 bytes) @ 0x036d9960 [0x036d98e0+0x80]
J 1360 C1 com.sun.javafx.sg.prism.NGGroup.renderContent(Lcom/sun/prism/Graphics;)V (436 bytes) @ 0x036acee0 [0x036acbb0+0x330]
J 1493 C1 com.sun.javafx.sg.prism.NGRegion.renderContent(Lcom/sun/prism/Graphics;)V (115 bytes) @ 0x036d92f4 [0x036d9070+0x284]
J 1858 C1 com.sun.javafx.sg.prism.NGNode.renderOpacity(Lcom/sun/prism/Graphics;)V (322 bytes) @ 0x03767294 [0x03766d80+0x514]
J 1505 C1 com.sun.javafx.sg.prism.NGNode.doRender(Lcom/sun/prism/Graphics;)V (473 bytes) @ 0x036e2e58 [0x036e2b20+0x338]
J 1494 C1 com.sun.javafx.sg.prism.NGNode.render(Lcom/sun/prism/Graphics;)V (38 bytes) @ 0x036d9960 [0x036d98e0+0x80]
J 1360 C1 com.sun.javafx.sg.prism.NGGroup.renderContent(Lcom/sun/prism/Graphics;)V (436 bytes) @ 0x036acee0 [0x036acbb0+0x330]
J 1493 C1 com.sun.javafx.sg.prism.NGRegion.renderContent(Lcom/sun/prism/Graphics;)V (115 bytes) @ 0x036d92f4 [0x036d9070+0x284]
J 1505 C1 com.sun.javafx.sg.prism.NGNode.doRender(Lcom/sun/prism/Graphics;)V (473 bytes) @ 0x036e2ee8 [0x036e2b20+0x3c8]
J 1494 C1 com.sun.javafx.sg.prism.NGNode.render(Lcom/sun/prism/Graphics;)V (38 bytes) @ 0x036d9960 [0x036d98e0+0x80]
J 1360 C1 com.sun.javafx.sg.prism.NGGroup.renderContent(Lcom/sun/prism/Graphics;)V (436 bytes) @ 0x036acee0 [0x036acbb0+0x330]
J 1493 C1 com.sun.javafx.sg.prism.NGRegion.renderContent(Lcom/sun/prism/Graphics;)V (115 bytes) @ 0x036d92f4 [0x036d9070+0x284]
j  com.sun.javafx.sg.prism.NGNode.renderForClip(Lcom/sun/prism/Graphics;)V+17
j  com.sun.javafx.sg.prism.NGNode.renderRectClip(Lcom/sun/prism/Graphics;Lcom/sun/javafx/sg/prism/NGRectangle;)V+106
j  com.sun.javafx.sg.prism.NGNode.renderClip(Lcom/sun/prism/Graphics;)V+83
J 1505 C1 com.sun.javafx.sg.prism.NGNode.doRender(Lcom/sun/prism/Graphics;)V (473 bytes) @ 0x036e2ea8 [0x036e2b20+0x388]
J 1494 C1 com.sun.javafx.sg.prism.NGNode.render(Lcom/sun/prism/Graphics;)V (38 bytes) @ 0x036d9960 [0x036d98e0+0x80]
J 1360 C1 com.sun.javafx.sg.prism.NGGroup.renderContent(Lcom/sun/prism/Graphics;)V (436 bytes) @ 0x036acee0 [0x036acbb0+0x330]
J 1493 C1 com.sun.javafx.sg.prism.NGRegion.renderContent(Lcom/sun/prism/Graphics;)V (115 bytes) @ 0x036d92f4 [0x036d9070+0x284]
j  com.sun.javafx.sg.prism.NodeEffectInput.getImageDataForBoundedNode(Lcom/sun/scenario/effect/FilterContext;Lcom/sun/javafx/sg/prism/NGNode;Lcom/sun/javafx/sg/prism/NodeEffectInput$RenderType;Lcom/sun/javafx/geom/transform/BaseTransform;Lcom/sun/javafx/geom/Rectangle;)Lcom/sun/scenario/effect/ImageData;+103
j  com.sun.javafx.sg.prism.NodeEffectInput.filter(Lcom/sun/scenario/effect/FilterContext;Lcom/sun/javafx/geom/transform/BaseTransform;Lcom/sun/javafx/geom/Rectangle;Ljava/lang/Object;Lcom/sun/scenario/effect/Effect;)Lcom/sun/scenario/effect/ImageData;+163
j  com.sun.scenario.effect.FilterEffect.filter(Lcom/sun/scenario/effect/FilterContext;Lcom/sun/javafx/geom/transform/BaseTransform;Lcom/sun/javafx/geom/Rectangle;Ljava/lang/Object;Lcom/sun/scenario/effect/Effect;)Lcom/sun/scenario/effect/ImageData;+111
j  com.sun.scenario.effect.impl.prism.PrEffectHelper.render(Lcom/sun/scenario/effect/Effect;Lcom/sun/prism/Graphics;FFLcom/sun/scenario/effect/Effect;)V+511
j  com.sun.javafx.sg.prism.EffectFilter.render(Lcom/sun/prism/Graphics;)V+13
j  com.sun.javafx.sg.prism.NGNode.renderEffect(Lcom/sun/prism/Graphics;)V+5
J 1505 C1 com.sun.javafx.sg.prism.NGNode.doRender(Lcom/sun/prism/Graphics;)V (473 bytes) @ 0x036e2f0c [0x036e2b20+0x3ec]
J 1494 C1 com.sun.javafx.sg.prism.NGNode.render(Lcom/sun/prism/Graphics;)V (38 bytes) @ 0x036d9960 [0x036d98e0+0x80]
J 1360 C1 com.sun.javafx.sg.prism.NGGroup.renderContent(Lcom/sun/prism/Graphics;)V (436 bytes) @ 0x036acee0 [0x036acbb0+0x330]
J 1493 C1 com.sun.javafx.sg.prism.NGRegion.renderContent(Lcom/sun/prism/Graphics;)V (115 bytes) @ 0x036d92f4 [0x036d9070+0x284]
J 1505 C1 com.sun.javafx.sg.prism.NGNode.doRender(Lcom/sun/prism/Graphics;)V (473 bytes) @ 0x036e2ee8 [0x036e2b20+0x3c8]
J 1494 C1 com.sun.javafx.sg.prism.NGNode.render(Lcom/sun/prism/Graphics;)V (38 bytes) @ 0x036d9960 [0x036d98e0+0x80]
J 1360 C1 com.sun.javafx.sg.prism.NGGroup.renderContent(Lcom/sun/prism/Graphics;)V (436 bytes) @ 0x036acee0 [0x036acbb0+0x330]
J 1493 C1 com.sun.javafx.sg.prism.NGRegion.renderContent(Lcom/sun/prism/Graphics;)V (115 bytes) @ 0x036d92f4 [0x036d9070+0x284]
J 1505 C1 com.sun.javafx.sg.prism.NGNode.doRender(Lcom/sun/prism/Graphics;)V (473 bytes) @ 0x036e2ee8 [0x036e2b20+0x3c8]
J 1494 C1 com.sun.javafx.sg.prism.NGNode.render(Lcom/sun/prism/Graphics;)V (38 bytes) @ 0x036d9960 [0x036d98e0+0x80]
j  com.sun.javafx.tk.quantum.ViewPainter.doPaint(Lcom/sun/prism/Graphics;Lcom/sun/javafx/sg/prism/NodePath;)V+201
j  com.sun.javafx.tk.quantum.ViewPainter.paintImpl(Lcom/sun/prism/Graphics;)V+982
j  com.sun.javafx.tk.quantum.UploadingPainter.run()V+719
j  java.util.concurrent.Executors$RunnableAdapter.call()Ljava/lang/Object;+4
j  java.util.concurrent.FutureTask.runAndReset$$$capture()Z+47
j  java.util.concurrent.FutureTask.runAndReset()Z+5
j  com.sun.javafx.tk.RenderJob.run()V+1
j  java.util.concurrent.ThreadPoolExecutor.runWorker(Ljava/util/concurrent/ThreadPoolExecutor$Worker;)V+95
j  java.util.concurrent.ThreadPoolExecutor$Worker.run()V+5
j  com.sun.javafx.tk.quantum.QuantumRenderer$PipelineRunnable.run()V+8
j  java.lang.Thread.run()V+11
v  ~StubRoutines::call_stub

---------------  P R O C E S S  ---------------

Java Threads: ( => current thread )
  0x20982800 JavaThread "Thread-5" daemon [_thread_in_native, id=20020, stack(0x248a0000,0x248f0000)]
  0x20980800 JavaThread "RMShutdownHook" [_thread_in_native, id=22156, stack(0x22c00000,0x22c50000)]
  0x20982c00 JavaThread "SIGINT handler" daemon [_thread_blocked, id=20244, stack(0x01530000,0x01580000)]
  0x20983400 JavaThread "RMI TCP Connection(idle)" daemon [_thread_blocked, id=17480, stack(0x01400000,0x01450000)]
  0x20984800 JavaThread "RMI TCP Connection(idle)" daemon [_thread_blocked, id=17020, stack(0x24db0000,0x24e00000)]
  0x20984c00 JavaThread "RMI Reaper" [_thread_blocked, id=24000, stack(0x24d20000,0x24d70000)]
  0x2061a000 JavaThread "RMI TCP Accept-0" daemon [_thread_in_native, id=12040, stack(0x24c90000,0x24ce0000)]
  0x2061c000 JavaThread "GC Daemon" daemon [_thread_blocked, id=21556, stack(0x25610000,0x25660000)]
  0x2061b800 JavaThread "RMI RenewClean-[10.0.0.6:49375]" daemon [_thread_blocked, id=20508, stack(0x25580000,0x255d0000)]
  0x2061a400 JavaThread "RMI Scheduler(0)" daemon [_thread_blocked, id=23984, stack(0x254f0000,0x25540000)]
  0x20619800 JavaThread "Thread-13" [_thread_in_native, id=24164, stack(0x22d30000,0x22d80000)]
  0x2061c400 JavaThread "pool-2-thread-1" [_thread_in_native, id=24596, stack(0x22c90000,0x22ce0000)]
  0x2061cc00 JavaThread "Prism Font Disposer" daemon [_thread_blocked, id=16696, stack(0x21560000,0x215b0000)]
  0x065eb000 JavaThread "AWT-EventQueue-0" [_thread_blocked, id=17532, stack(0x20cf0000,0x20d40000)]
  0x0642b000 JavaThread "JavaFX-Launcher" [_thread_blocked, id=17376, stack(0x1dc20000,0x1dc70000)]
  0x063eb400 JavaThread "AWT-Shutdown" [_thread_blocked, id=19688, stack(0x1d200000,0x1d250000)]
  0x063eb000 JavaThread "Java2D Disposer" daemon [_thread_blocked, id=11020, stack(0x1d170000,0x1d1c0000)]
  0x0631e400 JavaThread "Thread-2" daemon [_thread_in_native, id=19048, stack(0x1cb10000,0x1cb60000)]
  0x062ac800 JavaThread "JavaFX Application Thread" [_thread_in_native, id=26056, stack(0x17c70000,0x17cc0000)]
  0x062b6000 JavaThread "Thread-1" daemon [_thread_blocked, id=25812, stack(0x17be0000,0x17c30000)]
=>0x06270c00 JavaThread "QuantumRenderer-0" daemon [_thread_in_native, id=22172, stack(0x06750000,0x067a0000)]
  0x059c3400 JavaThread "Service Thread" daemon [_thread_blocked, id=22408, stack(0x06110000,0x06160000)]
  0x05991c00 JavaThread "C1 CompilerThread0" daemon [_thread_blocked, id=11664, stack(0x06080000,0x060d0000)]
  0x058f8400 JavaThread "JDWP Event Helper Thread" daemon [_thread_blocked, id=11492, stack(0x05f60000,0x05fb0000)]
  0x058f1c00 JavaThread "Attach Listener" daemon [_thread_blocked, id=16544, stack(0x05e40000,0x05e90000)]
  0x058efc00 JavaThread "Signal Dispatcher" daemon [_thread_blocked, id=20984, stack(0x05db0000,0x05e00000)]
  0x058ddc00 JavaThread "Finalizer" daemon [_thread_blocked, id=20364, stack(0x05c20000,0x05c70000)]
  0x058c7c00 JavaThread "Reference Handler" daemon [_thread_blocked, id=25476, stack(0x05b90000,0x05be0000)]
  0x032fe000 JavaThread "main" [_thread_blocked, id=26296, stack(0x02fa0000,0x02ff0000)]

Other Threads:
  0x058c1000 VMThread [stack: 0x05b00000,0x05b50000] [id=25120]
  0x059c9800 WatcherThread [stack: 0x061a0000,0x061f0000] [id=24624]

VM state:not at safepoint (normal execution)

VM Mutex/Monitor currently owned by a thread: None

Heap:
 def new generation   total 32896K, used 5033K [0x07a00000, 0x09db0000, 0x0cf50000)
  eden space 29248K,  10% used [0x07a00000, 0x07d0bbc0, 0x09690000)
  from space 3648K,  52% used [0x09690000, 0x0986e8a0, 0x09a20000)
  to   space 3648K,   0% used [0x09a20000, 0x09a20000, 0x09db0000)
 tenured generation   total 72924K, used 62363K [0x0cf50000, 0x11687000, 0x17a00000)
   the space 72924K,  85% used [0x0cf50000, 0x10c36e28, 0x10c37000, 0x11687000)
 Metaspace       used 25806K, capacity 27124K, committed 27136K, reserved 28032K

Card table byte_map: [0x03220000,0x032b0000] byte_map_base: 0x031e3000

Polling page: 0x02ff0000

CodeCache: size=32768Kb used=5563Kb max_used=5563Kb free=27204Kb
 bounds [0x03400000, 0x03970000, 0x05400000]
 total_blobs=3621 nmethods=3144 adapters=414
 compilation: enabled

Compilation events (10 events):
Event: 175.202 Thread 0x05991c00 3193             com.sun.org.apache.xerces.internal.impl.XMLEntityScanner::scanName (305 bytes)
Event: 175.202 Thread 0x05991c00 nmethod 3193 0x03968988 code [0x03968b30, 0x03968fcc]
Event: 175.205 Thread 0x05991c00 3194             com.sun.javafx.font.directwrite.DWGlyph::checkBounds (161 bytes)
Event: 175.206 Thread 0x05991c00 nmethod 3194 0x039696c8 code [0x03969800, 0x03969a70]
Event: 175.209 Thread 0x05991c00 3195             javafx.scene.paint.Color::getOpacity (6 bytes)
Event: 175.209 Thread 0x05991c00 nmethod 3195 0x03969c08 code [0x03969d00, 0x03969d80]
Event: 175.215 Thread 0x05991c00 3196             javafx.scene.Node$3::<init> (10 bytes)
Event: 175.215 Thread 0x05991c00 nmethod 3196 0x03969dc8 code [0x03969ed0, 0x0396a0cc]
Event: 175.216 Thread 0x05991c00 3197             java.io.WinNTFileSystem::normalizePrefix (132 bytes)
Event: 175.217 Thread 0x05991c00 nmethod 3197 0x0396a288 code [0x0396a4b0, 0x0396b3e4]

GC Heap History (10 events):
Event: 6.934 GC heap after
Heap after GC invocations=46 (full 7):
 def new generation   total 32896K, used 1436K [0x07a00000, 0x09db0000, 0x0cf50000)
  eden space 29248K,   0% used [0x07a00000, 0x07a00000, 0x09690000)
  from space 3648K,  39% used [0x09a20000, 0x09b87110, 0x09db0000)
  to   space 3648K,   0% used [0x09690000, 0x09690000, 0x09a20000)
 tenured generation   total 72924K, used 43754K [0x0cf50000, 0x11687000, 0x17a00000)
   the space 72924K,  59% used [0x0cf50000, 0x0fa0a868, 0x0fa0aa00, 0x11687000)
 Metaspace       used 22794K, capacity 23794K, committed 23808K, reserved 23936K
}
Event: 7.071 GC heap before
{Heap before GC invocations=46 (full 7):
 def new generation   total 32896K, used 30684K [0x07a00000, 0x09db0000, 0x0cf50000)
  eden space 29248K, 100% used [0x07a00000, 0x09690000, 0x09690000)
  from space 3648K,  39% used [0x09a20000, 0x09b87110, 0x09db0000)
  to   space 3648K,   0% used [0x09690000, 0x09690000, 0x09a20000)
 tenured generation   total 72924K, used 43754K [0x0cf50000, 0x11687000, 0x17a00000)
   the space 72924K,  59% used [0x0cf50000, 0x0fa0a868, 0x0fa0aa00, 0x11687000)
 Metaspace       used 23312K, capacity 24393K, committed 24448K, reserved 24960K
Event: 7.076 GC heap after
Heap after GC invocations=47 (full 7):
 def new generation   total 32896K, used 2258K [0x07a00000, 0x09db0000, 0x0cf50000)
  eden space 29248K,   0% used [0x07a00000, 0x07a00000, 0x09690000)
  from space 3648K,  61% used [0x09690000, 0x098c4bd0, 0x09a20000)
  to   space 3648K,   0% used [0x09a20000, 0x09a20000, 0x09db0000)
 tenured generation   total 72924K, used 43754K [0x0cf50000, 0x11687000, 0x17a00000)
   the space 72924K,  59% used [0x0cf50000, 0x0fa0a868, 0x0fa0aa00, 0x11687000)
 Metaspace       used 23312K, capacity 24393K, committed 24448K, reserved 24960K
}
Event: 10.251 GC heap before
{Heap before GC invocations=47 (full 7):
 def new generation   total 32896K, used 31506K [0x07a00000, 0x09db0000, 0x0cf50000)
  eden space 29248K, 100% used [0x07a00000, 0x09690000, 0x09690000)
  from space 3648K,  61% used [0x09690000, 0x098c4bd0, 0x09a20000)
  to   space 3648K,   0% used [0x09a20000, 0x09a20000, 0x09db0000)
 tenured generation   total 72924K, used 43754K [0x0cf50000, 0x11687000, 0x17a00000)
   the space 72924K,  59% used [0x0cf50000, 0x0fa0a868, 0x0fa0aa00, 0x11687000)
 Metaspace       used 24001K, capacity 25107K, committed 25216K, reserved 25984K
Event: 10.263 GC heap after
Heap after GC invocations=48 (full 7):
 def new generation   total 32896K, used 3648K [0x07a00000, 0x09db0000, 0x0cf50000)
  eden space 29248K,   0% used [0x07a00000, 0x07a00000, 0x09690000)
  from space 3648K, 100% used [0x09a20000, 0x09db0000, 0x09db0000)
  to   space 3648K,   0% used [0x09690000, 0x09690000, 0x09a20000)
 tenured generation   total 72924K, used 47790K [0x0cf50000, 0x11687000, 0x17a00000)
   the space 72924K,  65% used [0x0cf50000, 0x0fdfbab8, 0x0fdfbc00, 0x11687000)
 Metaspace       used 24001K, capacity 25107K, committed 25216K, reserved 25984K
}
Event: 11.083 GC heap before
{Heap before GC invocations=48 (full 7):
 def new generation   total 32896K, used 32896K [0x07a00000, 0x09db0000, 0x0cf50000)
  eden space 29248K, 100% used [0x07a00000, 0x09690000, 0x09690000)
  from space 3648K, 100% used [0x09a20000, 0x09db0000, 0x09db0000)
  to   space 3648K,   0% used [0x09690000, 0x09690000, 0x09a20000)
 tenured generation   total 72924K, used 47790K [0x0cf50000, 0x11687000, 0x17a00000)
   the space 72924K,  65% used [0x0cf50000, 0x0fdfbab8, 0x0fdfbc00, 0x11687000)
 Metaspace       used 24824K, capacity 25997K, committed 26112K, reserved 27008K
Event: 11.091 GC heap after
Heap after GC invocations=49 (full 7):
 def new generation   total 32896K, used 2342K [0x07a00000, 0x09db0000, 0x0cf50000)
  eden space 29248K,   0% used [0x07a00000, 0x07a00000, 0x09690000)
  from space 3648K,  64% used [0x09690000, 0x098d9968, 0x09a20000)
  to   space 3648K,   0% used [0x09a20000, 0x09a20000, 0x09db0000)
 tenured generation   total 72924K, used 51400K [0x0cf50000, 0x11687000, 0x17a00000)
   the space 72924K,  70% used [0x0cf50000, 0x10182028, 0x10182200, 0x11687000)
 Metaspace       used 24824K, capacity 25997K, committed 26112K, reserved 27008K
}
Event: 15.696 GC heap before
{Heap before GC invocations=49 (full 7):
 def new generation   total 32896K, used 31590K [0x07a00000, 0x09db0000, 0x0cf50000)
  eden space 29248K, 100% used [0x07a00000, 0x09690000, 0x09690000)
  from space 3648K,  64% used [0x09690000, 0x098d9968, 0x09a20000)
  to   space 3648K,   0% used [0x09a20000, 0x09a20000, 0x09db0000)
 tenured generation   total 72924K, used 51400K [0x0cf50000, 0x11687000, 0x17a00000)
   the space 72924K,  70% used [0x0cf50000, 0x10182028, 0x10182200, 0x11687000)
 Metaspace       used 25649K, capacity 26926K, committed 27008K, reserved 27008K
Event: 15.703 GC heap after
Heap after GC invocations=50 (full 7):
 def new generation   total 32896K, used 3616K [0x07a00000, 0x09db0000, 0x0cf50000)
  eden space 29248K,   0% used [0x07a00000, 0x07a00000, 0x09690000)
  from space 3648K,  99% used [0x09a20000, 0x09da8188, 0x09db0000)
  to   space 3648K,   0% used [0x09690000, 0x09690000, 0x09a20000)
 tenured generation   total 72924K, used 52623K [0x0cf50000, 0x11687000, 0x17a00000)
   the space 72924K,  72% used [0x0cf50000, 0x102b3fd0, 0x102b4000, 0x11687000)
 Metaspace       used 25649K, capacity 26926K, committed 27008K, reserved 27008K
}
Event: 175.222 GC heap before
{Heap before GC invocations=50 (full 7):
 def new generation   total 32896K, used 32864K [0x07a00000, 0x09db0000, 0x0cf50000)
  eden space 29248K, 100% used [0x07a00000, 0x09690000, 0x09690000)
  from space 3648K,  99% used [0x09a20000, 0x09da8188, 0x09db0000)
  to   space 3648K,   0% used [0x09690000, 0x09690000, 0x09a20000)
 tenured generation   total 72924K, used 52623K [0x0cf50000, 0x11687000, 0x17a00000)
   the space 72924K,  72% used [0x0cf50000, 0x102b3fd0, 0x102b4000, 0x11687000)
 Metaspace       used 25806K, capacity 27124K, committed 27136K, reserved 28032K

Deoptimization events (0 events):
No events

Classes redefined (0 events):
No events

Internal exceptions (10 events):
Event: 175.180 Thread 0x062ac800 Exception <a 'java/io/FileNotFoundException'> (0x08aa6f58) thrown at [C:\re\workspace\8-2-build-windows-i586-cygwin\jdk8u211\12973\hotspot\src\share\vm\prims\jni.cpp, line 710]
Event: 175.184 Thread 0x062ac800 Exception <a 'java/io/FileNotFoundException'> (0x08c10520) thrown at [C:\re\workspace\8-2-build-windows-i586-cygwin\jdk8u211\12973\hotspot\src\share\vm\prims\jni.cpp, line 710]
Event: 175.186 Thread 0x062ac800 Exception <a 'java/io/FileNotFoundException'> (0x08c2d640) thrown at [C:\re\workspace\8-2-build-windows-i586-cygwin\jdk8u211\12973\hotspot\src\share\vm\prims\jni.cpp, line 710]
Event: 175.193 Thread 0x062ac800 Exception <a 'java/io/FileNotFoundException'> (0x08e52f10) thrown at [C:\re\workspace\8-2-build-windows-i586-cygwin\jdk8u211\12973\hotspot\src\share\vm\prims\jni.cpp, line 710]
Event: 175.198 Thread 0x062ac800 Exception <a 'java/io/FileNotFoundException'> (0x08fbaf60) thrown at [C:\re\workspace\8-2-build-windows-i586-cygwin\jdk8u211\12973\hotspot\src\share\vm\prims\jni.cpp, line 710]
Event: 175.199 Thread 0x062ac800 Exception <a 'java/io/FileNotFoundException'> (0x08fd8070) thrown at [C:\re\workspace\8-2-build-windows-i586-cygwin\jdk8u211\12973\hotspot\src\share\vm\prims\jni.cpp, line 710]
Event: 175.205 Thread 0x20980c00 Exception <a 'java/lang/IllegalStateException'> (0x091cca48) thrown at [C:\re\workspace\8-2-build-windows-i586-cygwin\jdk8u211\12973\hotspot\src\share\vm\prims\jvm.cpp, line 1506]
Event: 175.208 Thread 0x062ac800 Exception <a 'java/io/FileNotFoundException'> (0x09326188) thrown at [C:\re\workspace\8-2-build-windows-i586-cygwin\jdk8u211\12973\hotspot\src\share\vm\prims\jni.cpp, line 710]
Event: 175.214 Thread 0x062ac800 Exception <a 'java/io/FileNotFoundException'> (0x0948f710) thrown at [C:\re\workspace\8-2-build-windows-i586-cygwin\jdk8u211\12973\hotspot\src\share\vm\prims\jni.cpp, line 710]
Event: 175.215 Thread 0x062ac800 Exception <a 'java/io/FileNotFoundException'> (0x094ac840) thrown at [C:\re\workspace\8-2-build-windows-i586-cygwin\jdk8u211\12973\hotspot\src\share\vm\prims\jni.cpp, line 710]

Events (10 events):
Event: 175.221 Thread 0x062ac800 DEOPT UNPACKING pc=0x0343c5e5 sp=0x17cbe7e8 mode 1
Event: 175.221 loading class javafx/scene/image/StackPane
Event: 175.221 loading class javafx/scene/image/StackPane done
Event: 175.221 Thread 0x062ac800 DEOPT PACKING pc=0x0356167c sp=0x17cbe670
Event: 175.221 Thread 0x062ac800 DEOPT UNPACKING pc=0x0343c5e5 sp=0x17cbe520 mode 1
Event: 175.221 Thread 0x062ac800 DEOPT PACKING pc=0x037bc528 sp=0x17cbe6c0
Event: 175.221 Thread 0x062ac800 DEOPT UNPACKING pc=0x0343c5e5 sp=0x17cbe5e0 mode 1
Event: 175.221 Thread 0x062ac800 DEOPT PACKING pc=0x037bc494 sp=0x17cbe7a0
Event: 175.221 Thread 0x062ac800 DEOPT UNPACKING pc=0x0343c5e5 sp=0x17cbe6c0 mode 1
Event: 175.221 Executing VM operation: GenCollectForAllocation


Dynamic libraries:
0x01140000 - 0x01173000 	C:\Program Files (x86)\Java\jre1.8.0_211\bin\java.exe
0x77e20000 - 0x77fbc000 	C:\Windows\SYSTEM32\ntdll.dll
0x77400000 - 0x774e0000 	C:\Windows\System32\KERNEL32.DLL
0x77bb0000 - 0x77daa000 	C:\Windows\System32\KERNELBASE.dll
0x70450000 - 0x704ec000 	C:\Windows\SYSTEM32\apphelp.dll
0x6dda0000 - 0x6e037000 	C:\Program Files\Norton Security\NortonData\22.11.1.5\Definitions\IPSDefs\20190718.061\IPSEng32.dll
0x77b30000 - 0x77bae000 	C:\Windows\System32\ADVAPI32.dll
0x76530000 - 0x765f0000 	C:\Windows\System32\msvcrt.dll
0x77210000 - 0x77289000 	C:\Windows\System32\sechost.dll
0x772b0000 - 0x7736f000 	C:\Windows\System32\RPCRT4.dll
0x75490000 - 0x754b0000 	C:\Windows\System32\SspiCli.dll
0x75480000 - 0x7548a000 	C:\Windows\System32\CRYPTBASE.dll
0x75fc0000 - 0x76022000 	C:\Windows\System32\bcryptPrimitives.dll
0x75e90000 - 0x75e96000 	C:\Windows\System32\PSAPI.DLL
0x754b0000 - 0x75649000 	C:\Windows\System32\USER32.dll
0x75de0000 - 0x75df7000 	C:\Windows\System32\win32u.dll
0x77960000 - 0x77983000 	C:\Windows\System32\GDI32.dll
0x765f0000 - 0x76756000 	C:\Windows\System32\gdi32full.dll
0x757c0000 - 0x75840000 	C:\Windows\System32\msvcp_win.dll
0x76840000 - 0x76962000 	C:\Windows\System32\ucrtbase.dll
0x6e900000 - 0x6eb0f000 	C:\Windows\WinSxS\x86_microsoft.windows.common-controls_6595b64144ccf1df_6.0.17763.615_none_4d6178211b9c4dda\COMCTL32.dll
0x76f80000 - 0x771f8000 	C:\Windows\System32\combase.dll
0x77370000 - 0x77395000 	C:\Windows\System32\IMM32.DLL
0x57940000 - 0x579ff000 	C:\Program Files (x86)\Java\jre1.8.0_211\bin\msvcr100.dll
0x07610000 - 0x079e5000 	C:\Program Files (x86)\Java\jre1.8.0_211\bin\client\jvm.dll
0x71cb0000 - 0x71cd4000 	C:\Windows\SYSTEM32\WINMM.dll
0x6e780000 - 0x6e788000 	C:\Windows\SYSTEM32\WSOCK32.dll
0x77db0000 - 0x77e0f000 	C:\Windows\System32\WS2_32.dll
0x74f30000 - 0x74f38000 	C:\Windows\SYSTEM32\VERSION.dll
0x71c00000 - 0x71c23000 	C:\Windows\SYSTEM32\WINMMBASE.dll
0x77ae0000 - 0x77b1b000 	C:\Windows\System32\cfgmgr32.dll
0x5ff70000 - 0x5ff7c000 	C:\Program Files (x86)\Java\jre1.8.0_211\bin\verify.dll
0x59ac0000 - 0x59ae1000 	C:\Program Files (x86)\Java\jre1.8.0_211\bin\java.dll
0x59a90000 - 0x59abb000 	C:\Program Files (x86)\Java\jre1.8.0_211\bin\jdwp.dll
0x59f80000 - 0x59f87000 	C:\Program Files (x86)\Java\jre1.8.0_211\bin\npt.dll
0x57920000 - 0x57940000 	C:\Program Files (x86)\Java\jre1.8.0_211\bin\instrument.dll
0x57750000 - 0x57764000 	C:\Program Files (x86)\Java\jre1.8.0_211\bin\zip.dll
0x75840000 - 0x75d8e000 	C:\Windows\System32\SHELL32.dll
0x76050000 - 0x760d9000 	C:\Windows\System32\shcore.dll
0x76980000 - 0x76f7c000 	C:\Windows\System32\windows.storage.dll
0x76820000 - 0x7683c000 	C:\Windows\System32\profapi.dll
0x773a0000 - 0x773f4000 	C:\Windows\System32\powrprof.dll
0x77640000 - 0x77684000 	C:\Windows\System32\shlwapi.dll
0x77ad0000 - 0x77adf000 	C:\Windows\System32\kernel.appcore.dll
0x75ea0000 - 0x75eb2000 	C:\Windows\System32\cryptsp.dll
0x59a80000 - 0x59a88000 	C:\Program Files (x86)\Java\jre1.8.0_211\bin\dt_socket.dll
0x70f20000 - 0x70f72000 	C:\Windows\system32\mswsock.dll
0x57740000 - 0x57743000 	C:\Program Files (x86)\Java\jre1.8.0_211\bin\api-ms-win-core-console-l1-1-0.dll
0x57730000 - 0x57733000 	C:\Program Files (x86)\Java\jre1.8.0_211\bin\api-ms-win-core-datetime-l1-1-0.dll
0x57720000 - 0x57723000 	C:\Program Files (x86)\Java\jre1.8.0_211\bin\api-ms-win-core-debug-l1-1-0.dll
0x57710000 - 0x57713000 	C:\Program Files (x86)\Java\jre1.8.0_211\bin\api-ms-win-core-errorhandling-l1-1-0.dll
0x57700000 - 0x57704000 	C:\Program Files (x86)\Java\jre1.8.0_211\bin\api-ms-win-core-file-l1-1-0.dll
0x576f0000 - 0x576f3000 	C:\Program Files (x86)\Java\jre1.8.0_211\bin\api-ms-win-core-file-l1-2-0.dll
0x576e0000 - 0x576e3000 	C:\Program Files (x86)\Java\jre1.8.0_211\bin\api-ms-win-core-file-l2-1-0.dll
0x57530000 - 0x57533000 	C:\Program Files (x86)\Java\jre1.8.0_211\bin\api-ms-win-core-handle-l1-1-0.dll
0x57520000 - 0x57523000 	C:\Program Files (x86)\Java\jre1.8.0_211\bin\api-ms-win-core-heap-l1-1-0.dll
0x57510000 - 0x57513000 	C:\Program Files (x86)\Java\jre1.8.0_211\bin\api-ms-win-core-interlocked-l1-1-0.dll
0x57500000 - 0x57503000 	C:\Program Files (x86)\Java\jre1.8.0_211\bin\api-ms-win-core-libraryloader-l1-1-0.dll
0x567d0000 - 0x567d3000 	C:\Program Files (x86)\Java\jre1.8.0_211\bin\api-ms-win-core-localization-l1-2-0.dll
0x567c0000 - 0x567c3000 	C:\Program Files (x86)\Java\jre1.8.0_211\bin\api-ms-win-core-memory-l1-1-0.dll
0x567b0000 - 0x567b3000 	C:\Program Files (x86)\Java\jre1.8.0_211\bin\api-ms-win-core-namedpipe-l1-1-0.dll
0x56790000 - 0x56793000 	C:\Program Files (x86)\Java\jre1.8.0_211\bin\api-ms-win-core-processenvironment-l1-1-0.dll
0x55880000 - 0x55883000 	C:\Program Files (x86)\Java\jre1.8.0_211\bin\api-ms-win-core-processthreads-l1-1-0.dll
0x55870000 - 0x55873000 	C:\Program Files (x86)\Java\jre1.8.0_211\bin\api-ms-win-core-processthreads-l1-1-1.dll
0x55860000 - 0x55863000 	C:\Program Files (x86)\Java\jre1.8.0_211\bin\api-ms-win-core-profile-l1-1-0.dll
0x55850000 - 0x55853000 	C:\Program Files (x86)\Java\jre1.8.0_211\bin\api-ms-win-core-rtlsupport-l1-1-0.dll
0x55840000 - 0x55843000 	C:\Program Files (x86)\Java\jre1.8.0_211\bin\api-ms-win-core-string-l1-1-0.dll
0x55830000 - 0x55833000 	C:\Program Files (x86)\Java\jre1.8.0_211\bin\api-ms-win-core-synch-l1-1-0.dll
0x55820000 - 0x55823000 	C:\Program Files (x86)\Java\jre1.8.0_211\bin\api-ms-win-core-synch-l1-2-0.dll
0x55810000 - 0x55813000 	C:\Program Files (x86)\Java\jre1.8.0_211\bin\api-ms-win-core-sysinfo-l1-1-0.dll
0x55800000 - 0x55803000 	C:\Program Files (x86)\Java\jre1.8.0_211\bin\api-ms-win-core-timezone-l1-1-0.dll
0x557f0000 - 0x557f3000 	C:\Program Files (x86)\Java\jre1.8.0_211\bin\api-ms-win-core-util-l1-1-0.dll
0x557e0000 - 0x557e3000 	C:\Program Files (x86)\Java\jre1.8.0_211\bin\api-ms-win-crt-conio-l1-1-0.dll
0x557d0000 - 0x557d4000 	C:\Program Files (x86)\Java\jre1.8.0_211\bin\api-ms-win-crt-convert-l1-1-0.dll
0x557c0000 - 0x557c3000 	C:\Program Files (x86)\Java\jre1.8.0_211\bin\api-ms-win-crt-environment-l1-1-0.dll
0x557b0000 - 0x557b3000 	C:\Program Files (x86)\Java\jre1.8.0_211\bin\api-ms-win-crt-filesystem-l1-1-0.dll
0x557a0000 - 0x557a3000 	C:\Program Files (x86)\Java\jre1.8.0_211\bin\api-ms-win-crt-heap-l1-1-0.dll
0x550a0000 - 0x550a3000 	C:\Program Files (x86)\Java\jre1.8.0_211\bin\api-ms-win-crt-locale-l1-1-0.dll
0x55090000 - 0x55095000 	C:\Program Files (x86)\Java\jre1.8.0_211\bin\api-ms-win-crt-math-l1-1-0.dll
0x55080000 - 0x55085000 	C:\Program Files (x86)\Java\jre1.8.0_211\bin\api-ms-win-crt-multibyte-l1-1-0.dll
0x55070000 - 0x55080000 	C:\Program Files (x86)\Java\jre1.8.0_211\bin\api-ms-win-crt-private-l1-1-0.dll
0x55060000 - 0x55063000 	C:\Program Files (x86)\Java\jre1.8.0_211\bin\api-ms-win-crt-process-l1-1-0.dll
0x55050000 - 0x55054000 	C:\Program Files (x86)\Java\jre1.8.0_211\bin\api-ms-win-crt-runtime-l1-1-0.dll
0x55040000 - 0x55044000 	C:\Program Files (x86)\Java\jre1.8.0_211\bin\api-ms-win-crt-stdio-l1-1-0.dll
0x53a70000 - 0x53a74000 	C:\Program Files (x86)\Java\jre1.8.0_211\bin\api-ms-win-crt-string-l1-1-0.dll
0x53a60000 - 0x53a63000 	C:\Program Files (x86)\Java\jre1.8.0_211\bin\api-ms-win-crt-time-l1-1-0.dll
0x53a50000 - 0x53a53000 	C:\Program Files (x86)\Java\jre1.8.0_211\bin\api-ms-win-crt-utility-l1-1-0.dll
0x065f0000 - 0x06707000 	C:\Program Files (x86)\Java\jre1.8.0_211\bin\ucrtbase.dll
0x53a30000 - 0x53a45000 	C:\Program Files (x86)\Java\jre1.8.0_211\bin\vcruntime140.dll
0x51520000 - 0x51591000 	C:\Program Files (x86)\Java\jre1.8.0_211\bin\msvcp140.dll
0x539a0000 - 0x539dc000 	C:\Program Files (x86)\Java\jre1.8.0_211\bin\concrt140.dll
0x523e0000 - 0x523ff000 	C:\Program Files (x86)\Java\jre1.8.0_211\bin\prism_d3d.dll
0x6b460000 - 0x6b5d1000 	C:\Windows\system32\d3d9.dll
0x6fd60000 - 0x6fd86000 	C:\Windows\SYSTEM32\dwmapi.dll
0x77690000 - 0x77829000 	C:\Windows\System32\CRYPT32.dll
0x76970000 - 0x7697e000 	C:\Windows\System32\MSASN1.dll
0x70770000 - 0x707eb000 	C:\Windows\system32\uxtheme.dll
0x69a70000 - 0x69bf3000 	C:\Windows\System32\DriverStore\FileRepository\c0341662.inf_amd64_6a03bbaf8486839e\B341390\aticfx32.dll
0x53a00000 - 0x53a29000 	C:\Windows\System32\DriverStore\FileRepository\c0341662.inf_amd64_6a03bbaf8486839e\B341390\atiu9pag.dll
0x06980000 - 0x0743b000 	C:\Windows\System32\DriverStore\FileRepository\c0341662.inf_amd64_6a03bbaf8486839e\B341390\atiumdag.dll
0x77540000 - 0x7763c000 	C:\Windows\System32\ole32.dll
0x67fa0000 - 0x68be4000 	C:\Windows\System32\DriverStore\FileRepository\c0341662.inf_amd64_6a03bbaf8486839e\B341390\atiumdva.dll
0x68bf0000 - 0x68c14000 	C:\Windows\SYSTEM32\amdihk32.dll
0x07560000 - 0x07597000 	C:\Program Files (x86)\Java\jre1.8.0_211\bin\glass.dll
0x75ec0000 - 0x75fba000 	C:\Windows\System32\COMDLG32.dll
0x77830000 - 0x778c6000 	C:\Windows\System32\OLEAUT32.dll
0x77990000 - 0x77ace000 	C:\Windows\System32\MSCTF.dll
0x52410000 - 0x52425000 	C:\Program Files (x86)\Java\jre1.8.0_211\bin\net.dll
0x6f830000 - 0x6f9ec000 	C:\Windows\SYSTEM32\urlmon.dll
0x70ab0000 - 0x70cdf000 	C:\Windows\SYSTEM32\iertutil.dll
0x53990000 - 0x5399f000 	C:\Program Files (x86)\Java\jre1.8.0_211\bin\nio.dll
0x71dc0000 - 0x71def000 	C:\Windows\system32\rsaenh.dll
0x77290000 - 0x772a9000 	C:\Windows\System32\bcrypt.dll
0x74f00000 - 0x74f23000 	C:\Windows\SYSTEM32\USERENV.dll
0x753c0000 - 0x753f3000 	C:\Windows\SYSTEM32\IPHLPAPI.DLL
0x77b20000 - 0x77b27000 	C:\Windows\System32\NSI.dll
0x70fa0000 - 0x70fb3000 	C:\Windows\SYSTEM32\dhcpcsvc6.DLL
0x70f80000 - 0x70f94000 	C:\Windows\SYSTEM32\dhcpcsvc.DLL
0x73a50000 - 0x73ae0000 	C:\Windows\SYSTEM32\DNSAPI.dll
0x1cd60000 - 0x1cd98000 	C:\Users\Jeremy\AppData\Local\Temp\jna--2079637766\jna4232092321594329051.dll
0x1cee0000 - 0x1d027000 	C:\Program Files (x86)\Java\jre1.8.0_211\bin\awt.dll
0x52400000 - 0x52410000 	C:\Program Files (x86)\Java\jre1.8.0_211\bin\javafx_font.dll
0x6b690000 - 0x6b920000 	C:\Windows\SYSTEM32\dwrite.dll
0x5de90000 - 0x5df69000 	C:\Windows\system32\opengl32.dll
0x5db90000 - 0x5dbcf000 	C:\Windows\SYSTEM32\GLU32.dll
0x20e40000 - 0x20e7a000 	C:\Program Files (x86)\Java\jre1.8.0_211\bin\fontmanager.dll
0x6aed0000 - 0x6af69000 	C:\Windows\SYSTEM32\mscms.dll
0x6aec0000 - 0x6aecc000 	C:\Windows\SYSTEM32\ColorAdapterClient.dll

VM Arguments:
jvm_args: -agentlib:jdwp=transport=dt_socket,address=127.0.0.1:51546,suspend=y,server=n -javaagent:C:\Users\Jeremy\AppData\Local\JetBrains\Toolbox\apps\IDEA-C\ch-0\191.7479.19\lib\rt\debugger-agent.jar -Dfile.encoding=UTF-8 
java_command: com.runemate.boot.Boot -sdk -login=kenshin0707:B@con123
java_class_path (initial): C:\Program Files (x86)\Java\jre1.8.0_211\lib\charsets.jar;C:\Program Files (x86)\Java\jre1.8.0_211\lib\deploy.jar;C:\Program Files (x86)\Java\jre1.8.0_211\lib\ext\access-bridge-32.jar;C:\Program Files (x86)\Java\jre1.8.0_211\lib\ext\cldrdata.jar;C:\Program Files (x86)\Java\jre1.8.0_211\lib\ext\dnsns.jar;C:\Program Files (x86)\Java\jre1.8.0_211\lib\ext\jaccess.jar;C:\Program Files (x86)\Java\jre1.8.0_211\lib\ext\jfxrt.jar;C:\Program Files (x86)\Java\jre1.8.0_211\lib\ext\localedata.jar;C:\Program Files (x86)\Java\jre1.8.0_211\lib\ext\nashorn.jar;C:\Program Files (x86)\Java\jre1.8.0_211\lib\ext\sunec.jar;C:\Program Files (x86)\Java\jre1.8.0_211\lib\ext\sunjce_provider.jar;C:\Program Files (x86)\Java\jre1.8.0_211\lib\ext\sunmscapi.jar;C:\Program Files (x86)\Java\jre1.8.0_211\lib\ext\sunpkcs11.jar;C:\Program Files (x86)\Java\jre1.8.0_211\lib\ext\zipfs.jar;C:\Program Files (x86)\Java\jre1.8.0_211\lib\javaws.jar;C:\Program Files (x86)\Java\jre1.8.0_211\lib\jce.jar;C:\Program Files (x86)\Java\jre1.8.0_211\lib\jfr.jar;C:\Program Files (x86)\Java\jre1.8.0_211\lib\jfxswt.jar;C:\Program Files (x86)\Java\jre1.8.0_211\lib\jsse.jar;C:\Program Files (x86)\Java\jre1.8.0_211\lib\management-agent.jar;C:\Program Files (x86)\Java\jre1.8.0_211\lib\plugin.jar;C:\Program Files (x86)\Java\jre1.8.0_211\lib\resources.jar;C:\Program Files (x86)\Java\jre1.8.0_211\lib\rt.jar;C:\Users\Jeremy\IdeaProjects\RuneMate\out\production\RuneMate;C:\Users\Jeremy\Downloads\RuneMate (2).jar;C:\Users\Jeremy\Downloads\RuneMate (3).jar;C:\Users\Jeremy\AppData\Local\JetBrains\Toolbox\apps\IDEA-C\ch-0\191.7479.19\lib\idea_rt.jar;C:\Users\Jeremy\AppData\Local\JetBrains\Toolbox\apps\IDEA-C\ch-0\191.7479.19\lib\rt\debugger-agent.jar
Launcher Type: SUN_STANDARD

Environment Variables:
PATH=C:\Program Files (x86)\Common Files\Oracle\Java\javapath;C:\Program Files (x86)\Intel\Intel(R) Management Engine Components\iCLS\;C:\Program Files\Intel\Intel(R) Management Engine Components\iCLS\;C:\Windows\system32;C:\Windows;C:\Windows\System32\Wbem;C:\Windows\System32\WindowsPowerShell\v1.0\;C:\Windows\System32\OpenSSH\;C:\Program Files\Microsoft SQL Server\Client SDK\ODBC\130\Tools\Binn\;C:\Program Files (x86)\Microsoft SQL Server\140\Tools\Binn\;C:\Program Files\Microsoft SQL Server\140\Tools\Binn\;C:\Program Files\Microsoft SQL Server\140\DTS\Binn\;C:\Program Files (x86)\Microsoft SQL Server\Client SDK\ODBC\130\Tools\Binn\;C:\Program Files (x86)\Microsoft SQL Server\140\DTS\Binn\;C:\Program Files (x86)\Microsoft SQL Server\140\Tools\Binn\ManagementStudio\;C:\Program Files (x86)\Intel\Intel(R) Management Engine Components\DAL;C:\Program Files\Intel\Intel(R) Management Engine Components\DAL;C:\Program Files\dotnet\;C:\Program Files\Microsoft SQL Server\130\Tools\Binn\;C:\Program Files (x86)\Common Files\Intuit\QBPOSSDKRuntime;C:\Program Files\nodejs\;C:\Program Files\Git\cmd;C:\Tools\Svn\bin;C:\Program Files\MySQL\MySQL Shell 8.0\bin\;C:\Users\Jeremy\AppData\Roaming\npm;C:\Program Files (x86)\Java\jdk1.8.0_211;
USERNAME=Jeremy
OS=Windows_NT
PROCESSOR_IDENTIFIER=Intel64 Family 6 Model 158 Stepping 10, GenuineIntel



---------------  S Y S T E M  ---------------

OS: Windows 10.0 , 64 bit Build 17763 (10.0.17763.475)

CPU:total 6 (initial active 6) (6 cores per cpu, 1 threads per core) family 6 model 158 stepping 10, cmov, cx8, fxsr, mmx, sse, sse2, sse3, ssse3, sse4.1, sse4.2, popcnt, avx, avx2, aes, clmul, erms, 3dnowpref, lzcnt, tsc, tscinvbit, bmi1, bmi2, adx

Memory: 4k page, physical 16708944k(6146348k free), swap 43971920k(20819988k free)

vm_info: Java HotSpot(TM) Client VM (25.211-b12) for windows-x86 JRE (1.8.0_211-b12), built on Apr  1 2019 20:53:53 by "java_re" with MS VC++ 10.0 (VS2010)

time: Mon Jul 22 00:10:29 2019
timezone: Central Daylight Time
elapsed time: 175 seconds (0d 0h 2m 55s)

