#
# A fatal error has been detected by the Java Runtime Environment:
#
#  EXCEPTION_ACCESS_VIOLATION (0xc0000005) at pc=0x1bd4bc50, pid=15996, tid=0x00003aec
#
# JRE version: Java(TM) SE Runtime Environment (8.0_211-b12) (build 1.8.0_211-b12)
# Java VM: Java HotSpot(TM) Client VM (25.211-b12 mixed mode windows-x86 )
# Problematic frame:
# C  0x1bd4bc50
#
# Failed to write core dump. Minidumps are not enabled by default on client versions of Windows
#
# If you would like to submit a bug report, please visit:
#   http://bugreport.java.com/bugreport/crash.jsp
# The crash happened outside the Java Virtual Machine in native code.
# See problematic frame for where to report the bug.
#

---------------  T H R E A D  ---------------

Current thread (0x15460400):  JavaThread "QuantumRenderer-0" daemon [_thread_in_native, id=15084, stack(0x15850000,0x158a0000)]

siginfo: ExceptionCode=0xc0000005, ExceptionInformation=0x00000008 0x1bd4bc50

Registers:
EAX=0x1bd30380, EBX=0x00000000, ECX=0x1bd4bc50, EDX=0x00000002
ESP=0x1589b6a8, EBP=0x1589b6b8, ESI=0x1bd4bc50, EDI=0x0093de30
EIP=0x1bd4bc50, EFLAGS=0x00010206

Top of Stack: (sp=0x1589b6a8)
0x1589b6a8:   560f8f49 1bd4b528 1589b81c 1bd47a80
0x1589b6b8:   1589b6cc 561118fa 1bd4b528 00000030
0x1589b6c8:   1bd47a80 1589b718 561118ce 0093de30
0x1589b6d8:   1589b81c 1bd47aa8 1bd47aac 00000000
0x1589b6e8:   15460401 00000000 00000080 1bd47a00
0x1589b6f8:   1bd47a4c 0093de30 1bd47aa8 3f800000
0x1589b708:   1bd47aac 00000000 15460401 1bd47a80
0x1589b718:   1589b744 5611182d 1bd477d8 1589b81c 

Instructions: (pc=0x1bd4bc50)
0x1bd4bc30:   00 00 00 00 0c 00 00 00 01 00 00 00 00 00 00 00
0x1bd4bc40:   40 01 00 00 72 00 00 00 ff 32 b3 47 7e ff 03 00
0x1bd4bc50:   80 03 d3 1b 68 36 d3 1b 43 00 3a 00 5c 00 55 00
0x1bd4bc60:   53 00 45 00 52 00 53 00 5c 00 4a 00 45 00 52 00 


Register to memory mapping:

EAX=0x1bd30380 is an unknown value
EBX=0x00000000 is an unknown value
ECX=0x1bd4bc50 is an unknown value
EDX=0x00000002 is an unknown value
ESP=0x1589b6a8 is pointing into the stack for thread: 0x15460400
EBP=0x1589b6b8 is pointing into the stack for thread: 0x15460400
ESI=0x1bd4bc50 is an unknown value
EDI=0x0093de30 is an unknown value


Stack: [0x15850000,0x158a0000],  sp=0x1589b6a8,  free space=301k
Native frames: (J=compiled Java code, j=interpreted, Vv=VM code, C=native code)
C  0x1bd4bc50
C  0x561118fa
C  0x561118ce
C  0x5611182d
C  0x56111797
C  0x5609b5bd
C  [javafx_font.dll+0x42b4]
J 2863 C1 com.sun.javafx.font.directwrite.DWGlyph.getD2DMask(FFZ)[B (687 bytes) @ 0x02ac316c [0x02ac26a0+0xacc]
C  0x00000000

Java frames: (J=compiled Java code, j=interpreted, Vv=VM code)
j  com.sun.javafx.font.directwrite.OS.DrawGlyphRun(JLcom/sun/javafx/font/directwrite/D2D1_POINT_2F;Lcom/sun/javafx/font/directwrite/DWRITE_GLYPH_RUN;JI)V+0
J 2863 C1 com.sun.javafx.font.directwrite.DWGlyph.getD2DMask(FFZ)[B (687 bytes) @ 0x02ac316c [0x02ac26a0+0xacc]
j  com.sun.javafx.font.directwrite.DWGlyph.getPixelData(I)[B+94
J 2460 C1 com.sun.prism.impl.GlyphCache.getCachedGlyph(II)Lcom/sun/prism/impl/GlyphCache$GlyphData; (461 bytes) @ 0x02a2b0d4 [0x02a2ade0+0x2f4]
J 2439 C1 com.sun.prism.impl.GlyphCache.render(Lcom/sun/prism/impl/BaseContext;Lcom/sun/javafx/scene/text/GlyphList;FFIILcom/sun/prism/paint/Color;Lcom/sun/prism/paint/Color;Lcom/sun/javafx/geom/transform/BaseTransform;Lcom/sun/javafx/geom/BaseBounds;)V (326 bytes) @ 0x02a2529c [0x02a25060+0x23c]
j  com.sun.prism.impl.ps.BaseShaderGraphics.drawString(Lcom/sun/javafx/scene/text/GlyphList;Lcom/sun/javafx/font/FontStrike;FFLcom/sun/prism/paint/Color;II)V+815
J 2613 C1 com.sun.javafx.sg.prism.NGText.renderText(Lcom/sun/prism/Graphics;Lcom/sun/javafx/font/FontStrike;Lcom/sun/javafx/geom/BaseBounds;Lcom/sun/prism/paint/Color;I)V (523 bytes) @ 0x02a62134 [0x02a61eb0+0x284]
j  com.sun.javafx.sg.prism.NGText.renderContent2D(Lcom/sun/prism/Graphics;Z)V+238
J 2782 C1 com.sun.javafx.sg.prism.NGShape.renderContent(Lcom/sun/prism/Graphics;)V (458 bytes) @ 0x02a9668c [0x02a95fc0+0x6cc]
J 1810 C1 com.sun.javafx.sg.prism.NGNode.renderOpacity(Lcom/sun/prism/Graphics;)V (322 bytes) @ 0x029170a0 [0x02916980+0x720]
J 1470 C1 com.sun.javafx.sg.prism.NGNode.doRender(Lcom/sun/prism/Graphics;)V (473 bytes) @ 0x02881e98 [0x02881b60+0x338]
J 1461 C1 com.sun.javafx.sg.prism.NGNode.render(Lcom/sun/prism/Graphics;)V (38 bytes) @ 0x02880ba0 [0x02880b20+0x80]
J 1356 C1 com.sun.javafx.sg.prism.NGGroup.renderContent(Lcom/sun/prism/Graphics;)V (436 bytes) @ 0x02861d60 [0x02861a30+0x330]
J 1492 C1 com.sun.javafx.sg.prism.NGRegion.renderContent(Lcom/sun/prism/Graphics;)V (115 bytes) @ 0x02891734 [0x028914b0+0x284]
J 1470 C1 com.sun.javafx.sg.prism.NGNode.doRender(Lcom/sun/prism/Graphics;)V (473 bytes) @ 0x02881f28 [0x02881b60+0x3c8]
J 1461 C1 com.sun.javafx.sg.prism.NGNode.render(Lcom/sun/prism/Graphics;)V (38 bytes) @ 0x02880ba0 [0x02880b20+0x80]
J 1356 C1 com.sun.javafx.sg.prism.NGGroup.renderContent(Lcom/sun/prism/Graphics;)V (436 bytes) @ 0x02861d60 [0x02861a30+0x330]
J 1492 C1 com.sun.javafx.sg.prism.NGRegion.renderContent(Lcom/sun/prism/Graphics;)V (115 bytes) @ 0x02891734 [0x028914b0+0x284]
J 1470 C1 com.sun.javafx.sg.prism.NGNode.doRender(Lcom/sun/prism/Graphics;)V (473 bytes) @ 0x02881f28 [0x02881b60+0x3c8]
J 1461 C1 com.sun.javafx.sg.prism.NGNode.render(Lcom/sun/prism/Graphics;)V (38 bytes) @ 0x02880ba0 [0x02880b20+0x80]
J 1356 C1 com.sun.javafx.sg.prism.NGGroup.renderContent(Lcom/sun/prism/Graphics;)V (436 bytes) @ 0x02861d60 [0x02861a30+0x330]
J 1492 C1 com.sun.javafx.sg.prism.NGRegion.renderContent(Lcom/sun/prism/Graphics;)V (115 bytes) @ 0x02891734 [0x028914b0+0x284]
J 1470 C1 com.sun.javafx.sg.prism.NGNode.doRender(Lcom/sun/prism/Graphics;)V (473 bytes) @ 0x02881f28 [0x02881b60+0x3c8]
J 1461 C1 com.sun.javafx.sg.prism.NGNode.render(Lcom/sun/prism/Graphics;)V (38 bytes) @ 0x02880ba0 [0x02880b20+0x80]
J 1356 C1 com.sun.javafx.sg.prism.NGGroup.renderContent(Lcom/sun/prism/Graphics;)V (436 bytes) @ 0x02861d60 [0x02861a30+0x330]
J 1492 C1 com.sun.javafx.sg.prism.NGRegion.renderContent(Lcom/sun/prism/Graphics;)V (115 bytes) @ 0x02891734 [0x028914b0+0x284]
J 1470 C1 com.sun.javafx.sg.prism.NGNode.doRender(Lcom/sun/prism/Graphics;)V (473 bytes) @ 0x02881f28 [0x02881b60+0x3c8]
J 1461 C1 com.sun.javafx.sg.prism.NGNode.render(Lcom/sun/prism/Graphics;)V (38 bytes) @ 0x02880ba0 [0x02880b20+0x80]
J 1356 C1 com.sun.javafx.sg.prism.NGGroup.renderContent(Lcom/sun/prism/Graphics;)V (436 bytes) @ 0x02861d60 [0x02861a30+0x330]
J 1492 C1 com.sun.javafx.sg.prism.NGRegion.renderContent(Lcom/sun/prism/Graphics;)V (115 bytes) @ 0x02891734 [0x028914b0+0x284]
J 1470 C1 com.sun.javafx.sg.prism.NGNode.doRender(Lcom/sun/prism/Graphics;)V (473 bytes) @ 0x02881f28 [0x02881b60+0x3c8]
J 1461 C1 com.sun.javafx.sg.prism.NGNode.render(Lcom/sun/prism/Graphics;)V (38 bytes) @ 0x02880ba0 [0x02880b20+0x80]
J 1356 C1 com.sun.javafx.sg.prism.NGGroup.renderContent(Lcom/sun/prism/Graphics;)V (436 bytes) @ 0x02861d60 [0x02861a30+0x330]
J 1492 C1 com.sun.javafx.sg.prism.NGRegion.renderContent(Lcom/sun/prism/Graphics;)V (115 bytes) @ 0x02891734 [0x028914b0+0x284]
j  com.sun.javafx.sg.prism.NGNode.renderForClip(Lcom/sun/prism/Graphics;)V+17
j  com.sun.javafx.sg.prism.NGNode.renderRectClip(Lcom/sun/prism/Graphics;Lcom/sun/javafx/sg/prism/NGRectangle;)V+106
j  com.sun.javafx.sg.prism.NGNode.renderClip(Lcom/sun/prism/Graphics;)V+83
j  com.sun.javafx.sg.prism.CacheFilter.impl_renderNodeToCache(Lcom/sun/scenario/effect/ImageData;Lcom/sun/javafx/geom/Rectangle;Lcom/sun/javafx/geom/transform/BaseTransform;Lcom/sun/javafx/geom/Rectangle;)V+150
j  com.sun.javafx.sg.prism.CacheFilter.render(Lcom/sun/prism/Graphics;)V+344
j  com.sun.javafx.sg.prism.NGNode.renderCached(Lcom/sun/prism/Graphics;)V+31
J 1470 C1 com.sun.javafx.sg.prism.NGNode.doRender(Lcom/sun/prism/Graphics;)V (473 bytes) @ 0x02881ec0 [0x02881b60+0x360]
J 1461 C1 com.sun.javafx.sg.prism.NGNode.render(Lcom/sun/prism/Graphics;)V (38 bytes) @ 0x02880ba0 [0x02880b20+0x80]
J 1356 C1 com.sun.javafx.sg.prism.NGGroup.renderContent(Lcom/sun/prism/Graphics;)V (436 bytes) @ 0x02861d60 [0x02861a30+0x330]
J 1492 C1 com.sun.javafx.sg.prism.NGRegion.renderContent(Lcom/sun/prism/Graphics;)V (115 bytes) @ 0x02891734 [0x028914b0+0x284]
J 1470 C1 com.sun.javafx.sg.prism.NGNode.doRender(Lcom/sun/prism/Graphics;)V (473 bytes) @ 0x02881f28 [0x02881b60+0x3c8]
J 1461 C1 com.sun.javafx.sg.prism.NGNode.render(Lcom/sun/prism/Graphics;)V (38 bytes) @ 0x02880ba0 [0x02880b20+0x80]
J 1356 C1 com.sun.javafx.sg.prism.NGGroup.renderContent(Lcom/sun/prism/Graphics;)V (436 bytes) @ 0x02861d60 [0x02861a30+0x330]
J 1492 C1 com.sun.javafx.sg.prism.NGRegion.renderContent(Lcom/sun/prism/Graphics;)V (115 bytes) @ 0x02891734 [0x028914b0+0x284]
J 1470 C1 com.sun.javafx.sg.prism.NGNode.doRender(Lcom/sun/prism/Graphics;)V (473 bytes) @ 0x02881f28 [0x02881b60+0x3c8]
J 1461 C1 com.sun.javafx.sg.prism.NGNode.render(Lcom/sun/prism/Graphics;)V (38 bytes) @ 0x02880ba0 [0x02880b20+0x80]
J 1356 C1 com.sun.javafx.sg.prism.NGGroup.renderContent(Lcom/sun/prism/Graphics;)V (436 bytes) @ 0x02861d60 [0x02861a30+0x330]
J 1492 C1 com.sun.javafx.sg.prism.NGRegion.renderContent(Lcom/sun/prism/Graphics;)V (115 bytes) @ 0x02891734 [0x028914b0+0x284]
J 1470 C1 com.sun.javafx.sg.prism.NGNode.doRender(Lcom/sun/prism/Graphics;)V (473 bytes) @ 0x02881f28 [0x02881b60+0x3c8]
J 1461 C1 com.sun.javafx.sg.prism.NGNode.render(Lcom/sun/prism/Graphics;)V (38 bytes) @ 0x02880ba0 [0x02880b20+0x80]
J 1356 C1 com.sun.javafx.sg.prism.NGGroup.renderContent(Lcom/sun/prism/Graphics;)V (436 bytes) @ 0x02861d60 [0x02861a30+0x330]
J 1492 C1 com.sun.javafx.sg.prism.NGRegion.renderContent(Lcom/sun/prism/Graphics;)V (115 bytes) @ 0x02891734 [0x028914b0+0x284]
J 1810 C1 com.sun.javafx.sg.prism.NGNode.renderOpacity(Lcom/sun/prism/Graphics;)V (322 bytes) @ 0x02916e94 [0x02916980+0x514]
J 1470 C1 com.sun.javafx.sg.prism.NGNode.doRender(Lcom/sun/prism/Graphics;)V (473 bytes) @ 0x02881e98 [0x02881b60+0x338]
J 1461 C1 com.sun.javafx.sg.prism.NGNode.render(Lcom/sun/prism/Graphics;)V (38 bytes) @ 0x02880ba0 [0x02880b20+0x80]
J 1356 C1 com.sun.javafx.sg.prism.NGGroup.renderContent(Lcom/sun/prism/Graphics;)V (436 bytes) @ 0x02861d60 [0x02861a30+0x330]
J 1492 C1 com.sun.javafx.sg.prism.NGRegion.renderContent(Lcom/sun/prism/Graphics;)V (115 bytes) @ 0x02891734 [0x028914b0+0x284]
J 1470 C1 com.sun.javafx.sg.prism.NGNode.doRender(Lcom/sun/prism/Graphics;)V (473 bytes) @ 0x02881f28 [0x02881b60+0x3c8]
J 1461 C1 com.sun.javafx.sg.prism.NGNode.render(Lcom/sun/prism/Graphics;)V (38 bytes) @ 0x02880ba0 [0x02880b20+0x80]
J 1356 C1 com.sun.javafx.sg.prism.NGGroup.renderContent(Lcom/sun/prism/Graphics;)V (436 bytes) @ 0x02861d60 [0x02861a30+0x330]
J 1492 C1 com.sun.javafx.sg.prism.NGRegion.renderContent(Lcom/sun/prism/Graphics;)V (115 bytes) @ 0x02891734 [0x028914b0+0x284]
j  com.sun.javafx.sg.prism.NGNode.renderForClip(Lcom/sun/prism/Graphics;)V+17
j  com.sun.javafx.sg.prism.NGNode.renderRectClip(Lcom/sun/prism/Graphics;Lcom/sun/javafx/sg/prism/NGRectangle;)V+106
j  com.sun.javafx.sg.prism.NGNode.renderClip(Lcom/sun/prism/Graphics;)V+83
J 1470 C1 com.sun.javafx.sg.prism.NGNode.doRender(Lcom/sun/prism/Graphics;)V (473 bytes) @ 0x02881ee8 [0x02881b60+0x388]
J 1461 C1 com.sun.javafx.sg.prism.NGNode.render(Lcom/sun/prism/Graphics;)V (38 bytes) @ 0x02880ba0 [0x02880b20+0x80]
J 1356 C1 com.sun.javafx.sg.prism.NGGroup.renderContent(Lcom/sun/prism/Graphics;)V (436 bytes) @ 0x02861d60 [0x02861a30+0x330]
J 1492 C1 com.sun.javafx.sg.prism.NGRegion.renderContent(Lcom/sun/prism/Graphics;)V (115 bytes) @ 0x02891734 [0x028914b0+0x284]
J 1470 C1 com.sun.javafx.sg.prism.NGNode.doRender(Lcom/sun/prism/Graphics;)V (473 bytes) @ 0x02881f28 [0x02881b60+0x3c8]
J 1461 C1 com.sun.javafx.sg.prism.NGNode.render(Lcom/sun/prism/Graphics;)V (38 bytes) @ 0x02880ba0 [0x02880b20+0x80]
J 1356 C1 com.sun.javafx.sg.prism.NGGroup.renderContent(Lcom/sun/prism/Graphics;)V (436 bytes) @ 0x02861d60 [0x02861a30+0x330]
J 1492 C1 com.sun.javafx.sg.prism.NGRegion.renderContent(Lcom/sun/prism/Graphics;)V (115 bytes) @ 0x02891734 [0x028914b0+0x284]
J 1470 C1 com.sun.javafx.sg.prism.NGNode.doRender(Lcom/sun/prism/Graphics;)V (473 bytes) @ 0x02881f28 [0x02881b60+0x3c8]
J 1461 C1 com.sun.javafx.sg.prism.NGNode.render(Lcom/sun/prism/Graphics;)V (38 bytes) @ 0x02880ba0 [0x02880b20+0x80]
J 1356 C1 com.sun.javafx.sg.prism.NGGroup.renderContent(Lcom/sun/prism/Graphics;)V (436 bytes) @ 0x02861d60 [0x02861a30+0x330]
J 1492 C1 com.sun.javafx.sg.prism.NGRegion.renderContent(Lcom/sun/prism/Graphics;)V (115 bytes) @ 0x02891734 [0x028914b0+0x284]
J 1470 C1 com.sun.javafx.sg.prism.NGNode.doRender(Lcom/sun/prism/Graphics;)V (473 bytes) @ 0x02881f28 [0x02881b60+0x3c8]
J 1461 C1 com.sun.javafx.sg.prism.NGNode.render(Lcom/sun/prism/Graphics;)V (38 bytes) @ 0x02880ba0 [0x02880b20+0x80]
j  com.sun.javafx.tk.quantum.ViewPainter.doPaint(Lcom/sun/prism/Graphics;Lcom/sun/javafx/sg/prism/NodePath;)V+201
j  com.sun.javafx.tk.quantum.ViewPainter.paintImpl(Lcom/sun/prism/Graphics;)V+953
j  com.sun.javafx.tk.quantum.UploadingPainter.run()V+719
j  java.util.concurrent.Executors$RunnableAdapter.call()Ljava/lang/Object;+4
j  java.util.concurrent.FutureTask.runAndReset$$$capture()Z+47
j  java.util.concurrent.FutureTask.runAndReset()Z+5
j  com.sun.javafx.tk.RenderJob.run()V+1
j  java.util.concurrent.ThreadPoolExecutor.runWorker(Ljava/util/concurrent/ThreadPoolExecutor$Worker;)V+95
j  java.util.concurrent.ThreadPoolExecutor$Worker.run()V+5
j  com.sun.javafx.tk.quantum.QuantumRenderer$PipelineRunnable.run()V+8
j  java.lang.Thread.run()V+11
v  ~StubRoutines::call_stub

---------------  P R O C E S S  ---------------

Java Threads: ( => current thread )
  0x1ed33400 JavaThread "shutdown activity" daemon [_thread_in_native, id=20304, stack(0x00770000,0x007c0000)]
  0x1ed2fc00 JavaThread "RMShutdownHook" [_thread_in_native, id=3132, stack(0x1b470000,0x1b4c0000)]
  0x1ed31400 JavaThread "SIGINT handler" daemon [_thread_blocked, id=4884, stack(0x150d0000,0x15120000)]
  0x1ed35800 JavaThread "Keep-Alive-Timer" daemon [_thread_blocked, id=21460, stack(0x00720000,0x00770000)]
  0x1ed31000 JavaThread "Thread-16" daemon [_thread_blocked, id=4716, stack(0x266a0000,0x266f0000)]
  0x1ed2f400 JavaThread "RMI TCP Connection(1)-10.0.0.6" daemon [_thread_in_native, id=17604, stack(0x264f0000,0x26540000)]
  0x1ed36000 JavaThread "RMI Reaper" [_thread_blocked, id=20172, stack(0x26b20000,0x26b70000)]
  0x1e846c00 JavaThread "RMI TCP Accept-0" daemon [_thread_in_native, id=10084, stack(0x26a90000,0x26ae0000)]
  0x1e846000 JavaThread "GC Daemon" daemon [_thread_blocked, id=20044, stack(0x267a0000,0x267f0000)]
  0x1e845000 JavaThread "RMI RenewClean-[10.0.0.6:52195]" daemon [_thread_blocked, id=9412, stack(0x26710000,0x26760000)]
  0x1e848c00 JavaThread "RMI Scheduler(0)" daemon [_thread_blocked, id=2080, stack(0x23560000,0x235b0000)]
  0x1e847c00 JavaThread "Thread-13" [_thread_blocked, id=20904, stack(0x20a70000,0x20ac0000)]
  0x1e845800 JavaThread "pool-2-thread-1" [_thread_in_native, id=11080, stack(0x22de0000,0x22e30000)]
  0x1e847000 JavaThread "Prism Font Disposer" daemon [_thread_blocked, id=2664, stack(0x1fed0000,0x1ff20000)]
  0x15749400 JavaThread "AWT-EventQueue-0" [_thread_in_native, id=7268, stack(0x1e6a0000,0x1e6f0000)]
  0x155db400 JavaThread "JavaFX-Launcher" [_thread_blocked, id=18244, stack(0x1bcd0000,0x1bd20000)]
  0x155aac00 JavaThread "AWT-Shutdown" [_thread_blocked, id=12744, stack(0x1b2b0000,0x1b300000)]
  0x155aa400 JavaThread "Java2D Disposer" daemon [_thread_blocked, id=20664, stack(0x1b220000,0x1b270000)]
  0x154bb800 JavaThread "Thread-2" daemon [_thread_in_native, id=20376, stack(0x1ad50000,0x1ada0000)]
  0x15498c00 JavaThread "JavaFX Application Thread" [_thread_in_native, id=14544, stack(0x15ea0000,0x15ef0000)]
  0x15499400 JavaThread "Thread-1" daemon [_thread_blocked, id=11660, stack(0x15e10000,0x15e60000)]
=>0x15460400 JavaThread "QuantumRenderer-0" daemon [_thread_in_native, id=15084, stack(0x15850000,0x158a0000)]
  0x14c46400 JavaThread "Service Thread" daemon [_thread_blocked, id=19932, stack(0x15310000,0x15360000)]
  0x14c15000 JavaThread "C1 CompilerThread0" daemon [_thread_blocked, id=19868, stack(0x15280000,0x152d0000)]
  0x14b88400 JavaThread "JDWP Event Helper Thread" daemon [_thread_blocked, id=12820, stack(0x15160000,0x151b0000)]
  0x14b75000 JavaThread "Attach Listener" daemon [_thread_blocked, id=15500, stack(0x15040000,0x15090000)]
  0x14b7fc00 JavaThread "Signal Dispatcher" daemon [_thread_blocked, id=8744, stack(0x14fb0000,0x15000000)]
  0x14b6dc00 JavaThread "Finalizer" daemon [_thread_blocked, id=20008, stack(0x14e20000,0x14e70000)]
  0x14b57c00 JavaThread "Reference Handler" daemon [_thread_blocked, id=11444, stack(0x14d90000,0x14de0000)]
  0x024ae000 JavaThread "main" [_thread_blocked, id=3748, stack(0x00db0000,0x00e00000)]

Other Threads:
  0x14b51000 VMThread [stack: 0x045b0000,0x04600000] [id=18912]
  0x14c4c800 WatcherThread [stack: 0x153a0000,0x153f0000] [id=20508]

VM state:not at safepoint (normal execution)

VM Mutex/Monitor currently owned by a thread: None

Heap:
 def new generation   total 34560K, used 30835K [0x04600000, 0x06b80000, 0x09b50000)
  eden space 30720K,  91% used [0x04600000, 0x06164910, 0x06400000)
  from space 3840K,  72% used [0x06400000, 0x066b8420, 0x067c0000)
  to   space 3840K,   0% used [0x067c0000, 0x067c0000, 0x06b80000)
 tenured generation   total 76672K, used 67140K [0x09b50000, 0x0e630000, 0x14600000)
   the space 76672K,  87% used [0x09b50000, 0x0dce1240, 0x0dce1400, 0x0e630000)
 Metaspace       used 25490K, capacity 26748K, committed 26752K, reserved 27008K

Card table byte_map: [0x14600000,0x14690000] byte_map_base: 0x145dd000

Polling page: 0x00d80000

CodeCache: size=32768Kb used=5366Kb max_used=5366Kb free=27401Kb
 bounds [0x025b0000, 0x02af0000, 0x045b0000]
 total_blobs=3404 nmethods=2932 adapters=410
 compilation: enabled

Compilation events (10 events):
Event: 117.073 Thread 0x14c15000 nmethod 2965 0x02ae8448 code [0x02ae8580, 0x02ae8864]
Event: 117.073 Thread 0x14c15000 2966             com.sun.javafx.sg.prism.NGNode::hasVisuals (2 bytes)
Event: 117.073 Thread 0x14c15000 nmethod 2966 0x02ae8b88 code [0x02ae8c80, 0x02ae8d00]
Event: 117.073 Thread 0x14c15000 2967             javafx.scene.text.Text::getBoundsType (24 bytes)
Event: 117.073 Thread 0x14c15000 nmethod 2967 0x02ae8d48 code [0x02ae8e60, 0x02ae8fe8]
Event: 117.073 Thread 0x14c15000 2968             com.sun.javafx.iio.png.PNGImageLoader2::doFilter (71 bytes)
Event: 117.074 Thread 0x14c15000 nmethod 2968 0x02ae9108 code [0x02ae9230, 0x02ae9448]
Event: 117.074 Thread 0x14c15000 2969             com.sun.javafx.iio.png.PNGImageLoader2::mipPos (10 bytes)
Event: 117.074 Thread 0x14c15000 nmethod 2969 0x02ae97c8 code [0x02ae98c0, 0x02ae9980]
Event: 117.074 Thread 0x14c15000 2970             com.sun.javafx.iio.png.PNGImageLoader2::copy (76 bytes)

GC Heap History (10 events):
Event: 6.600 GC heap before
{Heap before GC invocations=43 (full 5):
 def new generation   total 34560K, used 33937K [0x04600000, 0x06b80000, 0x09b50000)
  eden space 30720K, 100% used [0x04600000, 0x06400000, 0x06400000)
  from space 3840K,  83% used [0x067c0000, 0x06ae4640, 0x06b80000)
  to   space 3840K,   0% used [0x06400000, 0x06400000, 0x067c0000)
 tenured generation   total 76672K, used 54491K [0x09b50000, 0x0e630000, 0x14600000)
   the space 76672K,  71% used [0x09b50000, 0x0d086ce8, 0x0d086e00, 0x0e630000)
 Metaspace       used 22443K, capacity 23339K, committed 23424K, reserved 23936K
Event: 6.608 GC heap after
Heap after GC invocations=44 (full 5):
 def new generation   total 34560K, used 3840K [0x04600000, 0x06b80000, 0x09b50000)
  eden space 30720K,   0% used [0x04600000, 0x04600000, 0x06400000)
  from space 3840K, 100% used [0x06400000, 0x067c0000, 0x067c0000)
  to   space 3840K,   0% used [0x067c0000, 0x067c0000, 0x06b80000)
 tenured generation   total 76672K, used 56508K [0x09b50000, 0x0e630000, 0x14600000)
   the space 76672K,  73% used [0x09b50000, 0x0d27f1b0, 0x0d27f200, 0x0e630000)
 Metaspace       used 22443K, capacity 23339K, committed 23424K, reserved 23936K
}
Event: 6.747 GC heap before
{Heap before GC invocations=44 (full 5):
 def new generation   total 34560K, used 34560K [0x04600000, 0x06b80000, 0x09b50000)
  eden space 30720K, 100% used [0x04600000, 0x06400000, 0x06400000)
  from space 3840K, 100% used [0x06400000, 0x067c0000, 0x067c0000)
  to   space 3840K,   0% used [0x067c0000, 0x067c0000, 0x06b80000)
 tenured generation   total 76672K, used 56508K [0x09b50000, 0x0e630000, 0x14600000)
   the space 76672K,  73% used [0x09b50000, 0x0d27f1b0, 0x0d27f200, 0x0e630000)
 Metaspace       used 22825K, capacity 23794K, committed 23808K, reserved 23936K
Event: 6.753 GC heap after
Heap after GC invocations=45 (full 5):
 def new generation   total 34560K, used 1539K [0x04600000, 0x06b80000, 0x09b50000)
  eden space 30720K,   0% used [0x04600000, 0x04600000, 0x06400000)
  from space 3840K,  40% used [0x067c0000, 0x06940d88, 0x06b80000)
  to   space 3840K,   0% used [0x06400000, 0x06400000, 0x067c0000)
 tenured generation   total 76672K, used 58593K [0x09b50000, 0x0e630000, 0x14600000)
   the space 76672K,  76% used [0x09b50000, 0x0d488720, 0x0d488800, 0x0e630000)
 Metaspace       used 22825K, capacity 23794K, committed 23808K, reserved 23936K
}
Event: 6.934 GC heap before
{Heap before GC invocations=45 (full 5):
 def new generation   total 34560K, used 32229K [0x04600000, 0x06b80000, 0x09b50000)
  eden space 30720K,  99% used [0x04600000, 0x063f89e0, 0x06400000)
  from space 3840K,  40% used [0x067c0000, 0x06940d88, 0x06b80000)
  to   space 3840K,   0% used [0x06400000, 0x06400000, 0x067c0000)
 tenured generation   total 76672K, used 58593K [0x09b50000, 0x0e630000, 0x14600000)
   the space 76672K,  76% used [0x09b50000, 0x0d488720, 0x0d488800, 0x0e630000)
 Metaspace       used 23591K, capacity 24698K, committed 24704K, reserved 24960K
Event: 6.941 GC heap after
Heap after GC invocations=46 (full 5):
 def new generation   total 34560K, used 3839K [0x04600000, 0x06b80000, 0x09b50000)
  eden space 30720K,   0% used [0x04600000, 0x04600000, 0x06400000)
  from space 3840K,  99% used [0x06400000, 0x067bfda8, 0x067c0000)
  to   space 3840K,   0% used [0x067c0000, 0x067c0000, 0x06b80000)
 tenured generation   total 76672K, used 58631K [0x09b50000, 0x0e630000, 0x14600000)
   the space 76672K,  76% used [0x09b50000, 0x0d491ea8, 0x0d492000, 0x0e630000)
 Metaspace       used 23591K, capacity 24698K, committed 24704K, reserved 24960K
}
Event: 10.799 GC heap before
{Heap before GC invocations=46 (full 5):
 def new generation   total 34560K, used 34559K [0x04600000, 0x06b80000, 0x09b50000)
  eden space 30720K, 100% used [0x04600000, 0x06400000, 0x06400000)
  from space 3840K,  99% used [0x06400000, 0x067bfda8, 0x067c0000)
  to   space 3840K,   0% used [0x067c0000, 0x067c0000, 0x06b80000)
 tenured generation   total 76672K, used 58631K [0x09b50000, 0x0e630000, 0x14600000)
   the space 76672K,  76% used [0x09b50000, 0x0d491ea8, 0x0d492000, 0x0e630000)
 Metaspace       used 24625K, capacity 25797K, committed 25856K, reserved 25984K
Event: 10.810 GC heap after
Heap after GC invocations=47 (full 5):
 def new generation   total 34560K, used 3840K [0x04600000, 0x06b80000, 0x09b50000)
  eden space 30720K,   0% used [0x04600000, 0x04600000, 0x06400000)
  from space 3840K, 100% used [0x067c0000, 0x06b80000, 0x06b80000)
  to   space 3840K,   0% used [0x06400000, 0x06400000, 0x067c0000)
 tenured generation   total 76672K, used 63575K [0x09b50000, 0x0e630000, 0x14600000)
   the space 76672K,  82% used [0x09b50000, 0x0d965ee0, 0x0d966000, 0x0e630000)
 Metaspace       used 24625K, capacity 25797K, committed 25856K, reserved 25984K
}
Event: 10.984 GC heap before
{Heap before GC invocations=47 (full 5):
 def new generation   total 34560K, used 26397K [0x04600000, 0x06b80000, 0x09b50000)
  eden space 30720K,  73% used [0x04600000, 0x05c07570, 0x06400000)
  from space 3840K, 100% used [0x067c0000, 0x06b80000, 0x06b80000)
  to   space 3840K,   0% used [0x06400000, 0x06400000, 0x067c0000)
 tenured generation   total 76672K, used 63575K [0x09b50000, 0x0e630000, 0x14600000)
   the space 76672K,  82% used [0x09b50000, 0x0d965ee0, 0x0d966000, 0x0e630000)
 Metaspace       used 24962K, capacity 26152K, committed 26240K, reserved 27008K
Event: 10.990 GC heap after
Heap after GC invocations=48 (full 5):
 def new generation   total 34560K, used 2785K [0x04600000, 0x06b80000, 0x09b50000)
  eden space 30720K,   0% used [0x04600000, 0x04600000, 0x06400000)
  from space 3840K,  72% used [0x06400000, 0x066b8420, 0x067c0000)
  to   space 3840K,   0% used [0x067c0000, 0x067c0000, 0x06b80000)
 tenured generation   total 76672K, used 67140K [0x09b50000, 0x0e630000, 0x14600000)
   the space 76672K,  87% used [0x09b50000, 0x0dce1240, 0x0dce1400, 0x0e630000)
 Metaspace       used 24962K, capacity 26152K, committed 26240K, reserved 27008K
}

Deoptimization events (0 events):
No events

Classes redefined (0 events):
No events

Internal exceptions (10 events):
Event: 10.941 Thread 0x1ed2f000 Exception <a 'java/io/FileNotFoundException'> (0x04e54c48) thrown at [C:\re\workspace\8-2-build-windows-i586-cygwin\jdk8u211\12973\hotspot\src\share\vm\prims\jni.cpp, line 710]
Event: 10.943 Thread 0x1ed2f000 Exception <a 'java/io/FileNotFoundException'> (0x04f24988) thrown at [C:\re\workspace\8-2-build-windows-i586-cygwin\jdk8u211\12973\hotspot\src\share\vm\prims\jni.cpp, line 710]
Event: 10.945 Thread 0x1ed2f000 Exception <a 'java/io/FileNotFoundException'> (0x04fc91d8) thrown at [C:\re\workspace\8-2-build-windows-i586-cygwin\jdk8u211\12973\hotspot\src\share\vm\prims\jni.cpp, line 710]
Event: 10.949 Thread 0x1ed2f000 Exception <a 'java/io/FileNotFoundException'> (0x05164880) thrown at [C:\re\workspace\8-2-build-windows-i586-cygwin\jdk8u211\12973\hotspot\src\share\vm\prims\jni.cpp, line 710]
Event: 10.953 Thread 0x1ed2f000 Exception <a 'java/lang/ArrayIndexOutOfBoundsException'> (0x052a6b90) thrown at [C:\re\workspace\8-2-build-windows-i586-cygwin\jdk8u211\12973\hotspot\src\share\vm\runtime\sharedRuntime.cpp, line 605]
Event: 10.968 Thread 0x15498c00 Exception <a 'java/io/FileNotFoundException'> (0x048098e8) thrown at [C:\re\workspace\8-2-build-windows-i586-cygwin\jdk8u211\12973\hotspot\src\share\vm\prims\jni.cpp, line 710]
Event: 10.970 Thread 0x15498c00 Exception <a 'java/io/FileNotFoundException'> (0x048290a8) thrown at [C:\re\workspace\8-2-build-windows-i586-cygwin\jdk8u211\12973\hotspot\src\share\vm\prims\jni.cpp, line 710]
Event: 117.057 Thread 0x1ed2e800 Exception <a 'java/io/FileNotFoundException'> (0x05ab4160) thrown at [C:\re\workspace\8-2-build-windows-i586-cygwin\jdk8u211\12973\hotspot\src\share\vm\prims\jni.cpp, line 710]
Event: 117.071 Thread 0x1ed30000 Exception <a 'java/lang/IllegalStateException'> (0x05d66798) thrown at [C:\re\workspace\8-2-build-windows-i586-cygwin\jdk8u211\12973\hotspot\src\share\vm\prims\jvm.cpp, line 1506]
Event: 117.073 Thread 0x1ed2e800 Exception <a 'java/io/FileNotFoundException'> (0x05defa00) thrown at [C:\re\workspace\8-2-build-windows-i586-cygwin\jdk8u211\12973\hotspot\src\share\vm\prims\jni.cpp, line 710]

Events (10 events):
Event: 117.070 loading class com/sun/javafx/tk/quantum/QuantumToolkit done
Event: 117.071 Thread 0x1ed30000 Thread exited: 0x1ed30000
Event: 117.071 loading class com/sun/javafx/image/impl/ByteGrayAlpha$ToByteBgraSameConv
Event: 117.071 loading class com/sun/javafx/image/impl/ByteGrayAlpha$ToByteBgraSameConv done
Event: 117.072 Thread 0x1ed32000 Thread exited: 0x1ed32000
Event: 117.072 loading class sun/java2d/pipe/hw/AccelDeviceEventNotifier
Event: 117.072 loading class sun/java2d/pipe/hw/AccelDeviceEventNotifier done
Event: 117.072 Thread 0x1ed30800 Thread exited: 0x1ed30800
Event: 117.073 Thread 0x1ed2f000 Thread exited: 0x1ed2f000
Event: 117.073 Thread 0x1ed32c00 Thread exited: 0x1ed32c00


Dynamic libraries:
0x00ef0000 - 0x00f23000 	C:\Program Files (x86)\Java\jre1.8.0_211\bin\java.exe
0x771f0000 - 0x7738c000 	C:\Windows\SYSTEM32\ntdll.dll
0x76b60000 - 0x76c40000 	C:\Windows\System32\KERNEL32.DLL
0x76960000 - 0x76b5a000 	C:\Windows\System32\KERNELBASE.dll
0x74490000 - 0x7452c000 	C:\Windows\SYSTEM32\apphelp.dll
0x6e4c0000 - 0x6e757000 	C:\Program Files\Norton Security\NortonData\22.11.1.5\Definitions\IPSDefs\20190628.061\IPSEng32.dll
0x754a0000 - 0x7551e000 	C:\Windows\System32\ADVAPI32.dll
0x753e0000 - 0x754a0000 	C:\Windows\System32\msvcrt.dll
0x74920000 - 0x74999000 	C:\Windows\System32\sechost.dll
0x749a0000 - 0x74a5f000 	C:\Windows\System32\RPCRT4.dll
0x74860000 - 0x74880000 	C:\Windows\System32\SspiCli.dll
0x74850000 - 0x7485a000 	C:\Windows\System32\CRYPTBASE.dll
0x76000000 - 0x76062000 	C:\Windows\System32\bcryptPrimitives.dll
0x75e60000 - 0x75e66000 	C:\Windows\System32\PSAPI.DLL
0x766e0000 - 0x76879000 	C:\Windows\System32\USER32.dll
0x74fc0000 - 0x74fd7000 	C:\Windows\System32\win32u.dll
0x76880000 - 0x768a3000 	C:\Windows\System32\GDI32.dll
0x76c40000 - 0x76da6000 	C:\Windows\System32\gdi32full.dll
0x75190000 - 0x75210000 	C:\Windows\System32\msvcp_win.dll
0x75d30000 - 0x75e52000 	C:\Windows\System32\ucrtbase.dll
0x6ba00000 - 0x6bc0f000 	C:\Windows\WinSxS\x86_microsoft.windows.common-controls_6595b64144ccf1df_6.0.17763.557_none_4d63763f1b9a84a5\COMCTL32.dll
0x76db0000 - 0x77028000 	C:\Windows\System32\combase.dll
0x75e70000 - 0x75e95000 	C:\Windows\System32\IMM32.DLL
0x6e400000 - 0x6e4bf000 	C:\Program Files (x86)\Java\jre1.8.0_211\bin\msvcr100.dll
0x6af80000 - 0x6b355000 	C:\Program Files (x86)\Java\jre1.8.0_211\bin\client\jvm.dll
0x745a0000 - 0x745a8000 	C:\Windows\SYSTEM32\VERSION.dll
0x6af60000 - 0x6af68000 	C:\Windows\SYSTEM32\WSOCK32.dll
0x74600000 - 0x74624000 	C:\Windows\SYSTEM32\WINMM.dll
0x74a60000 - 0x74abf000 	C:\Windows\System32\WS2_32.dll
0x745d0000 - 0x745f3000 	C:\Windows\SYSTEM32\winmmbase.dll
0x768b0000 - 0x768eb000 	C:\Windows\System32\cfgmgr32.dll
0x6e3f0000 - 0x6e3fc000 	C:\Program Files (x86)\Java\jre1.8.0_211\bin\verify.dll
0x6e3c0000 - 0x6e3e1000 	C:\Program Files (x86)\Java\jre1.8.0_211\bin\java.dll
0x6e390000 - 0x6e3bb000 	C:\Program Files (x86)\Java\jre1.8.0_211\bin\jdwp.dll
0x6e380000 - 0x6e387000 	C:\Program Files (x86)\Java\jre1.8.0_211\bin\npt.dll
0x6e360000 - 0x6e380000 	C:\Program Files (x86)\Java\jre1.8.0_211\bin\instrument.dll
0x6e340000 - 0x6e354000 	C:\Program Files (x86)\Java\jre1.8.0_211\bin\zip.dll
0x75610000 - 0x75b5e000 	C:\Windows\System32\SHELL32.dll
0x74ac0000 - 0x74b49000 	C:\Windows\System32\shcore.dll
0x760e0000 - 0x766dc000 	C:\Windows\System32\windows.storage.dll
0x768f0000 - 0x7690c000 	C:\Windows\System32\profapi.dll
0x75520000 - 0x75574000 	C:\Windows\System32\powrprof.dll
0x76910000 - 0x76954000 	C:\Windows\System32\shlwapi.dll
0x75210000 - 0x7521f000 	C:\Windows\System32\kernel.appcore.dll
0x753c0000 - 0x753d2000 	C:\Windows\System32\cryptsp.dll
0x6e330000 - 0x6e338000 	C:\Program Files (x86)\Java\jre1.8.0_211\bin\dt_socket.dll
0x6f950000 - 0x6f9a2000 	C:\Windows\system32\mswsock.dll
0x6e320000 - 0x6e323000 	C:\Program Files (x86)\Java\jre1.8.0_211\bin\api-ms-win-core-console-l1-1-0.dll
0x6e310000 - 0x6e313000 	C:\Program Files (x86)\Java\jre1.8.0_211\bin\api-ms-win-core-datetime-l1-1-0.dll
0x6e300000 - 0x6e303000 	C:\Program Files (x86)\Java\jre1.8.0_211\bin\api-ms-win-core-debug-l1-1-0.dll
0x6e2f0000 - 0x6e2f3000 	C:\Program Files (x86)\Java\jre1.8.0_211\bin\api-ms-win-core-errorhandling-l1-1-0.dll
0x6e2e0000 - 0x6e2e4000 	C:\Program Files (x86)\Java\jre1.8.0_211\bin\api-ms-win-core-file-l1-1-0.dll
0x6e2d0000 - 0x6e2d3000 	C:\Program Files (x86)\Java\jre1.8.0_211\bin\api-ms-win-core-file-l1-2-0.dll
0x6e2c0000 - 0x6e2c3000 	C:\Program Files (x86)\Java\jre1.8.0_211\bin\api-ms-win-core-file-l2-1-0.dll
0x6e2b0000 - 0x6e2b3000 	C:\Program Files (x86)\Java\jre1.8.0_211\bin\api-ms-win-core-handle-l1-1-0.dll
0x6e2a0000 - 0x6e2a3000 	C:\Program Files (x86)\Java\jre1.8.0_211\bin\api-ms-win-core-heap-l1-1-0.dll
0x6e290000 - 0x6e293000 	C:\Program Files (x86)\Java\jre1.8.0_211\bin\api-ms-win-core-interlocked-l1-1-0.dll
0x6e280000 - 0x6e283000 	C:\Program Files (x86)\Java\jre1.8.0_211\bin\api-ms-win-core-libraryloader-l1-1-0.dll
0x6e270000 - 0x6e273000 	C:\Program Files (x86)\Java\jre1.8.0_211\bin\api-ms-win-core-localization-l1-2-0.dll
0x6e260000 - 0x6e263000 	C:\Program Files (x86)\Java\jre1.8.0_211\bin\api-ms-win-core-memory-l1-1-0.dll
0x6e250000 - 0x6e253000 	C:\Program Files (x86)\Java\jre1.8.0_211\bin\api-ms-win-core-namedpipe-l1-1-0.dll
0x6e240000 - 0x6e243000 	C:\Program Files (x86)\Java\jre1.8.0_211\bin\api-ms-win-core-processenvironment-l1-1-0.dll
0x6e230000 - 0x6e233000 	C:\Program Files (x86)\Java\jre1.8.0_211\bin\api-ms-win-core-processthreads-l1-1-0.dll
0x6e220000 - 0x6e223000 	C:\Program Files (x86)\Java\jre1.8.0_211\bin\api-ms-win-core-processthreads-l1-1-1.dll
0x6e210000 - 0x6e213000 	C:\Program Files (x86)\Java\jre1.8.0_211\bin\api-ms-win-core-profile-l1-1-0.dll
0x6e200000 - 0x6e203000 	C:\Program Files (x86)\Java\jre1.8.0_211\bin\api-ms-win-core-rtlsupport-l1-1-0.dll
0x6e1f0000 - 0x6e1f3000 	C:\Program Files (x86)\Java\jre1.8.0_211\bin\api-ms-win-core-string-l1-1-0.dll
0x6e1e0000 - 0x6e1e3000 	C:\Program Files (x86)\Java\jre1.8.0_211\bin\api-ms-win-core-synch-l1-1-0.dll
0x6e1d0000 - 0x6e1d3000 	C:\Program Files (x86)\Java\jre1.8.0_211\bin\api-ms-win-core-synch-l1-2-0.dll
0x6e1c0000 - 0x6e1c3000 	C:\Program Files (x86)\Java\jre1.8.0_211\bin\api-ms-win-core-sysinfo-l1-1-0.dll
0x6e1b0000 - 0x6e1b3000 	C:\Program Files (x86)\Java\jre1.8.0_211\bin\api-ms-win-core-timezone-l1-1-0.dll
0x6e1a0000 - 0x6e1a3000 	C:\Program Files (x86)\Java\jre1.8.0_211\bin\api-ms-win-core-util-l1-1-0.dll
0x6e190000 - 0x6e193000 	C:\Program Files (x86)\Java\jre1.8.0_211\bin\api-ms-win-crt-conio-l1-1-0.dll
0x6e180000 - 0x6e184000 	C:\Program Files (x86)\Java\jre1.8.0_211\bin\api-ms-win-crt-convert-l1-1-0.dll
0x6e170000 - 0x6e173000 	C:\Program Files (x86)\Java\jre1.8.0_211\bin\api-ms-win-crt-environment-l1-1-0.dll
0x6e160000 - 0x6e163000 	C:\Program Files (x86)\Java\jre1.8.0_211\bin\api-ms-win-crt-filesystem-l1-1-0.dll
0x6e150000 - 0x6e153000 	C:\Program Files (x86)\Java\jre1.8.0_211\bin\api-ms-win-crt-heap-l1-1-0.dll
0x6e140000 - 0x6e143000 	C:\Program Files (x86)\Java\jre1.8.0_211\bin\api-ms-win-crt-locale-l1-1-0.dll
0x6e130000 - 0x6e135000 	C:\Program Files (x86)\Java\jre1.8.0_211\bin\api-ms-win-crt-math-l1-1-0.dll
0x6e120000 - 0x6e125000 	C:\Program Files (x86)\Java\jre1.8.0_211\bin\api-ms-win-crt-multibyte-l1-1-0.dll
0x6e110000 - 0x6e120000 	C:\Program Files (x86)\Java\jre1.8.0_211\bin\api-ms-win-crt-private-l1-1-0.dll
0x6e100000 - 0x6e103000 	C:\Program Files (x86)\Java\jre1.8.0_211\bin\api-ms-win-crt-process-l1-1-0.dll
0x6e0f0000 - 0x6e0f4000 	C:\Program Files (x86)\Java\jre1.8.0_211\bin\api-ms-win-crt-runtime-l1-1-0.dll
0x6e0e0000 - 0x6e0e4000 	C:\Program Files (x86)\Java\jre1.8.0_211\bin\api-ms-win-crt-stdio-l1-1-0.dll
0x6e0d0000 - 0x6e0d4000 	C:\Program Files (x86)\Java\jre1.8.0_211\bin\api-ms-win-crt-string-l1-1-0.dll
0x6e0c0000 - 0x6e0c3000 	C:\Program Files (x86)\Java\jre1.8.0_211\bin\api-ms-win-crt-time-l1-1-0.dll
0x6e0b0000 - 0x6e0b3000 	C:\Program Files (x86)\Java\jre1.8.0_211\bin\api-ms-win-crt-utility-l1-1-0.dll
0x6db80000 - 0x6dc97000 	C:\Program Files (x86)\Java\jre1.8.0_211\bin\ucrtbase.dll
0x6e090000 - 0x6e0a5000 	C:\Program Files (x86)\Java\jre1.8.0_211\bin\vcruntime140.dll
0x6ddf0000 - 0x6de61000 	C:\Program Files (x86)\Java\jre1.8.0_211\bin\msvcp140.dll
0x6d380000 - 0x6d3bc000 	C:\Program Files (x86)\Java\jre1.8.0_211\bin\concrt140.dll
0x6e070000 - 0x6e08f000 	C:\Program Files (x86)\Java\jre1.8.0_211\bin\prism_d3d.dll
0x6a530000 - 0x6a6a1000 	C:\Windows\system32\d3d9.dll
0x6a7e0000 - 0x6a806000 	C:\Windows\SYSTEM32\dwmapi.dll
0x75220000 - 0x753b9000 	C:\Windows\System32\CRYPT32.dll
0x76070000 - 0x7607e000 	C:\Windows\System32\MSASN1.dll
0x6b980000 - 0x6b9fb000 	C:\Windows\system32\uxtheme.dll
0x6a3a0000 - 0x6a523000 	C:\Windows\System32\DriverStore\FileRepository\c0341662.inf_amd64_6a03bbaf8486839e\B341390\aticfx32.dll
0x6d140000 - 0x6d169000 	C:\Windows\System32\DriverStore\FileRepository\c0341662.inf_amd64_6a03bbaf8486839e\B341390\atiu9pag.dll
0x698e0000 - 0x6a39b000 	C:\Windows\System32\DriverStore\FileRepository\c0341662.inf_amd64_6a03bbaf8486839e\B341390\atiumdag.dll
0x770e0000 - 0x771dc000 	C:\Windows\System32\ole32.dll
0x68c60000 - 0x698a4000 	C:\Windows\System32\DriverStore\FileRepository\c0341662.inf_amd64_6a03bbaf8486839e\B341390\atiumdva.dll
0x68c30000 - 0x68c54000 	C:\Windows\SYSTEM32\amdihk32.dll
0x6c030000 - 0x6c067000 	C:\Program Files (x86)\Java\jre1.8.0_211\bin\glass.dll
0x75f00000 - 0x75ffa000 	C:\Windows\System32\COMDLG32.dll
0x74880000 - 0x74916000 	C:\Windows\System32\OLEAUT32.dll
0x74fe0000 - 0x7511e000 	C:\Windows\System32\MSCTF.dll
0x6d410000 - 0x6d425000 	C:\Program Files (x86)\Java\jre1.8.0_211\bin\net.dll
0x6cf00000 - 0x6d0bc000 	C:\Windows\SYSTEM32\urlmon.dll
0x6ccd0000 - 0x6cefd000 	C:\Windows\SYSTEM32\iertutil.dll
0x6e060000 - 0x6e06f000 	C:\Program Files (x86)\Java\jre1.8.0_211\bin\nio.dll
0x746c0000 - 0x746ef000 	C:\Windows\system32\rsaenh.dll
0x74fa0000 - 0x74fb9000 	C:\Windows\System32\bcrypt.dll
0x73ac0000 - 0x73ae3000 	C:\Windows\SYSTEM32\USERENV.dll
0x74530000 - 0x74563000 	C:\Windows\SYSTEM32\IPHLPAPI.DLL
0x770d0000 - 0x770d7000 	C:\Windows\System32\NSI.dll
0x74580000 - 0x74593000 	C:\Windows\SYSTEM32\dhcpcsvc6.DLL
0x73b10000 - 0x73b24000 	C:\Windows\SYSTEM32\dhcpcsvc.DLL
0x72370000 - 0x72400000 	C:\Windows\SYSTEM32\DNSAPI.dll
0x6bff0000 - 0x6c028000 	C:\Users\Jeremy\AppData\Local\Temp\jna--2079637766\jna8347047717626336437.dll
0x6b510000 - 0x6b657000 	C:\Program Files (x86)\Java\jre1.8.0_211\bin\awt.dll
0x6db70000 - 0x6db80000 	C:\Program Files (x86)\Java\jre1.8.0_211\bin\javafx_font.dll
0x655f0000 - 0x65882000 	C:\Windows\SYSTEM32\dwrite.dll
0x6a6f0000 - 0x6a7c9000 	C:\Windows\system32\opengl32.dll
0x6a6b0000 - 0x6a6ef000 	C:\Windows\SYSTEM32\GLU32.dll
0x6bfb0000 - 0x6bfea000 	C:\Program Files (x86)\Java\jre1.8.0_211\bin\fontmanager.dll
0x64fa0000 - 0x65039000 	C:\Windows\SYSTEM32\mscms.dll
0x64f90000 - 0x64f9c000 	C:\Windows\SYSTEM32\ColorAdapterClient.dll

VM Arguments:
jvm_args: -agentlib:jdwp=transport=dt_socket,address=127.0.0.1:52697,suspend=y,server=n -javaagent:C:\Users\Jeremy\AppData\Local\JetBrains\Toolbox\apps\IDEA-C\ch-0\191.7479.19\lib\rt\debugger-agent.jar -Dfile.encoding=UTF-8 
java_command: com.runemate.boot.Boot -sdk -login=kenshin0707:B@con123
java_class_path (initial): C:\Program Files (x86)\Java\jre1.8.0_211\lib\charsets.jar;C:\Program Files (x86)\Java\jre1.8.0_211\lib\deploy.jar;C:\Program Files (x86)\Java\jre1.8.0_211\lib\ext\access-bridge-32.jar;C:\Program Files (x86)\Java\jre1.8.0_211\lib\ext\cldrdata.jar;C:\Program Files (x86)\Java\jre1.8.0_211\lib\ext\dnsns.jar;C:\Program Files (x86)\Java\jre1.8.0_211\lib\ext\jaccess.jar;C:\Program Files (x86)\Java\jre1.8.0_211\lib\ext\jfxrt.jar;C:\Program Files (x86)\Java\jre1.8.0_211\lib\ext\localedata.jar;C:\Program Files (x86)\Java\jre1.8.0_211\lib\ext\nashorn.jar;C:\Program Files (x86)\Java\jre1.8.0_211\lib\ext\sunec.jar;C:\Program Files (x86)\Java\jre1.8.0_211\lib\ext\sunjce_provider.jar;C:\Program Files (x86)\Java\jre1.8.0_211\lib\ext\sunmscapi.jar;C:\Program Files (x86)\Java\jre1.8.0_211\lib\ext\sunpkcs11.jar;C:\Program Files (x86)\Java\jre1.8.0_211\lib\ext\zipfs.jar;C:\Program Files (x86)\Java\jre1.8.0_211\lib\javaws.jar;C:\Program Files (x86)\Java\jre1.8.0_211\lib\jce.jar;C:\Program Files (x86)\Java\jre1.8.0_211\lib\jfr.jar;C:\Program Files (x86)\Java\jre1.8.0_211\lib\jfxswt.jar;C:\Program Files (x86)\Java\jre1.8.0_211\lib\jsse.jar;C:\Program Files (x86)\Java\jre1.8.0_211\lib\management-agent.jar;C:\Program Files (x86)\Java\jre1.8.0_211\lib\plugin.jar;C:\Program Files (x86)\Java\jre1.8.0_211\lib\resources.jar;C:\Program Files (x86)\Java\jre1.8.0_211\lib\rt.jar;C:\Users\Jeremy\IdeaProjects\RuneMate\out\production\RuneMate;C:\Users\Jeremy\IdeaProjects\RuneMate\RuneMate (1).jar;C:\Users\Jeremy\AppData\Local\JetBrains\Toolbox\apps\IDEA-C\ch-0\191.7479.19\lib\idea_rt.jar;C:\Users\Jeremy\AppData\Local\JetBrains\Toolbox\apps\IDEA-C\ch-0\191.7479.19\lib\rt\debugger-agent.jar
Launcher Type: SUN_STANDARD

Environment Variables:
PATH=C:\Program Files (x86)\Common Files\Oracle\Java\javapath;C:\Program Files (x86)\Intel\Intel(R) Management Engine Components\iCLS\;C:\Program Files\Intel\Intel(R) Management Engine Components\iCLS\;C:\Windows\system32;C:\Windows;C:\Windows\System32\Wbem;C:\Windows\System32\WindowsPowerShell\v1.0\;C:\Windows\System32\OpenSSH\;C:\Program Files\Microsoft SQL Server\Client SDK\ODBC\130\Tools\Binn\;C:\Program Files (x86)\Microsoft SQL Server\140\Tools\Binn\;C:\Program Files\Microsoft SQL Server\140\Tools\Binn\;C:\Program Files\Microsoft SQL Server\140\DTS\Binn\;C:\Program Files (x86)\Microsoft SQL Server\Client SDK\ODBC\130\Tools\Binn\;C:\Program Files (x86)\Microsoft SQL Server\140\DTS\Binn\;C:\Program Files (x86)\Microsoft SQL Server\140\Tools\Binn\ManagementStudio\;C:\Program Files (x86)\Intel\Intel(R) Management Engine Components\DAL;C:\Program Files\Intel\Intel(R) Management Engine Components\DAL;C:\Program Files\dotnet\;C:\Program Files\Microsoft SQL Server\130\Tools\Binn\;C:\Program Files (x86)\Common Files\Intuit\QBPOSSDKRuntime;C:\Program Files\nodejs\;C:\Program Files\Git\cmd;C:\Program Files\MySQL\MySQL Shell 8.0\bin\;C:\Users\Jeremy\AppData\Roaming\npm;C:\Program Files\Java\jdk-12.0.1\bin;
USERNAME=Jeremy
OS=Windows_NT
PROCESSOR_IDENTIFIER=Intel64 Family 6 Model 158 Stepping 10, GenuineIntel



---------------  S Y S T E M  ---------------

OS: Windows 10.0 , 64 bit Build 17763 (10.0.17763.475)

CPU:total 6 (initial active 6) (6 cores per cpu, 1 threads per core) family 6 model 158 stepping 10, cmov, cx8, fxsr, mmx, sse, sse2, sse3, ssse3, sse4.1, sse4.2, popcnt, avx, avx2, aes, clmul, erms, 3dnowpref, lzcnt, tsc, tscinvbit, bmi1, bmi2, adx

Memory: 4k page, physical 16708944k(6302520k free), swap 25604932k(4022516k free)

vm_info: Java HotSpot(TM) Client VM (25.211-b12) for windows-x86 JRE (1.8.0_211-b12), built on Apr  1 2019 20:53:53 by "java_re" with MS VC++ 10.0 (VS2010)

time: Mon Jul 01 18:15:25 2019
timezone: Central Daylight Time
elapsed time: 117 seconds (0d 0h 1m 57s)

